DEBUG 2024-08-20 16:34:25,367 schema CREATE TABLE `django_migrations` (`id` bigint AUTO_INCREMENT NOT NULL PRIMARY KEY, `app` varchar(255) NOT NULL, `name` varchar(255) NOT NULL, `applied` datetime(6) NOT NULL); (params None)
DEBUG 2024-08-20 16:34:25,382 schema CREATE TABLE `django_content_type` (`id` integer AUTO_INCREMENT NOT NULL PRIMARY KEY, `name` varchar(100) NOT NULL, `app_label` varchar(100) NOT NULL, `model` varchar(100) NOT NULL); (params None)
DEBUG 2024-08-20 16:34:25,403 schema ALTER TABLE `django_content_type` ADD CONSTRAINT `django_content_type_app_label_model_76bd3d3b_uniq` UNIQUE (`app_label`, `model`); (params ())
DEBUG 2024-08-20 16:34:25,451 schema CREATE TABLE `auth_permission` (`id` integer AUTO_INCREMENT NOT NULL PRIMARY KEY, `name` varchar(50) NOT NULL, `content_type_id` integer NOT NULL, `codename` varchar(100) NOT NULL); (params None)
DEBUG 2024-08-20 16:34:25,481 schema CREATE TABLE `auth_group` (`id` integer AUTO_INCREMENT NOT NULL PRIMARY KEY, `name` varchar(80) NOT NULL UNIQUE); (params None)
DEBUG 2024-08-20 16:34:25,498 schema CREATE TABLE `auth_group_permissions` (`id` bigint AUTO_INCREMENT NOT NULL PRIMARY KEY, `group_id` integer NOT NULL, `permission_id` integer NOT NULL); (params None)
DEBUG 2024-08-20 16:34:25,560 schema CREATE TABLE `auth_user` (`id` integer AUTO_INCREMENT NOT NULL PRIMARY KEY, `password` varchar(128) NOT NULL, `last_login` datetime(6) NOT NULL, `is_superuser` bool NOT NULL, `username` varchar(30) NOT NULL UNIQUE, `first_name` varchar(30) NOT NULL, `last_name` varchar(30) NOT NULL, `email` varchar(75) NOT NULL, `is_staff` bool NOT NULL, `is_active` bool NOT NULL, `date_joined` datetime(6) NOT NULL); (params None)
DEBUG 2024-08-20 16:34:25,577 schema CREATE TABLE `auth_user_groups` (`id` bigint AUTO_INCREMENT NOT NULL PRIMARY KEY, `user_id` integer NOT NULL, `group_id` integer NOT NULL); (params None)
DEBUG 2024-08-20 16:34:25,613 schema CREATE TABLE `auth_user_user_permissions` (`id` bigint AUTO_INCREMENT NOT NULL PRIMARY KEY, `user_id` integer NOT NULL, `permission_id` integer NOT NULL); (params None)
DEBUG 2024-08-20 16:34:25,659 schema ALTER TABLE `auth_permission` ADD CONSTRAINT `auth_permission_content_type_id_codename_01ab375a_uniq` UNIQUE (`content_type_id`, `codename`); (params ())
DEBUG 2024-08-20 16:34:25,677 schema ALTER TABLE `auth_permission` ADD CONSTRAINT `auth_permission_content_type_id_2f476e4b_fk_django_co` FOREIGN KEY (`content_type_id`) REFERENCES `django_content_type` (`id`); (params ())
DEBUG 2024-08-20 16:34:25,701 schema ALTER TABLE `auth_group_permissions` ADD CONSTRAINT `auth_group_permissions_group_id_permission_id_0cd325b0_uniq` UNIQUE (`group_id`, `permission_id`); (params ())
DEBUG 2024-08-20 16:34:25,715 schema ALTER TABLE `auth_group_permissions` ADD CONSTRAINT `auth_group_permissions_group_id_b120cbf9_fk_auth_group_id` FOREIGN KEY (`group_id`) REFERENCES `auth_group` (`id`); (params ())
DEBUG 2024-08-20 16:34:25,742 schema ALTER TABLE `auth_group_permissions` ADD CONSTRAINT `auth_group_permissio_permission_id_84c5c92e_fk_auth_perm` FOREIGN KEY (`permission_id`) REFERENCES `auth_permission` (`id`); (params ())
DEBUG 2024-08-20 16:34:25,769 schema ALTER TABLE `auth_user_groups` ADD CONSTRAINT `auth_user_groups_user_id_group_id_94350c0c_uniq` UNIQUE (`user_id`, `group_id`); (params ())
DEBUG 2024-08-20 16:34:25,789 schema ALTER TABLE `auth_user_groups` ADD CONSTRAINT `auth_user_groups_user_id_6a12ed8b_fk_auth_user_id` FOREIGN KEY (`user_id`) REFERENCES `auth_user` (`id`); (params ())
DEBUG 2024-08-20 16:34:25,822 schema ALTER TABLE `auth_user_groups` ADD CONSTRAINT `auth_user_groups_group_id_97559544_fk_auth_group_id` FOREIGN KEY (`group_id`) REFERENCES `auth_group` (`id`); (params ())
DEBUG 2024-08-20 16:34:25,855 schema ALTER TABLE `auth_user_user_permissions` ADD CONSTRAINT `auth_user_user_permissions_user_id_permission_id_14a6b632_uniq` UNIQUE (`user_id`, `permission_id`); (params ())
DEBUG 2024-08-20 16:34:25,875 schema ALTER TABLE `auth_user_user_permissions` ADD CONSTRAINT `auth_user_user_permissions_user_id_a95ead1b_fk_auth_user_id` FOREIGN KEY (`user_id`) REFERENCES `auth_user` (`id`); (params ())
DEBUG 2024-08-20 16:34:25,899 schema ALTER TABLE `auth_user_user_permissions` ADD CONSTRAINT `auth_user_user_permi_permission_id_1fbb5f2c_fk_auth_perm` FOREIGN KEY (`permission_id`) REFERENCES `auth_permission` (`id`); (params ())
DEBUG 2024-08-20 16:34:25,945 schema CREATE TABLE `django_admin_log` (`id` integer AUTO_INCREMENT NOT NULL PRIMARY KEY, `action_time` datetime(6) NOT NULL, `object_id` longtext NULL, `object_repr` varchar(200) NOT NULL, `action_flag` smallint UNSIGNED NOT NULL CHECK (`action_flag` >= 0), `change_message` longtext NOT NULL, `content_type_id` integer NULL, `user_id` integer NOT NULL); (params None)
DEBUG 2024-08-20 16:34:25,984 schema ALTER TABLE `django_admin_log` ADD CONSTRAINT `django_admin_log_content_type_id_c4bce8eb_fk_django_co` FOREIGN KEY (`content_type_id`) REFERENCES `django_content_type` (`id`); (params ())
DEBUG 2024-08-20 16:34:26,021 schema ALTER TABLE `django_admin_log` ADD CONSTRAINT `django_admin_log_user_id_c564eba6_fk_auth_user_id` FOREIGN KEY (`user_id`) REFERENCES `auth_user` (`id`); (params ())
DEBUG 2024-08-20 16:34:26,124 schema ALTER TABLE `django_content_type` MODIFY `name` varchar(100) NULL; (params [])
DEBUG 2024-08-20 16:34:26,192 schema ALTER TABLE `django_content_type` DROP COLUMN `name`; (params ())
DEBUG 2024-08-20 16:34:26,236 schema ALTER TABLE `auth_permission` MODIFY `name` varchar(255) NOT NULL; (params [])
DEBUG 2024-08-20 16:34:26,279 schema ALTER TABLE `auth_user` MODIFY `email` varchar(254) NOT NULL; (params [])
DEBUG 2024-08-20 16:34:26,348 schema ALTER TABLE `auth_user` MODIFY `last_login` datetime(6) NULL; (params [])
DEBUG 2024-08-20 16:34:26,424 schema ALTER TABLE `auth_user` MODIFY `username` varchar(150) NOT NULL; (params [])
DEBUG 2024-08-20 16:34:26,478 schema ALTER TABLE `auth_user` MODIFY `last_name` varchar(150) NOT NULL; (params [])
DEBUG 2024-08-20 16:34:26,533 schema ALTER TABLE `auth_group` MODIFY `name` varchar(150) NOT NULL; (params [])
DEBUG 2024-08-20 16:34:26,633 schema ALTER TABLE `auth_user` MODIFY `first_name` varchar(150) NOT NULL; (params [])
DEBUG 2024-08-20 16:34:26,680 schema CREATE TABLE `doctor_onduty` (`id` bigint AUTO_INCREMENT NOT NULL PRIMARY KEY, `date` date NOT NULL, `time` smallint NOT NULL, `state` integer NOT NULL, `doctor_id` bigint NOT NULL); (params None)
DEBUG 2024-08-20 16:34:26,725 schema CREATE TABLE `doctor_treatment` (`id` bigint AUTO_INCREMENT NOT NULL PRIMARY KEY, `queue_id` integer NOT NULL, `time` datetime(6) NOT NULL, `advice` varchar(256) NOT NULL, `medicine` longtext NOT NULL, `price` numeric(5, 2) NOT NULL, `doctor_id` bigint NOT NULL, `patient_id` varchar(64) NOT NULL); (params None)
DEBUG 2024-08-20 16:34:26,767 schema ALTER TABLE `doctor_onduty` ADD CONSTRAINT `doctor_onduty_doctor_id_220e41a4_fk_doctors_related_view_id` FOREIGN KEY (`doctor_id`) REFERENCES `doctors_related_view` (`id`); (params ())
DEBUG 2024-08-20 16:37:03,555 schema CREATE TABLE `doctor_onduty` (`id` bigint AUTO_INCREMENT NOT NULL PRIMARY KEY, `date` date NOT NULL, `time` smallint NOT NULL, `state` integer NOT NULL, `doctor_id` bigint NOT NULL); (params None)
DEBUG 2024-08-20 16:37:55,845 schema CREATE TABLE `django_migrations` (`id` bigint AUTO_INCREMENT NOT NULL PRIMARY KEY, `app` varchar(255) NOT NULL, `name` varchar(255) NOT NULL, `applied` datetime(6) NOT NULL); (params None)
DEBUG 2024-08-20 16:37:55,869 schema CREATE TABLE `django_content_type` (`id` integer AUTO_INCREMENT NOT NULL PRIMARY KEY, `name` varchar(100) NOT NULL, `app_label` varchar(100) NOT NULL, `model` varchar(100) NOT NULL); (params None)
DEBUG 2024-08-20 16:37:55,894 schema ALTER TABLE `django_content_type` ADD CONSTRAINT `django_content_type_app_label_model_76bd3d3b_uniq` UNIQUE (`app_label`, `model`); (params ())
DEBUG 2024-08-20 16:37:55,954 schema CREATE TABLE `auth_permission` (`id` integer AUTO_INCREMENT NOT NULL PRIMARY KEY, `name` varchar(50) NOT NULL, `content_type_id` integer NOT NULL, `codename` varchar(100) NOT NULL); (params None)
DEBUG 2024-08-20 16:37:56,001 schema CREATE TABLE `auth_group` (`id` integer AUTO_INCREMENT NOT NULL PRIMARY KEY, `name` varchar(80) NOT NULL UNIQUE); (params None)
DEBUG 2024-08-20 16:37:56,020 schema CREATE TABLE `auth_group_permissions` (`id` bigint AUTO_INCREMENT NOT NULL PRIMARY KEY, `group_id` integer NOT NULL, `permission_id` integer NOT NULL); (params None)
DEBUG 2024-08-20 16:37:56,077 schema CREATE TABLE `auth_user` (`id` integer AUTO_INCREMENT NOT NULL PRIMARY KEY, `password` varchar(128) NOT NULL, `last_login` datetime(6) NOT NULL, `is_superuser` bool NOT NULL, `username` varchar(30) NOT NULL UNIQUE, `first_name` varchar(30) NOT NULL, `last_name` varchar(30) NOT NULL, `email` varchar(75) NOT NULL, `is_staff` bool NOT NULL, `is_active` bool NOT NULL, `date_joined` datetime(6) NOT NULL); (params None)
DEBUG 2024-08-20 16:37:56,096 schema CREATE TABLE `auth_user_groups` (`id` bigint AUTO_INCREMENT NOT NULL PRIMARY KEY, `user_id` integer NOT NULL, `group_id` integer NOT NULL); (params None)
DEBUG 2024-08-20 16:37:56,148 schema CREATE TABLE `auth_user_user_permissions` (`id` bigint AUTO_INCREMENT NOT NULL PRIMARY KEY, `user_id` integer NOT NULL, `permission_id` integer NOT NULL); (params None)
DEBUG 2024-08-20 16:37:56,192 schema ALTER TABLE `auth_permission` ADD CONSTRAINT `auth_permission_content_type_id_codename_01ab375a_uniq` UNIQUE (`content_type_id`, `codename`); (params ())
DEBUG 2024-08-20 16:37:56,213 schema ALTER TABLE `auth_permission` ADD CONSTRAINT `auth_permission_content_type_id_2f476e4b_fk_django_co` FOREIGN KEY (`content_type_id`) REFERENCES `django_content_type` (`id`); (params ())
DEBUG 2024-08-20 16:37:56,240 schema ALTER TABLE `auth_group_permissions` ADD CONSTRAINT `auth_group_permissions_group_id_permission_id_0cd325b0_uniq` UNIQUE (`group_id`, `permission_id`); (params ())
DEBUG 2024-08-20 16:37:56,262 schema ALTER TABLE `auth_group_permissions` ADD CONSTRAINT `auth_group_permissions_group_id_b120cbf9_fk_auth_group_id` FOREIGN KEY (`group_id`) REFERENCES `auth_group` (`id`); (params ())
DEBUG 2024-08-20 16:37:56,294 schema ALTER TABLE `auth_group_permissions` ADD CONSTRAINT `auth_group_permissio_permission_id_84c5c92e_fk_auth_perm` FOREIGN KEY (`permission_id`) REFERENCES `auth_permission` (`id`); (params ())
DEBUG 2024-08-20 16:37:56,326 schema ALTER TABLE `auth_user_groups` ADD CONSTRAINT `auth_user_groups_user_id_group_id_94350c0c_uniq` UNIQUE (`user_id`, `group_id`); (params ())
DEBUG 2024-08-20 16:37:56,349 schema ALTER TABLE `auth_user_groups` ADD CONSTRAINT `auth_user_groups_user_id_6a12ed8b_fk_auth_user_id` FOREIGN KEY (`user_id`) REFERENCES `auth_user` (`id`); (params ())
DEBUG 2024-08-20 16:37:56,384 schema ALTER TABLE `auth_user_groups` ADD CONSTRAINT `auth_user_groups_group_id_97559544_fk_auth_group_id` FOREIGN KEY (`group_id`) REFERENCES `auth_group` (`id`); (params ())
DEBUG 2024-08-20 16:37:56,412 schema ALTER TABLE `auth_user_user_permissions` ADD CONSTRAINT `auth_user_user_permissions_user_id_permission_id_14a6b632_uniq` UNIQUE (`user_id`, `permission_id`); (params ())
DEBUG 2024-08-20 16:37:56,431 schema ALTER TABLE `auth_user_user_permissions` ADD CONSTRAINT `auth_user_user_permissions_user_id_a95ead1b_fk_auth_user_id` FOREIGN KEY (`user_id`) REFERENCES `auth_user` (`id`); (params ())
DEBUG 2024-08-20 16:37:56,463 schema ALTER TABLE `auth_user_user_permissions` ADD CONSTRAINT `auth_user_user_permi_permission_id_1fbb5f2c_fk_auth_perm` FOREIGN KEY (`permission_id`) REFERENCES `auth_permission` (`id`); (params ())
DEBUG 2024-08-20 16:37:56,519 schema CREATE TABLE `django_admin_log` (`id` integer AUTO_INCREMENT NOT NULL PRIMARY KEY, `action_time` datetime(6) NOT NULL, `object_id` longtext NULL, `object_repr` varchar(200) NOT NULL, `action_flag` smallint UNSIGNED NOT NULL CHECK (`action_flag` >= 0), `change_message` longtext NOT NULL, `content_type_id` integer NULL, `user_id` integer NOT NULL); (params None)
DEBUG 2024-08-20 16:37:56,569 schema ALTER TABLE `django_admin_log` ADD CONSTRAINT `django_admin_log_content_type_id_c4bce8eb_fk_django_co` FOREIGN KEY (`content_type_id`) REFERENCES `django_content_type` (`id`); (params ())
DEBUG 2024-08-20 16:37:56,598 schema ALTER TABLE `django_admin_log` ADD CONSTRAINT `django_admin_log_user_id_c564eba6_fk_auth_user_id` FOREIGN KEY (`user_id`) REFERENCES `auth_user` (`id`); (params ())
DEBUG 2024-08-20 16:37:56,736 schema ALTER TABLE `django_content_type` MODIFY `name` varchar(100) NULL; (params [])
DEBUG 2024-08-20 16:37:56,828 schema ALTER TABLE `django_content_type` DROP COLUMN `name`; (params ())
DEBUG 2024-08-20 16:37:56,874 schema ALTER TABLE `auth_permission` MODIFY `name` varchar(255) NOT NULL; (params [])
DEBUG 2024-08-20 16:37:56,925 schema ALTER TABLE `auth_user` MODIFY `email` varchar(254) NOT NULL; (params [])
DEBUG 2024-08-20 16:37:56,995 schema ALTER TABLE `auth_user` MODIFY `last_login` datetime(6) NULL; (params [])
DEBUG 2024-08-20 16:37:57,090 schema ALTER TABLE `auth_user` MODIFY `username` varchar(150) NOT NULL; (params [])
DEBUG 2024-08-20 16:37:57,139 schema ALTER TABLE `auth_user` MODIFY `last_name` varchar(150) NOT NULL; (params [])
DEBUG 2024-08-20 16:37:57,199 schema ALTER TABLE `auth_group` MODIFY `name` varchar(150) NOT NULL; (params [])
DEBUG 2024-08-20 16:37:57,320 schema ALTER TABLE `auth_user` MODIFY `first_name` varchar(150) NOT NULL; (params [])
DEBUG 2024-08-20 16:37:57,378 schema CREATE TABLE `doctor_onduty` (`id` bigint AUTO_INCREMENT NOT NULL PRIMARY KEY, `date` date NOT NULL, `time` smallint NOT NULL, `state` integer NOT NULL, `doctor_id` bigint NOT NULL); (params None)
DEBUG 2024-08-20 16:37:57,418 schema CREATE TABLE `doctor_treatment` (`id` bigint AUTO_INCREMENT NOT NULL PRIMARY KEY, `queue_id` integer NOT NULL, `time` datetime(6) NOT NULL, `advice` varchar(256) NOT NULL, `medicine` longtext NOT NULL, `price` numeric(5, 2) NOT NULL, `doctor_id` bigint NOT NULL, `patient_id` varchar(64) NOT NULL); (params None)
DEBUG 2024-08-20 16:37:57,485 schema ALTER TABLE `doctor_onduty` ADD CONSTRAINT `doctor_onduty_doctor_id_220e41a4_fk_doctors_related_view_id` FOREIGN KEY (`doctor_id`) REFERENCES `doctors_related_view` (`id`); (params ())
DEBUG 2024-08-20 16:42:15,562 schema CREATE TABLE `django_migrations` (`id` bigint AUTO_INCREMENT NOT NULL PRIMARY KEY, `app` varchar(255) NOT NULL, `name` varchar(255) NOT NULL, `applied` datetime(6) NOT NULL); (params None)
DEBUG 2024-08-20 16:42:15,587 schema CREATE TABLE `django_content_type` (`id` integer AUTO_INCREMENT NOT NULL PRIMARY KEY, `name` varchar(100) NOT NULL, `app_label` varchar(100) NOT NULL, `model` varchar(100) NOT NULL); (params None)
DEBUG 2024-08-20 16:42:15,609 schema ALTER TABLE `django_content_type` ADD CONSTRAINT `django_content_type_app_label_model_76bd3d3b_uniq` UNIQUE (`app_label`, `model`); (params ())
DEBUG 2024-08-20 16:42:15,682 schema CREATE TABLE `auth_permission` (`id` integer AUTO_INCREMENT NOT NULL PRIMARY KEY, `name` varchar(50) NOT NULL, `content_type_id` integer NOT NULL, `codename` varchar(100) NOT NULL); (params None)
DEBUG 2024-08-20 16:42:15,724 schema CREATE TABLE `auth_group` (`id` integer AUTO_INCREMENT NOT NULL PRIMARY KEY, `name` varchar(80) NOT NULL UNIQUE); (params None)
DEBUG 2024-08-20 16:42:15,767 schema CREATE TABLE `auth_group_permissions` (`id` bigint AUTO_INCREMENT NOT NULL PRIMARY KEY, `group_id` integer NOT NULL, `permission_id` integer NOT NULL); (params None)
DEBUG 2024-08-20 16:42:15,853 schema CREATE TABLE `auth_user` (`id` integer AUTO_INCREMENT NOT NULL PRIMARY KEY, `password` varchar(128) NOT NULL, `last_login` datetime(6) NOT NULL, `is_superuser` bool NOT NULL, `username` varchar(30) NOT NULL UNIQUE, `first_name` varchar(30) NOT NULL, `last_name` varchar(30) NOT NULL, `email` varchar(75) NOT NULL, `is_staff` bool NOT NULL, `is_active` bool NOT NULL, `date_joined` datetime(6) NOT NULL); (params None)
DEBUG 2024-08-20 16:42:15,958 schema CREATE TABLE `auth_user_groups` (`id` bigint AUTO_INCREMENT NOT NULL PRIMARY KEY, `user_id` integer NOT NULL, `group_id` integer NOT NULL); (params None)
DEBUG 2024-08-20 16:42:16,042 schema CREATE TABLE `auth_user_user_permissions` (`id` bigint AUTO_INCREMENT NOT NULL PRIMARY KEY, `user_id` integer NOT NULL, `permission_id` integer NOT NULL); (params None)
DEBUG 2024-08-20 16:42:16,174 schema ALTER TABLE `auth_permission` ADD CONSTRAINT `auth_permission_content_type_id_codename_01ab375a_uniq` UNIQUE (`content_type_id`, `codename`); (params ())
DEBUG 2024-08-20 16:42:16,232 schema ALTER TABLE `auth_permission` ADD CONSTRAINT `auth_permission_content_type_id_2f476e4b_fk_django_co` FOREIGN KEY (`content_type_id`) REFERENCES `django_content_type` (`id`); (params ())
DEBUG 2024-08-20 16:42:16,266 schema ALTER TABLE `auth_group_permissions` ADD CONSTRAINT `auth_group_permissions_group_id_permission_id_0cd325b0_uniq` UNIQUE (`group_id`, `permission_id`); (params ())
DEBUG 2024-08-20 16:42:16,306 schema ALTER TABLE `auth_group_permissions` ADD CONSTRAINT `auth_group_permissions_group_id_b120cbf9_fk_auth_group_id` FOREIGN KEY (`group_id`) REFERENCES `auth_group` (`id`); (params ())
DEBUG 2024-08-20 16:42:16,334 schema ALTER TABLE `auth_group_permissions` ADD CONSTRAINT `auth_group_permissio_permission_id_84c5c92e_fk_auth_perm` FOREIGN KEY (`permission_id`) REFERENCES `auth_permission` (`id`); (params ())
DEBUG 2024-08-20 16:42:16,370 schema ALTER TABLE `auth_user_groups` ADD CONSTRAINT `auth_user_groups_user_id_group_id_94350c0c_uniq` UNIQUE (`user_id`, `group_id`); (params ())
DEBUG 2024-08-20 16:42:16,409 schema ALTER TABLE `auth_user_groups` ADD CONSTRAINT `auth_user_groups_user_id_6a12ed8b_fk_auth_user_id` FOREIGN KEY (`user_id`) REFERENCES `auth_user` (`id`); (params ())
DEBUG 2024-08-20 16:42:16,464 schema ALTER TABLE `auth_user_groups` ADD CONSTRAINT `auth_user_groups_group_id_97559544_fk_auth_group_id` FOREIGN KEY (`group_id`) REFERENCES `auth_group` (`id`); (params ())
DEBUG 2024-08-20 16:42:16,492 schema ALTER TABLE `auth_user_user_permissions` ADD CONSTRAINT `auth_user_user_permissions_user_id_permission_id_14a6b632_uniq` UNIQUE (`user_id`, `permission_id`); (params ())
DEBUG 2024-08-20 16:42:16,537 schema ALTER TABLE `auth_user_user_permissions` ADD CONSTRAINT `auth_user_user_permissions_user_id_a95ead1b_fk_auth_user_id` FOREIGN KEY (`user_id`) REFERENCES `auth_user` (`id`); (params ())
DEBUG 2024-08-20 16:42:16,565 schema ALTER TABLE `auth_user_user_permissions` ADD CONSTRAINT `auth_user_user_permi_permission_id_1fbb5f2c_fk_auth_perm` FOREIGN KEY (`permission_id`) REFERENCES `auth_permission` (`id`); (params ())
DEBUG 2024-08-20 16:42:16,633 schema CREATE TABLE `django_admin_log` (`id` integer AUTO_INCREMENT NOT NULL PRIMARY KEY, `action_time` datetime(6) NOT NULL, `object_id` longtext NULL, `object_repr` varchar(200) NOT NULL, `action_flag` smallint UNSIGNED NOT NULL CHECK (`action_flag` >= 0), `change_message` longtext NOT NULL, `content_type_id` integer NULL, `user_id` integer NOT NULL); (params None)
DEBUG 2024-08-20 16:42:16,701 schema ALTER TABLE `django_admin_log` ADD CONSTRAINT `django_admin_log_content_type_id_c4bce8eb_fk_django_co` FOREIGN KEY (`content_type_id`) REFERENCES `django_content_type` (`id`); (params ())
DEBUG 2024-08-20 16:42:16,734 schema ALTER TABLE `django_admin_log` ADD CONSTRAINT `django_admin_log_user_id_c564eba6_fk_auth_user_id` FOREIGN KEY (`user_id`) REFERENCES `auth_user` (`id`); (params ())
DEBUG 2024-08-20 16:42:16,879 schema ALTER TABLE `django_content_type` MODIFY `name` varchar(100) NULL; (params [])
DEBUG 2024-08-20 16:42:16,979 schema ALTER TABLE `django_content_type` DROP COLUMN `name`; (params ())
DEBUG 2024-08-20 16:42:17,036 schema ALTER TABLE `auth_permission` MODIFY `name` varchar(255) NOT NULL; (params [])
DEBUG 2024-08-20 16:42:17,085 schema ALTER TABLE `auth_user` MODIFY `email` varchar(254) NOT NULL; (params [])
DEBUG 2024-08-20 16:42:17,175 schema ALTER TABLE `auth_user` MODIFY `last_login` datetime(6) NULL; (params [])
DEBUG 2024-08-20 16:42:17,271 schema ALTER TABLE `auth_user` MODIFY `username` varchar(150) NOT NULL; (params [])
DEBUG 2024-08-20 16:42:17,318 schema ALTER TABLE `auth_user` MODIFY `last_name` varchar(150) NOT NULL; (params [])
DEBUG 2024-08-20 16:42:17,365 schema ALTER TABLE `auth_group` MODIFY `name` varchar(150) NOT NULL; (params [])
DEBUG 2024-08-20 16:42:17,490 schema ALTER TABLE `auth_user` MODIFY `first_name` varchar(150) NOT NULL; (params [])
DEBUG 2024-08-20 16:42:17,550 schema CREATE TABLE `doctor_onduty` (`id` bigint AUTO_INCREMENT NOT NULL PRIMARY KEY, `date` date NOT NULL, `time` smallint NOT NULL, `state` integer NOT NULL, `doctor_id` bigint NOT NULL); (params None)
DEBUG 2024-08-20 16:42:17,600 schema CREATE TABLE `doctor_treatment` (`id` bigint AUTO_INCREMENT NOT NULL PRIMARY KEY, `queue_id` integer NOT NULL, `time` datetime(6) NOT NULL, `advice` varchar(256) NOT NULL, `medicine` longtext NOT NULL, `price` numeric(5, 2) NOT NULL, `doctor_id` bigint NOT NULL, `patient_id` varchar(64) NOT NULL); (params None)
DEBUG 2024-08-20 16:42:17,657 schema ALTER TABLE `doctor_onduty` ADD CONSTRAINT `doctor_onduty_doctor_id_220e41a4_fk_doctors_related_view_id` FOREIGN KEY (`doctor_id`) REFERENCES `doctors_related_view` (`id`); (params ())
DEBUG 2024-08-20 16:50:26,586 schema CREATE TABLE `django_migrations` (`id` bigint AUTO_INCREMENT NOT NULL PRIMARY KEY, `app` varchar(255) NOT NULL, `name` varchar(255) NOT NULL, `applied` datetime(6) NOT NULL); (params None)
DEBUG 2024-08-20 16:50:26,607 schema CREATE TABLE `django_content_type` (`id` integer AUTO_INCREMENT NOT NULL PRIMARY KEY, `name` varchar(100) NOT NULL, `app_label` varchar(100) NOT NULL, `model` varchar(100) NOT NULL); (params None)
DEBUG 2024-08-20 16:50:26,630 schema ALTER TABLE `django_content_type` ADD CONSTRAINT `django_content_type_app_label_model_76bd3d3b_uniq` UNIQUE (`app_label`, `model`); (params ())
DEBUG 2024-08-20 16:50:26,681 schema CREATE TABLE `auth_permission` (`id` integer AUTO_INCREMENT NOT NULL PRIMARY KEY, `name` varchar(50) NOT NULL, `content_type_id` integer NOT NULL, `codename` varchar(100) NOT NULL); (params None)
DEBUG 2024-08-20 16:50:26,728 schema CREATE TABLE `auth_group` (`id` integer AUTO_INCREMENT NOT NULL PRIMARY KEY, `name` varchar(80) NOT NULL UNIQUE); (params None)
DEBUG 2024-08-20 16:50:26,758 schema CREATE TABLE `auth_group_permissions` (`id` bigint AUTO_INCREMENT NOT NULL PRIMARY KEY, `group_id` integer NOT NULL, `permission_id` integer NOT NULL); (params None)
DEBUG 2024-08-20 16:50:26,827 schema CREATE TABLE `auth_user` (`id` integer AUTO_INCREMENT NOT NULL PRIMARY KEY, `password` varchar(128) NOT NULL, `last_login` datetime(6) NOT NULL, `is_superuser` bool NOT NULL, `username` varchar(30) NOT NULL UNIQUE, `first_name` varchar(30) NOT NULL, `last_name` varchar(30) NOT NULL, `email` varchar(75) NOT NULL, `is_staff` bool NOT NULL, `is_active` bool NOT NULL, `date_joined` datetime(6) NOT NULL); (params None)
DEBUG 2024-08-20 16:50:26,851 schema CREATE TABLE `auth_user_groups` (`id` bigint AUTO_INCREMENT NOT NULL PRIMARY KEY, `user_id` integer NOT NULL, `group_id` integer NOT NULL); (params None)
DEBUG 2024-08-20 16:50:26,905 schema CREATE TABLE `auth_user_user_permissions` (`id` bigint AUTO_INCREMENT NOT NULL PRIMARY KEY, `user_id` integer NOT NULL, `permission_id` integer NOT NULL); (params None)
DEBUG 2024-08-20 16:50:26,952 schema ALTER TABLE `auth_permission` ADD CONSTRAINT `auth_permission_content_type_id_codename_01ab375a_uniq` UNIQUE (`content_type_id`, `codename`); (params ())
DEBUG 2024-08-20 16:50:26,973 schema ALTER TABLE `auth_permission` ADD CONSTRAINT `auth_permission_content_type_id_2f476e4b_fk_django_co` FOREIGN KEY (`content_type_id`) REFERENCES `django_content_type` (`id`); (params ())
DEBUG 2024-08-20 16:50:27,006 schema ALTER TABLE `auth_group_permissions` ADD CONSTRAINT `auth_group_permissions_group_id_permission_id_0cd325b0_uniq` UNIQUE (`group_id`, `permission_id`); (params ())
DEBUG 2024-08-20 16:50:27,026 schema ALTER TABLE `auth_group_permissions` ADD CONSTRAINT `auth_group_permissions_group_id_b120cbf9_fk_auth_group_id` FOREIGN KEY (`group_id`) REFERENCES `auth_group` (`id`); (params ())
DEBUG 2024-08-20 16:50:27,052 schema ALTER TABLE `auth_group_permissions` ADD CONSTRAINT `auth_group_permissio_permission_id_84c5c92e_fk_auth_perm` FOREIGN KEY (`permission_id`) REFERENCES `auth_permission` (`id`); (params ())
DEBUG 2024-08-20 16:50:27,081 schema ALTER TABLE `auth_user_groups` ADD CONSTRAINT `auth_user_groups_user_id_group_id_94350c0c_uniq` UNIQUE (`user_id`, `group_id`); (params ())
DEBUG 2024-08-20 16:50:27,107 schema ALTER TABLE `auth_user_groups` ADD CONSTRAINT `auth_user_groups_user_id_6a12ed8b_fk_auth_user_id` FOREIGN KEY (`user_id`) REFERENCES `auth_user` (`id`); (params ())
DEBUG 2024-08-20 16:50:27,139 schema ALTER TABLE `auth_user_groups` ADD CONSTRAINT `auth_user_groups_group_id_97559544_fk_auth_group_id` FOREIGN KEY (`group_id`) REFERENCES `auth_group` (`id`); (params ())
DEBUG 2024-08-20 16:50:27,168 schema ALTER TABLE `auth_user_user_permissions` ADD CONSTRAINT `auth_user_user_permissions_user_id_permission_id_14a6b632_uniq` UNIQUE (`user_id`, `permission_id`); (params ())
DEBUG 2024-08-20 16:50:27,193 schema ALTER TABLE `auth_user_user_permissions` ADD CONSTRAINT `auth_user_user_permissions_user_id_a95ead1b_fk_auth_user_id` FOREIGN KEY (`user_id`) REFERENCES `auth_user` (`id`); (params ())
DEBUG 2024-08-20 16:50:27,222 schema ALTER TABLE `auth_user_user_permissions` ADD CONSTRAINT `auth_user_user_permi_permission_id_1fbb5f2c_fk_auth_perm` FOREIGN KEY (`permission_id`) REFERENCES `auth_permission` (`id`); (params ())
DEBUG 2024-08-20 16:50:27,268 schema CREATE TABLE `django_admin_log` (`id` integer AUTO_INCREMENT NOT NULL PRIMARY KEY, `action_time` datetime(6) NOT NULL, `object_id` longtext NULL, `object_repr` varchar(200) NOT NULL, `action_flag` smallint UNSIGNED NOT NULL CHECK (`action_flag` >= 0), `change_message` longtext NOT NULL, `content_type_id` integer NULL, `user_id` integer NOT NULL); (params None)
DEBUG 2024-08-20 16:50:27,319 schema ALTER TABLE `django_admin_log` ADD CONSTRAINT `django_admin_log_content_type_id_c4bce8eb_fk_django_co` FOREIGN KEY (`content_type_id`) REFERENCES `django_content_type` (`id`); (params ())
DEBUG 2024-08-20 16:50:27,357 schema ALTER TABLE `django_admin_log` ADD CONSTRAINT `django_admin_log_user_id_c564eba6_fk_auth_user_id` FOREIGN KEY (`user_id`) REFERENCES `auth_user` (`id`); (params ())
DEBUG 2024-08-20 16:50:27,480 schema ALTER TABLE `django_content_type` MODIFY `name` varchar(100) NULL; (params [])
DEBUG 2024-08-20 16:50:27,572 schema ALTER TABLE `django_content_type` DROP COLUMN `name`; (params ())
DEBUG 2024-08-20 16:50:27,650 schema ALTER TABLE `auth_permission` MODIFY `name` varchar(255) NOT NULL; (params [])
DEBUG 2024-08-20 16:50:27,702 schema ALTER TABLE `auth_user` MODIFY `email` varchar(254) NOT NULL; (params [])
DEBUG 2024-08-20 16:50:27,781 schema ALTER TABLE `auth_user` MODIFY `last_login` datetime(6) NULL; (params [])
DEBUG 2024-08-20 16:50:27,876 schema ALTER TABLE `auth_user` MODIFY `username` varchar(150) NOT NULL; (params [])
DEBUG 2024-08-20 16:50:27,929 schema ALTER TABLE `auth_user` MODIFY `last_name` varchar(150) NOT NULL; (params [])
DEBUG 2024-08-20 16:50:27,988 schema ALTER TABLE `auth_group` MODIFY `name` varchar(150) NOT NULL; (params [])
DEBUG 2024-08-20 16:50:28,089 schema ALTER TABLE `auth_user` MODIFY `first_name` varchar(150) NOT NULL; (params [])
DEBUG 2024-08-20 16:50:28,139 schema CREATE VIEW doctors_related_view AS
            SELECT *
            FROM administrator_service.doctors;; (params None)
DEBUG 2024-08-20 16:51:17,026 schema CREATE VIEW doctors_related_view AS
            SELECT *
            FROM administrator.doctors;; (params None)
DEBUG 2024-08-20 16:57:12,828 schema CREATE TABLE `django_migrations` (`id` bigint AUTO_INCREMENT NOT NULL PRIMARY KEY, `app` varchar(255) NOT NULL, `name` varchar(255) NOT NULL, `applied` datetime(6) NOT NULL); (params None)
DEBUG 2024-08-20 16:57:12,852 schema CREATE TABLE `django_content_type` (`id` integer AUTO_INCREMENT NOT NULL PRIMARY KEY, `name` varchar(100) NOT NULL, `app_label` varchar(100) NOT NULL, `model` varchar(100) NOT NULL); (params None)
DEBUG 2024-08-20 16:57:12,877 schema ALTER TABLE `django_content_type` ADD CONSTRAINT `django_content_type_app_label_model_76bd3d3b_uniq` UNIQUE (`app_label`, `model`); (params ())
DEBUG 2024-08-20 16:57:12,926 schema CREATE TABLE `auth_permission` (`id` integer AUTO_INCREMENT NOT NULL PRIMARY KEY, `name` varchar(50) NOT NULL, `content_type_id` integer NOT NULL, `codename` varchar(100) NOT NULL); (params None)
DEBUG 2024-08-20 16:57:12,960 schema CREATE TABLE `auth_group` (`id` integer AUTO_INCREMENT NOT NULL PRIMARY KEY, `name` varchar(80) NOT NULL UNIQUE); (params None)
DEBUG 2024-08-20 16:57:12,977 schema CREATE TABLE `auth_group_permissions` (`id` bigint AUTO_INCREMENT NOT NULL PRIMARY KEY, `group_id` integer NOT NULL, `permission_id` integer NOT NULL); (params None)
DEBUG 2024-08-20 16:57:13,020 schema CREATE TABLE `auth_user` (`id` integer AUTO_INCREMENT NOT NULL PRIMARY KEY, `password` varchar(128) NOT NULL, `last_login` datetime(6) NOT NULL, `is_superuser` bool NOT NULL, `username` varchar(30) NOT NULL UNIQUE, `first_name` varchar(30) NOT NULL, `last_name` varchar(30) NOT NULL, `email` varchar(75) NOT NULL, `is_staff` bool NOT NULL, `is_active` bool NOT NULL, `date_joined` datetime(6) NOT NULL); (params None)
DEBUG 2024-08-20 16:57:13,041 schema CREATE TABLE `auth_user_groups` (`id` bigint AUTO_INCREMENT NOT NULL PRIMARY KEY, `user_id` integer NOT NULL, `group_id` integer NOT NULL); (params None)
DEBUG 2024-08-20 16:57:13,086 schema CREATE TABLE `auth_user_user_permissions` (`id` bigint AUTO_INCREMENT NOT NULL PRIMARY KEY, `user_id` integer NOT NULL, `permission_id` integer NOT NULL); (params None)
DEBUG 2024-08-20 16:57:13,132 schema ALTER TABLE `auth_permission` ADD CONSTRAINT `auth_permission_content_type_id_codename_01ab375a_uniq` UNIQUE (`content_type_id`, `codename`); (params ())
DEBUG 2024-08-20 16:57:13,159 schema ALTER TABLE `auth_permission` ADD CONSTRAINT `auth_permission_content_type_id_2f476e4b_fk_django_co` FOREIGN KEY (`content_type_id`) REFERENCES `django_content_type` (`id`); (params ())
DEBUG 2024-08-20 16:57:13,187 schema ALTER TABLE `auth_group_permissions` ADD CONSTRAINT `auth_group_permissions_group_id_permission_id_0cd325b0_uniq` UNIQUE (`group_id`, `permission_id`); (params ())
DEBUG 2024-08-20 16:57:13,205 schema ALTER TABLE `auth_group_permissions` ADD CONSTRAINT `auth_group_permissions_group_id_b120cbf9_fk_auth_group_id` FOREIGN KEY (`group_id`) REFERENCES `auth_group` (`id`); (params ())
DEBUG 2024-08-20 16:57:13,228 schema ALTER TABLE `auth_group_permissions` ADD CONSTRAINT `auth_group_permissio_permission_id_84c5c92e_fk_auth_perm` FOREIGN KEY (`permission_id`) REFERENCES `auth_permission` (`id`); (params ())
DEBUG 2024-08-20 16:57:13,256 schema ALTER TABLE `auth_user_groups` ADD CONSTRAINT `auth_user_groups_user_id_group_id_94350c0c_uniq` UNIQUE (`user_id`, `group_id`); (params ())
DEBUG 2024-08-20 16:57:13,274 schema ALTER TABLE `auth_user_groups` ADD CONSTRAINT `auth_user_groups_user_id_6a12ed8b_fk_auth_user_id` FOREIGN KEY (`user_id`) REFERENCES `auth_user` (`id`); (params ())
DEBUG 2024-08-20 16:57:13,298 schema ALTER TABLE `auth_user_groups` ADD CONSTRAINT `auth_user_groups_group_id_97559544_fk_auth_group_id` FOREIGN KEY (`group_id`) REFERENCES `auth_group` (`id`); (params ())
DEBUG 2024-08-20 16:57:13,326 schema ALTER TABLE `auth_user_user_permissions` ADD CONSTRAINT `auth_user_user_permissions_user_id_permission_id_14a6b632_uniq` UNIQUE (`user_id`, `permission_id`); (params ())
DEBUG 2024-08-20 16:57:13,346 schema ALTER TABLE `auth_user_user_permissions` ADD CONSTRAINT `auth_user_user_permissions_user_id_a95ead1b_fk_auth_user_id` FOREIGN KEY (`user_id`) REFERENCES `auth_user` (`id`); (params ())
DEBUG 2024-08-20 16:57:13,370 schema ALTER TABLE `auth_user_user_permissions` ADD CONSTRAINT `auth_user_user_permi_permission_id_1fbb5f2c_fk_auth_perm` FOREIGN KEY (`permission_id`) REFERENCES `auth_permission` (`id`); (params ())
DEBUG 2024-08-20 16:57:13,415 schema CREATE TABLE `django_admin_log` (`id` integer AUTO_INCREMENT NOT NULL PRIMARY KEY, `action_time` datetime(6) NOT NULL, `object_id` longtext NULL, `object_repr` varchar(200) NOT NULL, `action_flag` smallint UNSIGNED NOT NULL CHECK (`action_flag` >= 0), `change_message` longtext NOT NULL, `content_type_id` integer NULL, `user_id` integer NOT NULL); (params None)
DEBUG 2024-08-20 16:57:13,463 schema ALTER TABLE `django_admin_log` ADD CONSTRAINT `django_admin_log_content_type_id_c4bce8eb_fk_django_co` FOREIGN KEY (`content_type_id`) REFERENCES `django_content_type` (`id`); (params ())
DEBUG 2024-08-20 16:57:13,490 schema ALTER TABLE `django_admin_log` ADD CONSTRAINT `django_admin_log_user_id_c564eba6_fk_auth_user_id` FOREIGN KEY (`user_id`) REFERENCES `auth_user` (`id`); (params ())
DEBUG 2024-08-20 16:57:13,594 schema ALTER TABLE `django_content_type` MODIFY `name` varchar(100) NULL; (params [])
DEBUG 2024-08-20 16:57:13,674 schema ALTER TABLE `django_content_type` DROP COLUMN `name`; (params ())
DEBUG 2024-08-20 16:57:13,716 schema ALTER TABLE `auth_permission` MODIFY `name` varchar(255) NOT NULL; (params [])
DEBUG 2024-08-20 16:57:13,766 schema ALTER TABLE `auth_user` MODIFY `email` varchar(254) NOT NULL; (params [])
DEBUG 2024-08-20 16:57:13,839 schema ALTER TABLE `auth_user` MODIFY `last_login` datetime(6) NULL; (params [])
DEBUG 2024-08-20 16:57:13,927 schema ALTER TABLE `auth_user` MODIFY `username` varchar(150) NOT NULL; (params [])
DEBUG 2024-08-20 16:57:13,979 schema ALTER TABLE `auth_user` MODIFY `last_name` varchar(150) NOT NULL; (params [])
DEBUG 2024-08-20 16:57:14,039 schema ALTER TABLE `auth_group` MODIFY `name` varchar(150) NOT NULL; (params [])
DEBUG 2024-08-20 16:57:14,152 schema ALTER TABLE `auth_user` MODIFY `first_name` varchar(150) NOT NULL; (params [])
DEBUG 2024-08-20 16:57:14,235 schema CREATE TABLE `doctor_onduty` (`id` bigint AUTO_INCREMENT NOT NULL PRIMARY KEY, `date` date NOT NULL, `time` smallint NOT NULL, `state` integer NOT NULL, `doctor_id` bigint NOT NULL); (params None)
DEBUG 2024-08-20 16:57:14,272 schema CREATE TABLE `doctor_treatment` (`id` bigint AUTO_INCREMENT NOT NULL PRIMARY KEY, `queue_id` integer NOT NULL, `time` datetime(6) NOT NULL, `advice` varchar(256) NOT NULL, `medicine` longtext NOT NULL, `price` numeric(5, 2) NOT NULL, `doctor_id` bigint NOT NULL, `patient_id` varchar(64) NOT NULL); (params None)
DEBUG 2024-08-20 16:57:14,317 schema ALTER TABLE `doctor_onduty` ADD CONSTRAINT `doctor_onduty_doctor_id_220e41a4_fk_doctors_related_view_id` FOREIGN KEY (`doctor_id`) REFERENCES `doctors_related_view` (`id`); (params ())
DEBUG 2024-08-20 16:59:08,046 schema CREATE TABLE `doctor_onduty` (`id` bigint AUTO_INCREMENT NOT NULL PRIMARY KEY, `date` date NOT NULL, `time` smallint NOT NULL, `state` integer NOT NULL, `doctor_id` bigint NOT NULL); (params None)
DEBUG 2024-08-20 16:59:38,744 schema CREATE TABLE `django_migrations` (`id` bigint AUTO_INCREMENT NOT NULL PRIMARY KEY, `app` varchar(255) NOT NULL, `name` varchar(255) NOT NULL, `applied` datetime(6) NOT NULL); (params None)
DEBUG 2024-08-20 16:59:38,769 schema CREATE TABLE `django_content_type` (`id` integer AUTO_INCREMENT NOT NULL PRIMARY KEY, `name` varchar(100) NOT NULL, `app_label` varchar(100) NOT NULL, `model` varchar(100) NOT NULL); (params None)
DEBUG 2024-08-20 16:59:38,795 schema ALTER TABLE `django_content_type` ADD CONSTRAINT `django_content_type_app_label_model_76bd3d3b_uniq` UNIQUE (`app_label`, `model`); (params ())
DEBUG 2024-08-20 16:59:38,851 schema CREATE TABLE `auth_permission` (`id` integer AUTO_INCREMENT NOT NULL PRIMARY KEY, `name` varchar(50) NOT NULL, `content_type_id` integer NOT NULL, `codename` varchar(100) NOT NULL); (params None)
DEBUG 2024-08-20 16:59:38,892 schema CREATE TABLE `auth_group` (`id` integer AUTO_INCREMENT NOT NULL PRIMARY KEY, `name` varchar(80) NOT NULL UNIQUE); (params None)
DEBUG 2024-08-20 16:59:38,928 schema CREATE TABLE `auth_group_permissions` (`id` bigint AUTO_INCREMENT NOT NULL PRIMARY KEY, `group_id` integer NOT NULL, `permission_id` integer NOT NULL); (params None)
DEBUG 2024-08-20 16:59:38,972 schema CREATE TABLE `auth_user` (`id` integer AUTO_INCREMENT NOT NULL PRIMARY KEY, `password` varchar(128) NOT NULL, `last_login` datetime(6) NOT NULL, `is_superuser` bool NOT NULL, `username` varchar(30) NOT NULL UNIQUE, `first_name` varchar(30) NOT NULL, `last_name` varchar(30) NOT NULL, `email` varchar(75) NOT NULL, `is_staff` bool NOT NULL, `is_active` bool NOT NULL, `date_joined` datetime(6) NOT NULL); (params None)
DEBUG 2024-08-20 16:59:39,075 schema CREATE TABLE `auth_user_groups` (`id` bigint AUTO_INCREMENT NOT NULL PRIMARY KEY, `user_id` integer NOT NULL, `group_id` integer NOT NULL); (params None)
DEBUG 2024-08-20 16:59:39,118 schema CREATE TABLE `auth_user_user_permissions` (`id` bigint AUTO_INCREMENT NOT NULL PRIMARY KEY, `user_id` integer NOT NULL, `permission_id` integer NOT NULL); (params None)
DEBUG 2024-08-20 16:59:39,160 schema ALTER TABLE `auth_permission` ADD CONSTRAINT `auth_permission_content_type_id_codename_01ab375a_uniq` UNIQUE (`content_type_id`, `codename`); (params ())
DEBUG 2024-08-20 16:59:39,179 schema ALTER TABLE `auth_permission` ADD CONSTRAINT `auth_permission_content_type_id_2f476e4b_fk_django_co` FOREIGN KEY (`content_type_id`) REFERENCES `django_content_type` (`id`); (params ())
DEBUG 2024-08-20 16:59:39,204 schema ALTER TABLE `auth_group_permissions` ADD CONSTRAINT `auth_group_permissions_group_id_permission_id_0cd325b0_uniq` UNIQUE (`group_id`, `permission_id`); (params ())
DEBUG 2024-08-20 16:59:39,222 schema ALTER TABLE `auth_group_permissions` ADD CONSTRAINT `auth_group_permissions_group_id_b120cbf9_fk_auth_group_id` FOREIGN KEY (`group_id`) REFERENCES `auth_group` (`id`); (params ())
DEBUG 2024-08-20 16:59:39,245 schema ALTER TABLE `auth_group_permissions` ADD CONSTRAINT `auth_group_permissio_permission_id_84c5c92e_fk_auth_perm` FOREIGN KEY (`permission_id`) REFERENCES `auth_permission` (`id`); (params ())
DEBUG 2024-08-20 16:59:39,271 schema ALTER TABLE `auth_user_groups` ADD CONSTRAINT `auth_user_groups_user_id_group_id_94350c0c_uniq` UNIQUE (`user_id`, `group_id`); (params ())
DEBUG 2024-08-20 16:59:39,288 schema ALTER TABLE `auth_user_groups` ADD CONSTRAINT `auth_user_groups_user_id_6a12ed8b_fk_auth_user_id` FOREIGN KEY (`user_id`) REFERENCES `auth_user` (`id`); (params ())
DEBUG 2024-08-20 16:59:39,311 schema ALTER TABLE `auth_user_groups` ADD CONSTRAINT `auth_user_groups_group_id_97559544_fk_auth_group_id` FOREIGN KEY (`group_id`) REFERENCES `auth_group` (`id`); (params ())
DEBUG 2024-08-20 16:59:39,335 schema ALTER TABLE `auth_user_user_permissions` ADD CONSTRAINT `auth_user_user_permissions_user_id_permission_id_14a6b632_uniq` UNIQUE (`user_id`, `permission_id`); (params ())
DEBUG 2024-08-20 16:59:39,354 schema ALTER TABLE `auth_user_user_permissions` ADD CONSTRAINT `auth_user_user_permissions_user_id_a95ead1b_fk_auth_user_id` FOREIGN KEY (`user_id`) REFERENCES `auth_user` (`id`); (params ())
DEBUG 2024-08-20 16:59:39,383 schema ALTER TABLE `auth_user_user_permissions` ADD CONSTRAINT `auth_user_user_permi_permission_id_1fbb5f2c_fk_auth_perm` FOREIGN KEY (`permission_id`) REFERENCES `auth_permission` (`id`); (params ())
DEBUG 2024-08-20 16:59:39,426 schema CREATE TABLE `django_admin_log` (`id` integer AUTO_INCREMENT NOT NULL PRIMARY KEY, `action_time` datetime(6) NOT NULL, `object_id` longtext NULL, `object_repr` varchar(200) NOT NULL, `action_flag` smallint UNSIGNED NOT NULL CHECK (`action_flag` >= 0), `change_message` longtext NOT NULL, `content_type_id` integer NULL, `user_id` integer NOT NULL); (params None)
DEBUG 2024-08-20 16:59:39,472 schema ALTER TABLE `django_admin_log` ADD CONSTRAINT `django_admin_log_content_type_id_c4bce8eb_fk_django_co` FOREIGN KEY (`content_type_id`) REFERENCES `django_content_type` (`id`); (params ())
DEBUG 2024-08-20 16:59:39,498 schema ALTER TABLE `django_admin_log` ADD CONSTRAINT `django_admin_log_user_id_c564eba6_fk_auth_user_id` FOREIGN KEY (`user_id`) REFERENCES `auth_user` (`id`); (params ())
DEBUG 2024-08-20 16:59:39,606 schema ALTER TABLE `django_content_type` MODIFY `name` varchar(100) NULL; (params [])
DEBUG 2024-08-20 16:59:39,679 schema ALTER TABLE `django_content_type` DROP COLUMN `name`; (params ())
DEBUG 2024-08-20 16:59:39,720 schema ALTER TABLE `auth_permission` MODIFY `name` varchar(255) NOT NULL; (params [])
DEBUG 2024-08-20 16:59:39,767 schema ALTER TABLE `auth_user` MODIFY `email` varchar(254) NOT NULL; (params [])
DEBUG 2024-08-20 16:59:39,837 schema ALTER TABLE `auth_user` MODIFY `last_login` datetime(6) NULL; (params [])
DEBUG 2024-08-20 16:59:39,922 schema ALTER TABLE `auth_user` MODIFY `username` varchar(150) NOT NULL; (params [])
DEBUG 2024-08-20 16:59:39,972 schema ALTER TABLE `auth_user` MODIFY `last_name` varchar(150) NOT NULL; (params [])
DEBUG 2024-08-20 16:59:40,018 schema ALTER TABLE `auth_group` MODIFY `name` varchar(150) NOT NULL; (params [])
DEBUG 2024-08-20 16:59:40,124 schema ALTER TABLE `auth_user` MODIFY `first_name` varchar(150) NOT NULL; (params [])
DEBUG 2024-08-20 16:59:40,193 schema CREATE TABLE `doctor_onduty` (`id` bigint AUTO_INCREMENT NOT NULL PRIMARY KEY, `date` date NOT NULL, `time` smallint NOT NULL, `state` integer NOT NULL, `doctor_id` bigint NOT NULL); (params None)
DEBUG 2024-08-20 16:59:40,227 schema CREATE TABLE `doctor_treatment` (`id` bigint AUTO_INCREMENT NOT NULL PRIMARY KEY, `queue_id` integer NOT NULL, `time` datetime(6) NOT NULL, `advice` varchar(256) NOT NULL, `medicine` longtext NOT NULL, `price` numeric(5, 2) NOT NULL, `doctor_id` bigint NOT NULL, `patient_id` varchar(64) NOT NULL); (params None)
DEBUG 2024-08-20 16:59:40,271 schema ALTER TABLE `doctor_onduty` ADD CONSTRAINT `doctor_onduty_doctor_id_220e41a4_fk_administrator_doctors_id` FOREIGN KEY (`doctor_id`) REFERENCES `administrator_doctors` (`id`); (params ())
DEBUG 2024-08-20 17:06:55,736 schema CREATE TABLE `django_migrations` (`id` bigint AUTO_INCREMENT NOT NULL PRIMARY KEY, `app` varchar(255) NOT NULL, `name` varchar(255) NOT NULL, `applied` datetime(6) NOT NULL); (params None)
DEBUG 2024-08-20 17:06:55,751 schema CREATE TABLE `django_content_type` (`id` integer AUTO_INCREMENT NOT NULL PRIMARY KEY, `name` varchar(100) NOT NULL, `app_label` varchar(100) NOT NULL, `model` varchar(100) NOT NULL); (params None)
DEBUG 2024-08-20 17:06:55,773 schema ALTER TABLE `django_content_type` ADD CONSTRAINT `django_content_type_app_label_model_76bd3d3b_uniq` UNIQUE (`app_label`, `model`); (params ())
DEBUG 2024-08-20 17:06:55,822 schema CREATE TABLE `auth_permission` (`id` integer AUTO_INCREMENT NOT NULL PRIMARY KEY, `name` varchar(50) NOT NULL, `content_type_id` integer NOT NULL, `codename` varchar(100) NOT NULL); (params None)
DEBUG 2024-08-20 17:06:55,853 schema CREATE TABLE `auth_group` (`id` integer AUTO_INCREMENT NOT NULL PRIMARY KEY, `name` varchar(80) NOT NULL UNIQUE); (params None)
DEBUG 2024-08-20 17:06:55,871 schema CREATE TABLE `auth_group_permissions` (`id` bigint AUTO_INCREMENT NOT NULL PRIMARY KEY, `group_id` integer NOT NULL, `permission_id` integer NOT NULL); (params None)
DEBUG 2024-08-20 17:06:55,914 schema CREATE TABLE `auth_user` (`id` integer AUTO_INCREMENT NOT NULL PRIMARY KEY, `password` varchar(128) NOT NULL, `last_login` datetime(6) NOT NULL, `is_superuser` bool NOT NULL, `username` varchar(30) NOT NULL UNIQUE, `first_name` varchar(30) NOT NULL, `last_name` varchar(30) NOT NULL, `email` varchar(75) NOT NULL, `is_staff` bool NOT NULL, `is_active` bool NOT NULL, `date_joined` datetime(6) NOT NULL); (params None)
DEBUG 2024-08-20 17:06:55,930 schema CREATE TABLE `auth_user_groups` (`id` bigint AUTO_INCREMENT NOT NULL PRIMARY KEY, `user_id` integer NOT NULL, `group_id` integer NOT NULL); (params None)
DEBUG 2024-08-20 17:06:55,971 schema CREATE TABLE `auth_user_user_permissions` (`id` bigint AUTO_INCREMENT NOT NULL PRIMARY KEY, `user_id` integer NOT NULL, `permission_id` integer NOT NULL); (params None)
DEBUG 2024-08-20 17:06:56,010 schema ALTER TABLE `auth_permission` ADD CONSTRAINT `auth_permission_content_type_id_codename_01ab375a_uniq` UNIQUE (`content_type_id`, `codename`); (params ())
DEBUG 2024-08-20 17:06:56,027 schema ALTER TABLE `auth_permission` ADD CONSTRAINT `auth_permission_content_type_id_2f476e4b_fk_django_co` FOREIGN KEY (`content_type_id`) REFERENCES `django_content_type` (`id`); (params ())
DEBUG 2024-08-20 17:06:56,052 schema ALTER TABLE `auth_group_permissions` ADD CONSTRAINT `auth_group_permissions_group_id_permission_id_0cd325b0_uniq` UNIQUE (`group_id`, `permission_id`); (params ())
DEBUG 2024-08-20 17:06:56,068 schema ALTER TABLE `auth_group_permissions` ADD CONSTRAINT `auth_group_permissions_group_id_b120cbf9_fk_auth_group_id` FOREIGN KEY (`group_id`) REFERENCES `auth_group` (`id`); (params ())
DEBUG 2024-08-20 17:06:56,090 schema ALTER TABLE `auth_group_permissions` ADD CONSTRAINT `auth_group_permissio_permission_id_84c5c92e_fk_auth_perm` FOREIGN KEY (`permission_id`) REFERENCES `auth_permission` (`id`); (params ())
DEBUG 2024-08-20 17:06:56,115 schema ALTER TABLE `auth_user_groups` ADD CONSTRAINT `auth_user_groups_user_id_group_id_94350c0c_uniq` UNIQUE (`user_id`, `group_id`); (params ())
DEBUG 2024-08-20 17:06:56,132 schema ALTER TABLE `auth_user_groups` ADD CONSTRAINT `auth_user_groups_user_id_6a12ed8b_fk_auth_user_id` FOREIGN KEY (`user_id`) REFERENCES `auth_user` (`id`); (params ())
DEBUG 2024-08-20 17:06:56,156 schema ALTER TABLE `auth_user_groups` ADD CONSTRAINT `auth_user_groups_group_id_97559544_fk_auth_group_id` FOREIGN KEY (`group_id`) REFERENCES `auth_group` (`id`); (params ())
DEBUG 2024-08-20 17:06:56,181 schema ALTER TABLE `auth_user_user_permissions` ADD CONSTRAINT `auth_user_user_permissions_user_id_permission_id_14a6b632_uniq` UNIQUE (`user_id`, `permission_id`); (params ())
DEBUG 2024-08-20 17:06:56,196 schema ALTER TABLE `auth_user_user_permissions` ADD CONSTRAINT `auth_user_user_permissions_user_id_a95ead1b_fk_auth_user_id` FOREIGN KEY (`user_id`) REFERENCES `auth_user` (`id`); (params ())
DEBUG 2024-08-20 17:06:56,220 schema ALTER TABLE `auth_user_user_permissions` ADD CONSTRAINT `auth_user_user_permi_permission_id_1fbb5f2c_fk_auth_perm` FOREIGN KEY (`permission_id`) REFERENCES `auth_permission` (`id`); (params ())
DEBUG 2024-08-20 17:06:56,266 schema CREATE TABLE `django_admin_log` (`id` integer AUTO_INCREMENT NOT NULL PRIMARY KEY, `action_time` datetime(6) NOT NULL, `object_id` longtext NULL, `object_repr` varchar(200) NOT NULL, `action_flag` smallint UNSIGNED NOT NULL CHECK (`action_flag` >= 0), `change_message` longtext NOT NULL, `content_type_id` integer NULL, `user_id` integer NOT NULL); (params None)
DEBUG 2024-08-20 17:06:56,307 schema ALTER TABLE `django_admin_log` ADD CONSTRAINT `django_admin_log_content_type_id_c4bce8eb_fk_django_co` FOREIGN KEY (`content_type_id`) REFERENCES `django_content_type` (`id`); (params ())
DEBUG 2024-08-20 17:06:56,333 schema ALTER TABLE `django_admin_log` ADD CONSTRAINT `django_admin_log_user_id_c564eba6_fk_auth_user_id` FOREIGN KEY (`user_id`) REFERENCES `auth_user` (`id`); (params ())
DEBUG 2024-08-20 17:06:56,428 schema ALTER TABLE `django_content_type` MODIFY `name` varchar(100) NULL; (params [])
DEBUG 2024-08-20 17:06:56,492 schema ALTER TABLE `django_content_type` DROP COLUMN `name`; (params ())
DEBUG 2024-08-20 17:06:56,531 schema ALTER TABLE `auth_permission` MODIFY `name` varchar(255) NOT NULL; (params [])
DEBUG 2024-08-20 17:06:56,572 schema ALTER TABLE `auth_user` MODIFY `email` varchar(254) NOT NULL; (params [])
DEBUG 2024-08-20 17:06:56,631 schema ALTER TABLE `auth_user` MODIFY `last_login` datetime(6) NULL; (params [])
DEBUG 2024-08-20 17:06:56,699 schema ALTER TABLE `auth_user` MODIFY `username` varchar(150) NOT NULL; (params [])
DEBUG 2024-08-20 17:06:56,743 schema ALTER TABLE `auth_user` MODIFY `last_name` varchar(150) NOT NULL; (params [])
DEBUG 2024-08-20 17:06:56,791 schema ALTER TABLE `auth_group` MODIFY `name` varchar(150) NOT NULL; (params [])
DEBUG 2024-08-20 17:06:56,884 schema ALTER TABLE `auth_user` MODIFY `first_name` varchar(150) NOT NULL; (params [])
DEBUG 2024-08-20 17:06:56,956 schema CREATE TABLE `doctor_onduty` (`id` bigint AUTO_INCREMENT NOT NULL PRIMARY KEY, `date` date NOT NULL, `time` smallint NOT NULL, `state` integer NOT NULL, `doctor_id` bigint NOT NULL); (params None)
DEBUG 2024-08-20 17:06:56,989 schema CREATE TABLE `doctor_treatment` (`id` bigint AUTO_INCREMENT NOT NULL PRIMARY KEY, `queue_id` integer NOT NULL, `time` datetime(6) NOT NULL, `advice` varchar(256) NOT NULL, `medicine` longtext NOT NULL, `price` numeric(5, 2) NOT NULL, `doctor_id` bigint NOT NULL, `patient_id` varchar(64) NOT NULL); (params None)
DEBUG 2024-08-20 17:06:57,028 schema ALTER TABLE `doctor_onduty` ADD CONSTRAINT `doctor_onduty_doctor_id_220e41a4_fk_administrator_doctors_id` FOREIGN KEY (`doctor_id`) REFERENCES `administrator_doctors` (`id`); (params ())
DEBUG 2024-08-20 17:18:39,295 schema CREATE TABLE `doctor_onduty` (`id` bigint AUTO_INCREMENT NOT NULL PRIMARY KEY, `date` date NOT NULL, `time` smallint NOT NULL, `state` integer NOT NULL, `doctor_id` bigint NOT NULL); (params None)
DEBUG 2024-08-20 17:18:59,522 schema CREATE TABLE `django_migrations` (`id` bigint AUTO_INCREMENT NOT NULL PRIMARY KEY, `app` varchar(255) NOT NULL, `name` varchar(255) NOT NULL, `applied` datetime(6) NOT NULL); (params None)
DEBUG 2024-08-20 17:18:59,537 schema CREATE TABLE `django_content_type` (`id` integer AUTO_INCREMENT NOT NULL PRIMARY KEY, `name` varchar(100) NOT NULL, `app_label` varchar(100) NOT NULL, `model` varchar(100) NOT NULL); (params None)
DEBUG 2024-08-20 17:18:59,557 schema ALTER TABLE `django_content_type` ADD CONSTRAINT `django_content_type_app_label_model_76bd3d3b_uniq` UNIQUE (`app_label`, `model`); (params ())
DEBUG 2024-08-20 17:18:59,598 schema CREATE TABLE `auth_permission` (`id` integer AUTO_INCREMENT NOT NULL PRIMARY KEY, `name` varchar(50) NOT NULL, `content_type_id` integer NOT NULL, `codename` varchar(100) NOT NULL); (params None)
DEBUG 2024-08-20 17:18:59,628 schema CREATE TABLE `auth_group` (`id` integer AUTO_INCREMENT NOT NULL PRIMARY KEY, `name` varchar(80) NOT NULL UNIQUE); (params None)
DEBUG 2024-08-20 17:18:59,644 schema CREATE TABLE `auth_group_permissions` (`id` bigint AUTO_INCREMENT NOT NULL PRIMARY KEY, `group_id` integer NOT NULL, `permission_id` integer NOT NULL); (params None)
DEBUG 2024-08-20 17:18:59,685 schema CREATE TABLE `auth_user` (`id` integer AUTO_INCREMENT NOT NULL PRIMARY KEY, `password` varchar(128) NOT NULL, `last_login` datetime(6) NOT NULL, `is_superuser` bool NOT NULL, `username` varchar(30) NOT NULL UNIQUE, `first_name` varchar(30) NOT NULL, `last_name` varchar(30) NOT NULL, `email` varchar(75) NOT NULL, `is_staff` bool NOT NULL, `is_active` bool NOT NULL, `date_joined` datetime(6) NOT NULL); (params None)
DEBUG 2024-08-20 17:18:59,700 schema CREATE TABLE `auth_user_groups` (`id` bigint AUTO_INCREMENT NOT NULL PRIMARY KEY, `user_id` integer NOT NULL, `group_id` integer NOT NULL); (params None)
DEBUG 2024-08-20 17:18:59,738 schema CREATE TABLE `auth_user_user_permissions` (`id` bigint AUTO_INCREMENT NOT NULL PRIMARY KEY, `user_id` integer NOT NULL, `permission_id` integer NOT NULL); (params None)
DEBUG 2024-08-20 17:18:59,775 schema ALTER TABLE `auth_permission` ADD CONSTRAINT `auth_permission_content_type_id_codename_01ab375a_uniq` UNIQUE (`content_type_id`, `codename`); (params ())
DEBUG 2024-08-20 17:18:59,791 schema ALTER TABLE `auth_permission` ADD CONSTRAINT `auth_permission_content_type_id_2f476e4b_fk_django_co` FOREIGN KEY (`content_type_id`) REFERENCES `django_content_type` (`id`); (params ())
DEBUG 2024-08-20 17:18:59,812 schema ALTER TABLE `auth_group_permissions` ADD CONSTRAINT `auth_group_permissions_group_id_permission_id_0cd325b0_uniq` UNIQUE (`group_id`, `permission_id`); (params ())
DEBUG 2024-08-20 17:18:59,829 schema ALTER TABLE `auth_group_permissions` ADD CONSTRAINT `auth_group_permissions_group_id_b120cbf9_fk_auth_group_id` FOREIGN KEY (`group_id`) REFERENCES `auth_group` (`id`); (params ())
DEBUG 2024-08-20 17:18:59,849 schema ALTER TABLE `auth_group_permissions` ADD CONSTRAINT `auth_group_permissio_permission_id_84c5c92e_fk_auth_perm` FOREIGN KEY (`permission_id`) REFERENCES `auth_permission` (`id`); (params ())
DEBUG 2024-08-20 17:18:59,875 schema ALTER TABLE `auth_user_groups` ADD CONSTRAINT `auth_user_groups_user_id_group_id_94350c0c_uniq` UNIQUE (`user_id`, `group_id`); (params ())
DEBUG 2024-08-20 17:18:59,891 schema ALTER TABLE `auth_user_groups` ADD CONSTRAINT `auth_user_groups_user_id_6a12ed8b_fk_auth_user_id` FOREIGN KEY (`user_id`) REFERENCES `auth_user` (`id`); (params ())
DEBUG 2024-08-20 17:18:59,913 schema ALTER TABLE `auth_user_groups` ADD CONSTRAINT `auth_user_groups_group_id_97559544_fk_auth_group_id` FOREIGN KEY (`group_id`) REFERENCES `auth_group` (`id`); (params ())
DEBUG 2024-08-20 17:18:59,937 schema ALTER TABLE `auth_user_user_permissions` ADD CONSTRAINT `auth_user_user_permissions_user_id_permission_id_14a6b632_uniq` UNIQUE (`user_id`, `permission_id`); (params ())
DEBUG 2024-08-20 17:18:59,953 schema ALTER TABLE `auth_user_user_permissions` ADD CONSTRAINT `auth_user_user_permissions_user_id_a95ead1b_fk_auth_user_id` FOREIGN KEY (`user_id`) REFERENCES `auth_user` (`id`); (params ())
DEBUG 2024-08-20 17:18:59,975 schema ALTER TABLE `auth_user_user_permissions` ADD CONSTRAINT `auth_user_user_permi_permission_id_1fbb5f2c_fk_auth_perm` FOREIGN KEY (`permission_id`) REFERENCES `auth_permission` (`id`); (params ())
DEBUG 2024-08-20 17:19:00,012 schema CREATE TABLE `django_admin_log` (`id` integer AUTO_INCREMENT NOT NULL PRIMARY KEY, `action_time` datetime(6) NOT NULL, `object_id` longtext NULL, `object_repr` varchar(200) NOT NULL, `action_flag` smallint UNSIGNED NOT NULL CHECK (`action_flag` >= 0), `change_message` longtext NOT NULL, `content_type_id` integer NULL, `user_id` integer NOT NULL); (params None)
DEBUG 2024-08-20 17:19:00,049 schema ALTER TABLE `django_admin_log` ADD CONSTRAINT `django_admin_log_content_type_id_c4bce8eb_fk_django_co` FOREIGN KEY (`content_type_id`) REFERENCES `django_content_type` (`id`); (params ())
DEBUG 2024-08-20 17:19:00,074 schema ALTER TABLE `django_admin_log` ADD CONSTRAINT `django_admin_log_user_id_c564eba6_fk_auth_user_id` FOREIGN KEY (`user_id`) REFERENCES `auth_user` (`id`); (params ())
DEBUG 2024-08-20 17:19:00,158 schema ALTER TABLE `django_content_type` MODIFY `name` varchar(100) NULL; (params [])
DEBUG 2024-08-20 17:19:00,219 schema ALTER TABLE `django_content_type` DROP COLUMN `name`; (params ())
DEBUG 2024-08-20 17:19:00,257 schema ALTER TABLE `auth_permission` MODIFY `name` varchar(255) NOT NULL; (params [])
DEBUG 2024-08-20 17:19:00,302 schema ALTER TABLE `auth_user` MODIFY `email` varchar(254) NOT NULL; (params [])
DEBUG 2024-08-20 17:19:00,358 schema ALTER TABLE `auth_user` MODIFY `last_login` datetime(6) NULL; (params [])
DEBUG 2024-08-20 17:19:00,426 schema ALTER TABLE `auth_user` MODIFY `username` varchar(150) NOT NULL; (params [])
DEBUG 2024-08-20 17:19:00,469 schema ALTER TABLE `auth_user` MODIFY `last_name` varchar(150) NOT NULL; (params [])
DEBUG 2024-08-20 17:19:00,511 schema ALTER TABLE `auth_group` MODIFY `name` varchar(150) NOT NULL; (params [])
DEBUG 2024-08-20 17:19:00,595 schema ALTER TABLE `auth_user` MODIFY `first_name` varchar(150) NOT NULL; (params [])
DEBUG 2024-08-20 17:19:00,658 schema CREATE TABLE `doctor_onduty` (`id` bigint AUTO_INCREMENT NOT NULL PRIMARY KEY, `date` date NOT NULL, `time` smallint NOT NULL, `state` integer NOT NULL, `doctor_id` bigint NOT NULL); (params None)
DEBUG 2024-08-20 17:19:00,697 schema CREATE TABLE `doctor_treatment` (`id` bigint AUTO_INCREMENT NOT NULL PRIMARY KEY, `queue_id` integer NOT NULL, `time` datetime(6) NOT NULL, `advice` varchar(256) NOT NULL, `medicine` longtext NOT NULL, `price` numeric(5, 2) NOT NULL, `doctor_id` bigint NOT NULL, `patient_id` varchar(64) NOT NULL); (params None)
DEBUG 2024-08-20 17:19:00,734 schema ALTER TABLE `doctor_onduty` ADD CONSTRAINT `doctor_onduty_doctor_id_220e41a4_fk_administrator_doctors_id` FOREIGN KEY (`doctor_id`) REFERENCES `administrator_doctors` (`id`); (params ())
DEBUG 2024-08-20 17:20:04,880 schema CREATE TABLE `django_migrations` (`id` bigint AUTO_INCREMENT NOT NULL PRIMARY KEY, `app` varchar(255) NOT NULL, `name` varchar(255) NOT NULL, `applied` datetime(6) NOT NULL); (params None)
DEBUG 2024-08-20 17:20:04,896 schema CREATE TABLE `django_content_type` (`id` integer AUTO_INCREMENT NOT NULL PRIMARY KEY, `name` varchar(100) NOT NULL, `app_label` varchar(100) NOT NULL, `model` varchar(100) NOT NULL); (params None)
DEBUG 2024-08-20 17:20:04,915 schema ALTER TABLE `django_content_type` ADD CONSTRAINT `django_content_type_app_label_model_76bd3d3b_uniq` UNIQUE (`app_label`, `model`); (params ())
DEBUG 2024-08-20 17:20:04,958 schema CREATE TABLE `auth_permission` (`id` integer AUTO_INCREMENT NOT NULL PRIMARY KEY, `name` varchar(50) NOT NULL, `content_type_id` integer NOT NULL, `codename` varchar(100) NOT NULL); (params None)
DEBUG 2024-08-20 17:20:04,984 schema CREATE TABLE `auth_group` (`id` integer AUTO_INCREMENT NOT NULL PRIMARY KEY, `name` varchar(80) NOT NULL UNIQUE); (params None)
DEBUG 2024-08-20 17:20:04,997 schema CREATE TABLE `auth_group_permissions` (`id` bigint AUTO_INCREMENT NOT NULL PRIMARY KEY, `group_id` integer NOT NULL, `permission_id` integer NOT NULL); (params None)
DEBUG 2024-08-20 17:20:05,033 schema CREATE TABLE `auth_user` (`id` integer AUTO_INCREMENT NOT NULL PRIMARY KEY, `password` varchar(128) NOT NULL, `last_login` datetime(6) NOT NULL, `is_superuser` bool NOT NULL, `username` varchar(30) NOT NULL UNIQUE, `first_name` varchar(30) NOT NULL, `last_name` varchar(30) NOT NULL, `email` varchar(75) NOT NULL, `is_staff` bool NOT NULL, `is_active` bool NOT NULL, `date_joined` datetime(6) NOT NULL); (params None)
DEBUG 2024-08-20 17:20:05,048 schema CREATE TABLE `auth_user_groups` (`id` bigint AUTO_INCREMENT NOT NULL PRIMARY KEY, `user_id` integer NOT NULL, `group_id` integer NOT NULL); (params None)
DEBUG 2024-08-20 17:20:05,084 schema CREATE TABLE `auth_user_user_permissions` (`id` bigint AUTO_INCREMENT NOT NULL PRIMARY KEY, `user_id` integer NOT NULL, `permission_id` integer NOT NULL); (params None)
DEBUG 2024-08-20 17:20:05,117 schema ALTER TABLE `auth_permission` ADD CONSTRAINT `auth_permission_content_type_id_codename_01ab375a_uniq` UNIQUE (`content_type_id`, `codename`); (params ())
DEBUG 2024-08-20 17:20:05,133 schema ALTER TABLE `auth_permission` ADD CONSTRAINT `auth_permission_content_type_id_2f476e4b_fk_django_co` FOREIGN KEY (`content_type_id`) REFERENCES `django_content_type` (`id`); (params ())
DEBUG 2024-08-20 17:20:05,156 schema ALTER TABLE `auth_group_permissions` ADD CONSTRAINT `auth_group_permissions_group_id_permission_id_0cd325b0_uniq` UNIQUE (`group_id`, `permission_id`); (params ())
DEBUG 2024-08-20 17:20:05,170 schema ALTER TABLE `auth_group_permissions` ADD CONSTRAINT `auth_group_permissions_group_id_b120cbf9_fk_auth_group_id` FOREIGN KEY (`group_id`) REFERENCES `auth_group` (`id`); (params ())
DEBUG 2024-08-20 17:20:05,196 schema ALTER TABLE `auth_group_permissions` ADD CONSTRAINT `auth_group_permissio_permission_id_84c5c92e_fk_auth_perm` FOREIGN KEY (`permission_id`) REFERENCES `auth_permission` (`id`); (params ())
DEBUG 2024-08-20 17:20:05,217 schema ALTER TABLE `auth_user_groups` ADD CONSTRAINT `auth_user_groups_user_id_group_id_94350c0c_uniq` UNIQUE (`user_id`, `group_id`); (params ())
DEBUG 2024-08-20 17:20:05,233 schema ALTER TABLE `auth_user_groups` ADD CONSTRAINT `auth_user_groups_user_id_6a12ed8b_fk_auth_user_id` FOREIGN KEY (`user_id`) REFERENCES `auth_user` (`id`); (params ())
DEBUG 2024-08-20 17:20:05,257 schema ALTER TABLE `auth_user_groups` ADD CONSTRAINT `auth_user_groups_group_id_97559544_fk_auth_group_id` FOREIGN KEY (`group_id`) REFERENCES `auth_group` (`id`); (params ())
DEBUG 2024-08-20 17:20:05,280 schema ALTER TABLE `auth_user_user_permissions` ADD CONSTRAINT `auth_user_user_permissions_user_id_permission_id_14a6b632_uniq` UNIQUE (`user_id`, `permission_id`); (params ())
DEBUG 2024-08-20 17:20:05,295 schema ALTER TABLE `auth_user_user_permissions` ADD CONSTRAINT `auth_user_user_permissions_user_id_a95ead1b_fk_auth_user_id` FOREIGN KEY (`user_id`) REFERENCES `auth_user` (`id`); (params ())
DEBUG 2024-08-20 17:20:05,317 schema ALTER TABLE `auth_user_user_permissions` ADD CONSTRAINT `auth_user_user_permi_permission_id_1fbb5f2c_fk_auth_perm` FOREIGN KEY (`permission_id`) REFERENCES `auth_permission` (`id`); (params ())
DEBUG 2024-08-20 17:20:05,355 schema CREATE TABLE `django_admin_log` (`id` integer AUTO_INCREMENT NOT NULL PRIMARY KEY, `action_time` datetime(6) NOT NULL, `object_id` longtext NULL, `object_repr` varchar(200) NOT NULL, `action_flag` smallint UNSIGNED NOT NULL CHECK (`action_flag` >= 0), `change_message` longtext NOT NULL, `content_type_id` integer NULL, `user_id` integer NOT NULL); (params None)
DEBUG 2024-08-20 17:20:05,394 schema ALTER TABLE `django_admin_log` ADD CONSTRAINT `django_admin_log_content_type_id_c4bce8eb_fk_django_co` FOREIGN KEY (`content_type_id`) REFERENCES `django_content_type` (`id`); (params ())
DEBUG 2024-08-20 17:20:05,418 schema ALTER TABLE `django_admin_log` ADD CONSTRAINT `django_admin_log_user_id_c564eba6_fk_auth_user_id` FOREIGN KEY (`user_id`) REFERENCES `auth_user` (`id`); (params ())
DEBUG 2024-08-20 17:20:05,501 schema ALTER TABLE `django_content_type` MODIFY `name` varchar(100) NULL; (params [])
DEBUG 2024-08-20 17:20:05,563 schema ALTER TABLE `django_content_type` DROP COLUMN `name`; (params ())
DEBUG 2024-08-20 17:20:05,599 schema ALTER TABLE `auth_permission` MODIFY `name` varchar(255) NOT NULL; (params [])
DEBUG 2024-08-20 17:20:05,640 schema ALTER TABLE `auth_user` MODIFY `email` varchar(254) NOT NULL; (params [])
DEBUG 2024-08-20 17:20:05,713 schema ALTER TABLE `auth_user` MODIFY `last_login` datetime(6) NULL; (params [])
DEBUG 2024-08-20 17:20:05,781 schema ALTER TABLE `auth_user` MODIFY `username` varchar(150) NOT NULL; (params [])
DEBUG 2024-08-20 17:20:05,824 schema ALTER TABLE `auth_user` MODIFY `last_name` varchar(150) NOT NULL; (params [])
DEBUG 2024-08-20 17:20:05,869 schema ALTER TABLE `auth_group` MODIFY `name` varchar(150) NOT NULL; (params [])
DEBUG 2024-08-20 17:20:05,956 schema ALTER TABLE `auth_user` MODIFY `first_name` varchar(150) NOT NULL; (params [])
DEBUG 2024-08-20 17:20:06,019 schema CREATE TABLE `doctor_onduty` (`id` bigint AUTO_INCREMENT NOT NULL PRIMARY KEY, `date` date NOT NULL, `time` smallint NOT NULL, `state` integer NOT NULL, `doctor_id` bigint NOT NULL); (params None)
DEBUG 2024-08-20 17:20:06,054 schema CREATE TABLE `doctor_treatment` (`id` bigint AUTO_INCREMENT NOT NULL PRIMARY KEY, `queue_id` integer NOT NULL, `time` datetime(6) NOT NULL, `advice` varchar(256) NOT NULL, `medicine` longtext NOT NULL, `price` numeric(5, 2) NOT NULL, `doctor_id` bigint NOT NULL, `patient_id` varchar(64) NOT NULL); (params None)
DEBUG 2024-08-20 17:20:06,091 schema ALTER TABLE `doctor_onduty` ADD CONSTRAINT `doctor_onduty_doctor_id_220e41a4_fk_administrator_doctors_id` FOREIGN KEY (`doctor_id`) REFERENCES `administrator_doctors` (`id`); (params ())
DEBUG 2024-08-20 17:27:56,094 schema CREATE TABLE `django_migrations` (`id` bigint AUTO_INCREMENT NOT NULL PRIMARY KEY, `app` varchar(255) NOT NULL, `name` varchar(255) NOT NULL, `applied` datetime(6) NOT NULL); (params None)
DEBUG 2024-08-20 17:27:56,109 schema CREATE TABLE `django_content_type` (`id` integer AUTO_INCREMENT NOT NULL PRIMARY KEY, `name` varchar(100) NOT NULL, `app_label` varchar(100) NOT NULL, `model` varchar(100) NOT NULL); (params None)
DEBUG 2024-08-20 17:27:56,126 schema ALTER TABLE `django_content_type` ADD CONSTRAINT `django_content_type_app_label_model_76bd3d3b_uniq` UNIQUE (`app_label`, `model`); (params ())
DEBUG 2024-08-20 17:27:56,167 schema CREATE TABLE `auth_permission` (`id` integer AUTO_INCREMENT NOT NULL PRIMARY KEY, `name` varchar(50) NOT NULL, `content_type_id` integer NOT NULL, `codename` varchar(100) NOT NULL); (params None)
DEBUG 2024-08-20 17:27:56,193 schema CREATE TABLE `auth_group` (`id` integer AUTO_INCREMENT NOT NULL PRIMARY KEY, `name` varchar(80) NOT NULL UNIQUE); (params None)
DEBUG 2024-08-20 17:27:56,210 schema CREATE TABLE `auth_group_permissions` (`id` bigint AUTO_INCREMENT NOT NULL PRIMARY KEY, `group_id` integer NOT NULL, `permission_id` integer NOT NULL); (params None)
DEBUG 2024-08-20 17:27:56,248 schema CREATE TABLE `auth_user` (`id` integer AUTO_INCREMENT NOT NULL PRIMARY KEY, `password` varchar(128) NOT NULL, `last_login` datetime(6) NOT NULL, `is_superuser` bool NOT NULL, `username` varchar(30) NOT NULL UNIQUE, `first_name` varchar(30) NOT NULL, `last_name` varchar(30) NOT NULL, `email` varchar(75) NOT NULL, `is_staff` bool NOT NULL, `is_active` bool NOT NULL, `date_joined` datetime(6) NOT NULL); (params None)
DEBUG 2024-08-20 17:27:56,265 schema CREATE TABLE `auth_user_groups` (`id` bigint AUTO_INCREMENT NOT NULL PRIMARY KEY, `user_id` integer NOT NULL, `group_id` integer NOT NULL); (params None)
DEBUG 2024-08-20 17:27:56,302 schema CREATE TABLE `auth_user_user_permissions` (`id` bigint AUTO_INCREMENT NOT NULL PRIMARY KEY, `user_id` integer NOT NULL, `permission_id` integer NOT NULL); (params None)
DEBUG 2024-08-20 17:27:56,337 schema ALTER TABLE `auth_permission` ADD CONSTRAINT `auth_permission_content_type_id_codename_01ab375a_uniq` UNIQUE (`content_type_id`, `codename`); (params ())
DEBUG 2024-08-20 17:27:56,352 schema ALTER TABLE `auth_permission` ADD CONSTRAINT `auth_permission_content_type_id_2f476e4b_fk_django_co` FOREIGN KEY (`content_type_id`) REFERENCES `django_content_type` (`id`); (params ())
DEBUG 2024-08-20 17:27:56,374 schema ALTER TABLE `auth_group_permissions` ADD CONSTRAINT `auth_group_permissions_group_id_permission_id_0cd325b0_uniq` UNIQUE (`group_id`, `permission_id`); (params ())
DEBUG 2024-08-20 17:27:56,390 schema ALTER TABLE `auth_group_permissions` ADD CONSTRAINT `auth_group_permissions_group_id_b120cbf9_fk_auth_group_id` FOREIGN KEY (`group_id`) REFERENCES `auth_group` (`id`); (params ())
DEBUG 2024-08-20 17:27:56,411 schema ALTER TABLE `auth_group_permissions` ADD CONSTRAINT `auth_group_permissio_permission_id_84c5c92e_fk_auth_perm` FOREIGN KEY (`permission_id`) REFERENCES `auth_permission` (`id`); (params ())
DEBUG 2024-08-20 17:27:56,434 schema ALTER TABLE `auth_user_groups` ADD CONSTRAINT `auth_user_groups_user_id_group_id_94350c0c_uniq` UNIQUE (`user_id`, `group_id`); (params ())
DEBUG 2024-08-20 17:27:56,450 schema ALTER TABLE `auth_user_groups` ADD CONSTRAINT `auth_user_groups_user_id_6a12ed8b_fk_auth_user_id` FOREIGN KEY (`user_id`) REFERENCES `auth_user` (`id`); (params ())
DEBUG 2024-08-20 17:27:56,472 schema ALTER TABLE `auth_user_groups` ADD CONSTRAINT `auth_user_groups_group_id_97559544_fk_auth_group_id` FOREIGN KEY (`group_id`) REFERENCES `auth_group` (`id`); (params ())
DEBUG 2024-08-20 17:27:56,497 schema ALTER TABLE `auth_user_user_permissions` ADD CONSTRAINT `auth_user_user_permissions_user_id_permission_id_14a6b632_uniq` UNIQUE (`user_id`, `permission_id`); (params ())
DEBUG 2024-08-20 17:27:56,514 schema ALTER TABLE `auth_user_user_permissions` ADD CONSTRAINT `auth_user_user_permissions_user_id_a95ead1b_fk_auth_user_id` FOREIGN KEY (`user_id`) REFERENCES `auth_user` (`id`); (params ())
DEBUG 2024-08-20 17:27:56,536 schema ALTER TABLE `auth_user_user_permissions` ADD CONSTRAINT `auth_user_user_permi_permission_id_1fbb5f2c_fk_auth_perm` FOREIGN KEY (`permission_id`) REFERENCES `auth_permission` (`id`); (params ())
DEBUG 2024-08-20 17:27:56,577 schema CREATE TABLE `django_admin_log` (`id` integer AUTO_INCREMENT NOT NULL PRIMARY KEY, `action_time` datetime(6) NOT NULL, `object_id` longtext NULL, `object_repr` varchar(200) NOT NULL, `action_flag` smallint UNSIGNED NOT NULL CHECK (`action_flag` >= 0), `change_message` longtext NOT NULL, `content_type_id` integer NULL, `user_id` integer NOT NULL); (params None)
DEBUG 2024-08-20 17:27:56,613 schema ALTER TABLE `django_admin_log` ADD CONSTRAINT `django_admin_log_content_type_id_c4bce8eb_fk_django_co` FOREIGN KEY (`content_type_id`) REFERENCES `django_content_type` (`id`); (params ())
DEBUG 2024-08-20 17:27:56,640 schema ALTER TABLE `django_admin_log` ADD CONSTRAINT `django_admin_log_user_id_c564eba6_fk_auth_user_id` FOREIGN KEY (`user_id`) REFERENCES `auth_user` (`id`); (params ())
DEBUG 2024-08-20 17:27:56,751 schema ALTER TABLE `django_content_type` MODIFY `name` varchar(100) NULL; (params [])
DEBUG 2024-08-20 17:27:56,815 schema ALTER TABLE `django_content_type` DROP COLUMN `name`; (params ())
DEBUG 2024-08-20 17:27:56,855 schema ALTER TABLE `auth_permission` MODIFY `name` varchar(255) NOT NULL; (params [])
DEBUG 2024-08-20 17:27:56,892 schema ALTER TABLE `auth_user` MODIFY `email` varchar(254) NOT NULL; (params [])
DEBUG 2024-08-20 17:27:56,953 schema ALTER TABLE `auth_user` MODIFY `last_login` datetime(6) NULL; (params [])
DEBUG 2024-08-20 17:27:57,018 schema ALTER TABLE `auth_user` MODIFY `username` varchar(150) NOT NULL; (params [])
DEBUG 2024-08-20 17:27:57,060 schema ALTER TABLE `auth_user` MODIFY `last_name` varchar(150) NOT NULL; (params [])
DEBUG 2024-08-20 17:27:57,100 schema ALTER TABLE `auth_group` MODIFY `name` varchar(150) NOT NULL; (params [])
DEBUG 2024-08-20 17:27:57,189 schema ALTER TABLE `auth_user` MODIFY `first_name` varchar(150) NOT NULL; (params [])
DEBUG 2024-08-20 17:27:57,251 schema CREATE TABLE `doctor_onduty` (`id` bigint AUTO_INCREMENT NOT NULL PRIMARY KEY, `date` date NOT NULL, `time` smallint NOT NULL, `state` integer NOT NULL, `doctor_id` bigint NOT NULL); (params None)
DEBUG 2024-08-20 17:27:57,282 schema CREATE TABLE `doctor_treatment` (`id` bigint AUTO_INCREMENT NOT NULL PRIMARY KEY, `queue_id` integer NOT NULL, `time` datetime(6) NOT NULL, `advice` varchar(256) NOT NULL, `medicine` longtext NOT NULL, `price` numeric(5, 2) NOT NULL, `doctor_id` bigint NOT NULL, `patient_id` varchar(64) NOT NULL); (params None)
DEBUG 2024-08-20 17:27:57,314 schema ALTER TABLE `doctor_onduty` ADD CONSTRAINT `doctor_onduty_doctor_id_220e41a4_fk_administrator_doctors_id` FOREIGN KEY (`doctor_id`) REFERENCES `administrator_doctors` (`id`); (params ())
DEBUG 2024-08-20 17:28:41,580 schema CREATE TABLE `django_migrations` (`id` bigint AUTO_INCREMENT NOT NULL PRIMARY KEY, `app` varchar(255) NOT NULL, `name` varchar(255) NOT NULL, `applied` datetime(6) NOT NULL); (params None)
DEBUG 2024-08-20 17:28:41,596 schema CREATE TABLE `django_content_type` (`id` integer AUTO_INCREMENT NOT NULL PRIMARY KEY, `name` varchar(100) NOT NULL, `app_label` varchar(100) NOT NULL, `model` varchar(100) NOT NULL); (params None)
DEBUG 2024-08-20 17:28:41,616 schema ALTER TABLE `django_content_type` ADD CONSTRAINT `django_content_type_app_label_model_76bd3d3b_uniq` UNIQUE (`app_label`, `model`); (params ())
DEBUG 2024-08-20 17:28:41,659 schema CREATE TABLE `auth_permission` (`id` integer AUTO_INCREMENT NOT NULL PRIMARY KEY, `name` varchar(50) NOT NULL, `content_type_id` integer NOT NULL, `codename` varchar(100) NOT NULL); (params None)
DEBUG 2024-08-20 17:28:41,690 schema CREATE TABLE `auth_group` (`id` integer AUTO_INCREMENT NOT NULL PRIMARY KEY, `name` varchar(80) NOT NULL UNIQUE); (params None)
DEBUG 2024-08-20 17:28:41,705 schema CREATE TABLE `auth_group_permissions` (`id` bigint AUTO_INCREMENT NOT NULL PRIMARY KEY, `group_id` integer NOT NULL, `permission_id` integer NOT NULL); (params None)
DEBUG 2024-08-20 17:28:41,749 schema CREATE TABLE `auth_user` (`id` integer AUTO_INCREMENT NOT NULL PRIMARY KEY, `password` varchar(128) NOT NULL, `last_login` datetime(6) NOT NULL, `is_superuser` bool NOT NULL, `username` varchar(30) NOT NULL UNIQUE, `first_name` varchar(30) NOT NULL, `last_name` varchar(30) NOT NULL, `email` varchar(75) NOT NULL, `is_staff` bool NOT NULL, `is_active` bool NOT NULL, `date_joined` datetime(6) NOT NULL); (params None)
DEBUG 2024-08-20 17:28:41,769 schema CREATE TABLE `auth_user_groups` (`id` bigint AUTO_INCREMENT NOT NULL PRIMARY KEY, `user_id` integer NOT NULL, `group_id` integer NOT NULL); (params None)
DEBUG 2024-08-20 17:28:41,808 schema CREATE TABLE `auth_user_user_permissions` (`id` bigint AUTO_INCREMENT NOT NULL PRIMARY KEY, `user_id` integer NOT NULL, `permission_id` integer NOT NULL); (params None)
DEBUG 2024-08-20 17:28:41,847 schema ALTER TABLE `auth_permission` ADD CONSTRAINT `auth_permission_content_type_id_codename_01ab375a_uniq` UNIQUE (`content_type_id`, `codename`); (params ())
DEBUG 2024-08-20 17:28:41,862 schema ALTER TABLE `auth_permission` ADD CONSTRAINT `auth_permission_content_type_id_2f476e4b_fk_django_co` FOREIGN KEY (`content_type_id`) REFERENCES `django_content_type` (`id`); (params ())
DEBUG 2024-08-20 17:28:41,886 schema ALTER TABLE `auth_group_permissions` ADD CONSTRAINT `auth_group_permissions_group_id_permission_id_0cd325b0_uniq` UNIQUE (`group_id`, `permission_id`); (params ())
DEBUG 2024-08-20 17:28:41,904 schema ALTER TABLE `auth_group_permissions` ADD CONSTRAINT `auth_group_permissions_group_id_b120cbf9_fk_auth_group_id` FOREIGN KEY (`group_id`) REFERENCES `auth_group` (`id`); (params ())
DEBUG 2024-08-20 17:28:41,928 schema ALTER TABLE `auth_group_permissions` ADD CONSTRAINT `auth_group_permissio_permission_id_84c5c92e_fk_auth_perm` FOREIGN KEY (`permission_id`) REFERENCES `auth_permission` (`id`); (params ())
DEBUG 2024-08-20 17:28:41,950 schema ALTER TABLE `auth_user_groups` ADD CONSTRAINT `auth_user_groups_user_id_group_id_94350c0c_uniq` UNIQUE (`user_id`, `group_id`); (params ())
DEBUG 2024-08-20 17:28:41,967 schema ALTER TABLE `auth_user_groups` ADD CONSTRAINT `auth_user_groups_user_id_6a12ed8b_fk_auth_user_id` FOREIGN KEY (`user_id`) REFERENCES `auth_user` (`id`); (params ())
DEBUG 2024-08-20 17:28:41,989 schema ALTER TABLE `auth_user_groups` ADD CONSTRAINT `auth_user_groups_group_id_97559544_fk_auth_group_id` FOREIGN KEY (`group_id`) REFERENCES `auth_group` (`id`); (params ())
DEBUG 2024-08-20 17:28:42,013 schema ALTER TABLE `auth_user_user_permissions` ADD CONSTRAINT `auth_user_user_permissions_user_id_permission_id_14a6b632_uniq` UNIQUE (`user_id`, `permission_id`); (params ())
DEBUG 2024-08-20 17:28:42,029 schema ALTER TABLE `auth_user_user_permissions` ADD CONSTRAINT `auth_user_user_permissions_user_id_a95ead1b_fk_auth_user_id` FOREIGN KEY (`user_id`) REFERENCES `auth_user` (`id`); (params ())
DEBUG 2024-08-20 17:28:42,052 schema ALTER TABLE `auth_user_user_permissions` ADD CONSTRAINT `auth_user_user_permi_permission_id_1fbb5f2c_fk_auth_perm` FOREIGN KEY (`permission_id`) REFERENCES `auth_permission` (`id`); (params ())
DEBUG 2024-08-20 17:28:42,095 schema CREATE TABLE `django_admin_log` (`id` integer AUTO_INCREMENT NOT NULL PRIMARY KEY, `action_time` datetime(6) NOT NULL, `object_id` longtext NULL, `object_repr` varchar(200) NOT NULL, `action_flag` smallint UNSIGNED NOT NULL CHECK (`action_flag` >= 0), `change_message` longtext NOT NULL, `content_type_id` integer NULL, `user_id` integer NOT NULL); (params None)
DEBUG 2024-08-20 17:28:42,134 schema ALTER TABLE `django_admin_log` ADD CONSTRAINT `django_admin_log_content_type_id_c4bce8eb_fk_django_co` FOREIGN KEY (`content_type_id`) REFERENCES `django_content_type` (`id`); (params ())
DEBUG 2024-08-20 17:28:42,159 schema ALTER TABLE `django_admin_log` ADD CONSTRAINT `django_admin_log_user_id_c564eba6_fk_auth_user_id` FOREIGN KEY (`user_id`) REFERENCES `auth_user` (`id`); (params ())
DEBUG 2024-08-20 17:28:42,253 schema ALTER TABLE `django_content_type` MODIFY `name` varchar(100) NULL; (params [])
DEBUG 2024-08-20 17:28:42,320 schema ALTER TABLE `django_content_type` DROP COLUMN `name`; (params ())
DEBUG 2024-08-20 17:28:42,360 schema ALTER TABLE `auth_permission` MODIFY `name` varchar(255) NOT NULL; (params [])
DEBUG 2024-08-20 17:28:42,404 schema ALTER TABLE `auth_user` MODIFY `email` varchar(254) NOT NULL; (params [])
DEBUG 2024-08-20 17:28:42,466 schema ALTER TABLE `auth_user` MODIFY `last_login` datetime(6) NULL; (params [])
DEBUG 2024-08-20 17:28:42,538 schema ALTER TABLE `auth_user` MODIFY `username` varchar(150) NOT NULL; (params [])
DEBUG 2024-08-20 17:28:42,582 schema ALTER TABLE `auth_user` MODIFY `last_name` varchar(150) NOT NULL; (params [])
DEBUG 2024-08-20 17:28:42,627 schema ALTER TABLE `auth_group` MODIFY `name` varchar(150) NOT NULL; (params [])
DEBUG 2024-08-20 17:28:42,725 schema ALTER TABLE `auth_user` MODIFY `first_name` varchar(150) NOT NULL; (params [])
DEBUG 2024-08-20 17:28:42,766 schema CREATE TABLE `doctor_onduty` (`id` bigint AUTO_INCREMENT NOT NULL PRIMARY KEY, `doctor` integer NOT NULL, `date` date NOT NULL, `time` smallint NOT NULL, `state` integer NOT NULL); (params None)
DEBUG 2024-08-20 17:28:42,783 schema CREATE TABLE `doctor_treatment` (`id` bigint AUTO_INCREMENT NOT NULL PRIMARY KEY, `queue_id` integer NOT NULL, `patient` integer NOT NULL, `doctor` integer NOT NULL, `time` datetime(6) NOT NULL, `advice` varchar(256) NOT NULL, `medicine` longtext NOT NULL, `price` numeric(5, 2) NOT NULL); (params None)
DEBUG 2024-08-20 17:28:42,838 schema CREATE TABLE `django_session` (`session_key` varchar(40) NOT NULL PRIMARY KEY, `session_data` longtext NOT NULL, `expire_date` datetime(6) NOT NULL); (params None)
DEBUG 2024-08-20 17:28:42,867 schema CREATE INDEX `django_session_expire_date_a5c62663` ON `django_session` (`expire_date`); (params ())
