DEBUG 2024-08-20 17:34:36,575 schema CREATE TABLE `django_migrations` (`id` bigint AUTO_INCREMENT NOT NULL PRIMARY KEY, `app` varchar(255) NOT NULL, `name` varchar(255) NOT NULL, `applied` datetime(6) NOT NULL); (params None)
DEBUG 2024-08-20 17:34:36,589 schema CREATE TABLE `django_content_type` (`id` integer AUTO_INCREMENT NOT NULL PRIMARY KEY, `name` varchar(100) NOT NULL, `app_label` varchar(100) NOT NULL, `model` varchar(100) NOT NULL); (params None)
DEBUG 2024-08-20 17:34:36,606 schema ALTER TABLE `django_content_type` ADD CONSTRAINT `django_content_type_app_label_model_76bd3d3b_uniq` UNIQUE (`app_label`, `model`); (params ())
DEBUG 2024-08-20 17:34:36,649 schema CREATE TABLE `auth_permission` (`id` integer AUTO_INCREMENT NOT NULL PRIMARY KEY, `name` varchar(50) NOT NULL, `content_type_id` integer NOT NULL, `codename` varchar(100) NOT NULL); (params None)
DEBUG 2024-08-20 17:34:36,675 schema CREATE TABLE `auth_group` (`id` integer AUTO_INCREMENT NOT NULL PRIMARY KEY, `name` varchar(80) NOT NULL UNIQUE); (params None)
DEBUG 2024-08-20 17:34:36,690 schema CREATE TABLE `auth_group_permissions` (`id` bigint AUTO_INCREMENT NOT NULL PRIMARY KEY, `group_id` integer NOT NULL, `permission_id` integer NOT NULL); (params None)
DEBUG 2024-08-20 17:34:36,737 schema CREATE TABLE `auth_user` (`id` integer AUTO_INCREMENT NOT NULL PRIMARY KEY, `password` varchar(128) NOT NULL, `last_login` datetime(6) NOT NULL, `is_superuser` bool NOT NULL, `username` varchar(30) NOT NULL UNIQUE, `first_name` varchar(30) NOT NULL, `last_name` varchar(30) NOT NULL, `email` varchar(75) NOT NULL, `is_staff` bool NOT NULL, `is_active` bool NOT NULL, `date_joined` datetime(6) NOT NULL); (params None)
DEBUG 2024-08-20 17:34:36,755 schema CREATE TABLE `auth_user_groups` (`id` bigint AUTO_INCREMENT NOT NULL PRIMARY KEY, `user_id` integer NOT NULL, `group_id` integer NOT NULL); (params None)
DEBUG 2024-08-20 17:34:36,791 schema CREATE TABLE `auth_user_user_permissions` (`id` bigint AUTO_INCREMENT NOT NULL PRIMARY KEY, `user_id` integer NOT NULL, `permission_id` integer NOT NULL); (params None)
DEBUG 2024-08-20 17:34:36,825 schema ALTER TABLE `auth_permission` ADD CONSTRAINT `auth_permission_content_type_id_codename_01ab375a_uniq` UNIQUE (`content_type_id`, `codename`); (params ())
DEBUG 2024-08-20 17:34:36,841 schema ALTER TABLE `auth_permission` ADD CONSTRAINT `auth_permission_content_type_id_2f476e4b_fk_django_co` FOREIGN KEY (`content_type_id`) REFERENCES `django_content_type` (`id`); (params ())
DEBUG 2024-08-20 17:34:36,862 schema ALTER TABLE `auth_group_permissions` ADD CONSTRAINT `auth_group_permissions_group_id_permission_id_0cd325b0_uniq` UNIQUE (`group_id`, `permission_id`); (params ())
DEBUG 2024-08-20 17:34:36,878 schema ALTER TABLE `auth_group_permissions` ADD CONSTRAINT `auth_group_permissions_group_id_b120cbf9_fk_auth_group_id` FOREIGN KEY (`group_id`) REFERENCES `auth_group` (`id`); (params ())
DEBUG 2024-08-20 17:34:36,900 schema ALTER TABLE `auth_group_permissions` ADD CONSTRAINT `auth_group_permissio_permission_id_84c5c92e_fk_auth_perm` FOREIGN KEY (`permission_id`) REFERENCES `auth_permission` (`id`); (params ())
DEBUG 2024-08-20 17:34:36,923 schema ALTER TABLE `auth_user_groups` ADD CONSTRAINT `auth_user_groups_user_id_group_id_94350c0c_uniq` UNIQUE (`user_id`, `group_id`); (params ())
DEBUG 2024-08-20 17:34:36,938 schema ALTER TABLE `auth_user_groups` ADD CONSTRAINT `auth_user_groups_user_id_6a12ed8b_fk_auth_user_id` FOREIGN KEY (`user_id`) REFERENCES `auth_user` (`id`); (params ())
DEBUG 2024-08-20 17:34:36,959 schema ALTER TABLE `auth_user_groups` ADD CONSTRAINT `auth_user_groups_group_id_97559544_fk_auth_group_id` FOREIGN KEY (`group_id`) REFERENCES `auth_group` (`id`); (params ())
DEBUG 2024-08-20 17:34:36,985 schema ALTER TABLE `auth_user_user_permissions` ADD CONSTRAINT `auth_user_user_permissions_user_id_permission_id_14a6b632_uniq` UNIQUE (`user_id`, `permission_id`); (params ())
DEBUG 2024-08-20 17:34:37,001 schema ALTER TABLE `auth_user_user_permissions` ADD CONSTRAINT `auth_user_user_permissions_user_id_a95ead1b_fk_auth_user_id` FOREIGN KEY (`user_id`) REFERENCES `auth_user` (`id`); (params ())
DEBUG 2024-08-20 17:34:37,022 schema ALTER TABLE `auth_user_user_permissions` ADD CONSTRAINT `auth_user_user_permi_permission_id_1fbb5f2c_fk_auth_perm` FOREIGN KEY (`permission_id`) REFERENCES `auth_permission` (`id`); (params ())
DEBUG 2024-08-20 17:34:37,063 schema CREATE TABLE `django_admin_log` (`id` integer AUTO_INCREMENT NOT NULL PRIMARY KEY, `action_time` datetime(6) NOT NULL, `object_id` longtext NULL, `object_repr` varchar(200) NOT NULL, `action_flag` smallint UNSIGNED NOT NULL CHECK (`action_flag` >= 0), `change_message` longtext NOT NULL, `content_type_id` integer NULL, `user_id` integer NOT NULL); (params None)
DEBUG 2024-08-20 17:34:37,102 schema ALTER TABLE `django_admin_log` ADD CONSTRAINT `django_admin_log_content_type_id_c4bce8eb_fk_django_co` FOREIGN KEY (`content_type_id`) REFERENCES `django_content_type` (`id`); (params ())
DEBUG 2024-08-20 17:34:37,130 schema ALTER TABLE `django_admin_log` ADD CONSTRAINT `django_admin_log_user_id_c564eba6_fk_auth_user_id` FOREIGN KEY (`user_id`) REFERENCES `auth_user` (`id`); (params ())
DEBUG 2024-08-20 17:34:37,222 schema ALTER TABLE `django_content_type` MODIFY `name` varchar(100) NULL; (params [])
DEBUG 2024-08-20 17:34:37,286 schema ALTER TABLE `django_content_type` DROP COLUMN `name`; (params ())
DEBUG 2024-08-20 17:34:37,325 schema ALTER TABLE `auth_permission` MODIFY `name` varchar(255) NOT NULL; (params [])
DEBUG 2024-08-20 17:34:37,368 schema ALTER TABLE `auth_user` MODIFY `email` varchar(254) NOT NULL; (params [])
DEBUG 2024-08-20 17:34:37,430 schema ALTER TABLE `auth_user` MODIFY `last_login` datetime(6) NULL; (params [])
DEBUG 2024-08-20 17:34:37,503 schema ALTER TABLE `auth_user` MODIFY `username` varchar(150) NOT NULL; (params [])
DEBUG 2024-08-20 17:34:37,545 schema ALTER TABLE `auth_user` MODIFY `last_name` varchar(150) NOT NULL; (params [])
DEBUG 2024-08-20 17:34:37,591 schema ALTER TABLE `auth_group` MODIFY `name` varchar(150) NOT NULL; (params [])
DEBUG 2024-08-20 17:34:37,686 schema ALTER TABLE `auth_user` MODIFY `first_name` varchar(150) NOT NULL; (params [])
DEBUG 2024-08-20 17:34:37,746 schema CREATE TABLE `patient_patients` (`identity` smallint NOT NULL, `identity_num` varchar(64) NOT NULL PRIMARY KEY, `name` varchar(20) NOT NULL, `health_insurance` smallint NOT NULL, `gender` smallint NOT NULL, `birthday` date NOT NULL, `phone_num` varchar(15) NOT NULL, `address` varchar(128) NOT NULL); (params None)
DEBUG 2024-08-20 17:34:37,766 schema CREATE TABLE `patient_register` (`id` bigint AUTO_INCREMENT NOT NULL PRIMARY KEY, `queue_id` integer NOT NULL, `time` datetime(6) NOT NULL, `position` varchar(128) NOT NULL, `doctor_id` bigint NOT NULL, `patient_id` varchar(64) NOT NULL, `register_id` varchar(64) NOT NULL); (params None)
DEBUG 2024-08-20 17:34:37,822 schema CREATE TABLE `patient_notice` (`id` bigint AUTO_INCREMENT NOT NULL PRIMARY KEY, `msg_type` smallint NOT NULL, `time` datetime(6) NOT NULL, `isRead` bool NOT NULL, `doctor_id` bigint NOT NULL, `treatment_id` bigint NULL, `patient_id` varchar(64) NOT NULL, `registerMan_id` varchar(64) NULL, `register_id` bigint NULL); (params None)
DEBUG 2024-08-20 17:34:37,901 schema CREATE TABLE `patient_bill` (`id` bigint AUTO_INCREMENT NOT NULL PRIMARY KEY, `type` smallint NOT NULL, `state` bool NOT NULL, `price` numeric(5, 2) NOT NULL, `treatment_id` bigint NULL, `patient_id` varchar(64) NULL, `register_id` bigint NULL); (params None)
DEBUG 2024-08-20 17:34:37,954 schema ALTER TABLE `patient_register` ADD CONSTRAINT `patient_register_doctor_id_dcfb5eb3_fk_doctors_related_view_id` FOREIGN KEY (`doctor_id`) REFERENCES `doctors_related_view` (`id`); (params ())
DEBUG 2024-08-20 17:35:16,436 schema CREATE TABLE `patient_patients` (`identity` smallint NOT NULL, `identity_num` varchar(64) NOT NULL PRIMARY KEY, `name` varchar(20) NOT NULL, `health_insurance` smallint NOT NULL, `gender` smallint NOT NULL, `birthday` date NOT NULL, `phone_num` varchar(15) NOT NULL, `address` varchar(128) NOT NULL); (params None)
DEBUG 2024-08-20 17:35:37,383 schema CREATE TABLE `django_migrations` (`id` bigint AUTO_INCREMENT NOT NULL PRIMARY KEY, `app` varchar(255) NOT NULL, `name` varchar(255) NOT NULL, `applied` datetime(6) NOT NULL); (params None)
DEBUG 2024-08-20 17:35:37,400 schema CREATE TABLE `django_content_type` (`id` integer AUTO_INCREMENT NOT NULL PRIMARY KEY, `name` varchar(100) NOT NULL, `app_label` varchar(100) NOT NULL, `model` varchar(100) NOT NULL); (params None)
DEBUG 2024-08-20 17:35:37,423 schema ALTER TABLE `django_content_type` ADD CONSTRAINT `django_content_type_app_label_model_76bd3d3b_uniq` UNIQUE (`app_label`, `model`); (params ())
DEBUG 2024-08-20 17:35:37,466 schema CREATE TABLE `auth_permission` (`id` integer AUTO_INCREMENT NOT NULL PRIMARY KEY, `name` varchar(50) NOT NULL, `content_type_id` integer NOT NULL, `codename` varchar(100) NOT NULL); (params None)
DEBUG 2024-08-20 17:35:37,496 schema CREATE TABLE `auth_group` (`id` integer AUTO_INCREMENT NOT NULL PRIMARY KEY, `name` varchar(80) NOT NULL UNIQUE); (params None)
DEBUG 2024-08-20 17:35:37,511 schema CREATE TABLE `auth_group_permissions` (`id` bigint AUTO_INCREMENT NOT NULL PRIMARY KEY, `group_id` integer NOT NULL, `permission_id` integer NOT NULL); (params None)
DEBUG 2024-08-20 17:35:37,554 schema CREATE TABLE `auth_user` (`id` integer AUTO_INCREMENT NOT NULL PRIMARY KEY, `password` varchar(128) NOT NULL, `last_login` datetime(6) NOT NULL, `is_superuser` bool NOT NULL, `username` varchar(30) NOT NULL UNIQUE, `first_name` varchar(30) NOT NULL, `last_name` varchar(30) NOT NULL, `email` varchar(75) NOT NULL, `is_staff` bool NOT NULL, `is_active` bool NOT NULL, `date_joined` datetime(6) NOT NULL); (params None)
DEBUG 2024-08-20 17:35:37,570 schema CREATE TABLE `auth_user_groups` (`id` bigint AUTO_INCREMENT NOT NULL PRIMARY KEY, `user_id` integer NOT NULL, `group_id` integer NOT NULL); (params None)
DEBUG 2024-08-20 17:35:37,608 schema CREATE TABLE `auth_user_user_permissions` (`id` bigint AUTO_INCREMENT NOT NULL PRIMARY KEY, `user_id` integer NOT NULL, `permission_id` integer NOT NULL); (params None)
DEBUG 2024-08-20 17:35:37,648 schema ALTER TABLE `auth_permission` ADD CONSTRAINT `auth_permission_content_type_id_codename_01ab375a_uniq` UNIQUE (`content_type_id`, `codename`); (params ())
DEBUG 2024-08-20 17:35:37,665 schema ALTER TABLE `auth_permission` ADD CONSTRAINT `auth_permission_content_type_id_2f476e4b_fk_django_co` FOREIGN KEY (`content_type_id`) REFERENCES `django_content_type` (`id`); (params ())
DEBUG 2024-08-20 17:35:37,688 schema ALTER TABLE `auth_group_permissions` ADD CONSTRAINT `auth_group_permissions_group_id_permission_id_0cd325b0_uniq` UNIQUE (`group_id`, `permission_id`); (params ())
DEBUG 2024-08-20 17:35:37,706 schema ALTER TABLE `auth_group_permissions` ADD CONSTRAINT `auth_group_permissions_group_id_b120cbf9_fk_auth_group_id` FOREIGN KEY (`group_id`) REFERENCES `auth_group` (`id`); (params ())
DEBUG 2024-08-20 17:35:37,731 schema ALTER TABLE `auth_group_permissions` ADD CONSTRAINT `auth_group_permissio_permission_id_84c5c92e_fk_auth_perm` FOREIGN KEY (`permission_id`) REFERENCES `auth_permission` (`id`); (params ())
DEBUG 2024-08-20 17:35:37,759 schema ALTER TABLE `auth_user_groups` ADD CONSTRAINT `auth_user_groups_user_id_group_id_94350c0c_uniq` UNIQUE (`user_id`, `group_id`); (params ())
DEBUG 2024-08-20 17:35:37,776 schema ALTER TABLE `auth_user_groups` ADD CONSTRAINT `auth_user_groups_user_id_6a12ed8b_fk_auth_user_id` FOREIGN KEY (`user_id`) REFERENCES `auth_user` (`id`); (params ())
DEBUG 2024-08-20 17:35:37,805 schema ALTER TABLE `auth_user_groups` ADD CONSTRAINT `auth_user_groups_group_id_97559544_fk_auth_group_id` FOREIGN KEY (`group_id`) REFERENCES `auth_group` (`id`); (params ())
DEBUG 2024-08-20 17:35:37,831 schema ALTER TABLE `auth_user_user_permissions` ADD CONSTRAINT `auth_user_user_permissions_user_id_permission_id_14a6b632_uniq` UNIQUE (`user_id`, `permission_id`); (params ())
DEBUG 2024-08-20 17:35:37,847 schema ALTER TABLE `auth_user_user_permissions` ADD CONSTRAINT `auth_user_user_permissions_user_id_a95ead1b_fk_auth_user_id` FOREIGN KEY (`user_id`) REFERENCES `auth_user` (`id`); (params ())
DEBUG 2024-08-20 17:35:37,871 schema ALTER TABLE `auth_user_user_permissions` ADD CONSTRAINT `auth_user_user_permi_permission_id_1fbb5f2c_fk_auth_perm` FOREIGN KEY (`permission_id`) REFERENCES `auth_permission` (`id`); (params ())
DEBUG 2024-08-20 17:35:37,913 schema CREATE TABLE `django_admin_log` (`id` integer AUTO_INCREMENT NOT NULL PRIMARY KEY, `action_time` datetime(6) NOT NULL, `object_id` longtext NULL, `object_repr` varchar(200) NOT NULL, `action_flag` smallint UNSIGNED NOT NULL CHECK (`action_flag` >= 0), `change_message` longtext NOT NULL, `content_type_id` integer NULL, `user_id` integer NOT NULL); (params None)
DEBUG 2024-08-20 17:35:37,952 schema ALTER TABLE `django_admin_log` ADD CONSTRAINT `django_admin_log_content_type_id_c4bce8eb_fk_django_co` FOREIGN KEY (`content_type_id`) REFERENCES `django_content_type` (`id`); (params ())
DEBUG 2024-08-20 17:35:37,978 schema ALTER TABLE `django_admin_log` ADD CONSTRAINT `django_admin_log_user_id_c564eba6_fk_auth_user_id` FOREIGN KEY (`user_id`) REFERENCES `auth_user` (`id`); (params ())
DEBUG 2024-08-20 17:35:38,069 schema ALTER TABLE `django_content_type` MODIFY `name` varchar(100) NULL; (params [])
DEBUG 2024-08-20 17:35:38,134 schema ALTER TABLE `django_content_type` DROP COLUMN `name`; (params ())
DEBUG 2024-08-20 17:35:38,174 schema ALTER TABLE `auth_permission` MODIFY `name` varchar(255) NOT NULL; (params [])
DEBUG 2024-08-20 17:35:38,216 schema ALTER TABLE `auth_user` MODIFY `email` varchar(254) NOT NULL; (params [])
DEBUG 2024-08-20 17:35:38,276 schema ALTER TABLE `auth_user` MODIFY `last_login` datetime(6) NULL; (params [])
DEBUG 2024-08-20 17:35:38,344 schema ALTER TABLE `auth_user` MODIFY `username` varchar(150) NOT NULL; (params [])
DEBUG 2024-08-20 17:35:38,387 schema ALTER TABLE `auth_user` MODIFY `last_name` varchar(150) NOT NULL; (params [])
DEBUG 2024-08-20 17:35:38,431 schema ALTER TABLE `auth_group` MODIFY `name` varchar(150) NOT NULL; (params [])
DEBUG 2024-08-20 17:35:38,525 schema ALTER TABLE `auth_user` MODIFY `first_name` varchar(150) NOT NULL; (params [])
DEBUG 2024-08-20 17:35:38,579 schema CREATE TABLE `patient_patients` (`identity` smallint NOT NULL, `identity_num` varchar(64) NOT NULL PRIMARY KEY, `name` varchar(20) NOT NULL, `health_insurance` smallint NOT NULL, `gender` smallint NOT NULL, `birthday` date NOT NULL, `phone_num` varchar(15) NOT NULL, `address` varchar(128) NOT NULL); (params None)
DEBUG 2024-08-20 17:35:38,597 schema CREATE TABLE `patient_register` (`id` bigint AUTO_INCREMENT NOT NULL PRIMARY KEY, `queue_id` integer NOT NULL, `doctor` integer NOT NULL, `time` datetime(6) NOT NULL, `position` varchar(128) NOT NULL, `patient_id` varchar(64) NOT NULL, `register_id` varchar(64) NOT NULL); (params None)
DEBUG 2024-08-20 17:35:38,639 schema CREATE TABLE `patient_notice` (`id` bigint AUTO_INCREMENT NOT NULL PRIMARY KEY, `doctor` integer NOT NULL, `msg_type` smallint NOT NULL, `time` datetime(6) NOT NULL, `treatment` integer NULL, `isRead` bool NOT NULL, `patient_id` varchar(64) NOT NULL, `registerMan_id` varchar(64) NULL, `register_id` bigint NULL); (params None)
DEBUG 2024-08-20 17:35:38,700 schema CREATE TABLE `patient_bill` (`id` bigint AUTO_INCREMENT NOT NULL PRIMARY KEY, `type` smallint NOT NULL, `state` bool NOT NULL, `treatment` integer NULL, `price` numeric(5, 2) NOT NULL, `patient_id` varchar(64) NULL, `register_id` bigint NULL); (params None)
DEBUG 2024-08-20 17:35:38,739 schema ALTER TABLE `patient_register` ADD CONSTRAINT `patient_register_patient_id_06049049_fk_patient_p` FOREIGN KEY (`patient_id`) REFERENCES `patient_patients` (`identity_num`); (params ())
DEBUG 2024-08-20 17:35:38,763 schema ALTER TABLE `patient_register` ADD CONSTRAINT `patient_register_register_id_f17db1d0_fk_patient_p` FOREIGN KEY (`register_id`) REFERENCES `patient_patients` (`identity_num`); (params ())
DEBUG 2024-08-20 17:35:38,788 schema ALTER TABLE `patient_notice` ADD CONSTRAINT `patient_notice_patient_id_3621ece1_fk_patient_p` FOREIGN KEY (`patient_id`) REFERENCES `patient_patients` (`identity_num`); (params ())
DEBUG 2024-08-20 17:35:38,813 schema ALTER TABLE `patient_notice` ADD CONSTRAINT `patient_notice_registerMan_id_cf57e6d2_fk_patient_p` FOREIGN KEY (`registerMan_id`) REFERENCES `patient_patients` (`identity_num`); (params ())
DEBUG 2024-08-20 17:35:38,842 schema ALTER TABLE `patient_notice` ADD CONSTRAINT `patient_notice_register_id_58fdf0ca_fk_patient_register_id` FOREIGN KEY (`register_id`) REFERENCES `patient_register` (`id`); (params ())
DEBUG 2024-08-20 17:35:38,871 schema ALTER TABLE `patient_bill` ADD CONSTRAINT `patient_bill_patient_id_7e401c94_fk_patient_p` FOREIGN KEY (`patient_id`) REFERENCES `patient_patients` (`identity_num`); (params ())
DEBUG 2024-08-20 17:35:38,897 schema ALTER TABLE `patient_bill` ADD CONSTRAINT `patient_bill_register_id_0801ca52_fk_patient_register_id` FOREIGN KEY (`register_id`) REFERENCES `patient_register` (`id`); (params ())
DEBUG 2024-08-20 17:35:38,936 schema CREATE TABLE `django_session` (`session_key` varchar(40) NOT NULL PRIMARY KEY, `session_data` longtext NOT NULL, `expire_date` datetime(6) NOT NULL); (params None)
DEBUG 2024-08-20 17:35:38,963 schema CREATE INDEX `django_session_expire_date_a5c62663` ON `django_session` (`expire_date`); (params ())
