INFO 2024-08-21 10:09:41,776 autoreload Watching for file changes with StatReloader
DEBUG 2024-08-21 10:09:41,778 autoreload Waiting for apps ready_event.
DEBUG 2024-08-21 10:09:41,879 autoreload Main Django thread has terminated before apps are ready.
DEBUG 2024-08-21 10:09:41,997 autoreload Apps ready_event triggered. Sending autoreload_started signal.
DEBUG 2024-08-21 10:09:42,036 autoreload File /usr/local/lib/python3.8/distutils/__init__.py first seen with mtime 1723514909.0
DEBUG 2024-08-21 10:09:42,036 autoreload File /usr/local/lib/python3.8/site-packages/django/contrib/staticfiles/utils.py first seen with mtime 1724206123.5589576
DEBUG 2024-08-21 10:09:42,037 autoreload File /usr/local/lib/python3.8/urllib/__init__.py first seen with mtime 1723514908.0
DEBUG 2024-08-21 10:09:42,038 autoreload File /usr/local/lib/python3.8/site-packages/django/core/cache/backends/__init__.py first seen with mtime 1724206123.5589576
DEBUG 2024-08-21 10:09:42,038 autoreload File /usr/local/lib/python3.8/lib-dynload/_lzma.cpython-38-x86_64-linux-gnu.so first seen with mtime 1723514897.0
DEBUG 2024-08-21 10:09:42,039 autoreload File /usr/local/lib/python3.8/lib-dynload/_hashlib.cpython-38-x86_64-linux-gnu.so first seen with mtime 1723514893.0
DEBUG 2024-08-21 10:09:42,039 autoreload File /usr/local/lib/python3.8/site-packages/pymysql/_auth.py first seen with mtime 1724206067.4660294
DEBUG 2024-08-21 10:09:42,040 autoreload File /usr/local/lib/python3.8/encodings/__init__.py first seen with mtime 1723514908.0
DEBUG 2024-08-21 10:09:42,040 autoreload File /usr/local/lib/python3.8/email/quoprimime.py first seen with mtime 1723514908.0
DEBUG 2024-08-21 10:09:42,041 autoreload File /usr/local/lib/python3.8/pprint.py first seen with mtime 1723514906.0
DEBUG 2024-08-21 10:09:42,041 autoreload File /usr/local/lib/python3.8/site-packages/django/utils/dateformat.py first seen with mtime 1724206123.6689565
DEBUG 2024-08-21 10:09:42,042 autoreload File /usr/local/lib/python3.8/site-packages/django/http/cookie.py first seen with mtime 1724206123.6389568
DEBUG 2024-08-21 10:09:42,042 autoreload File /usr/local/lib/python3.8/site-packages/django/db/migrations/operations/base.py first seen with mtime 1724206123.608957
DEBUG 2024-08-21 10:09:42,043 autoreload File /usr/local/lib/python3.8/site-packages/django/middleware/csrf.py first seen with mtime 1724206123.6489568
DEBUG 2024-08-21 10:09:42,043 autoreload File /usr/local/lib/python3.8/site-packages/django/template/context.py first seen with mtime 1724206123.6489568
DEBUG 2024-08-21 10:09:42,044 autoreload File /usr/local/lib/python3.8/site-packages/pymysql/connections.py first seen with mtime 1724206067.4660294
DEBUG 2024-08-21 10:09:42,044 autoreload File /usr/local/lib/python3.8/site-packages/pymysql/err.py first seen with mtime 1724206067.4660294
DEBUG 2024-08-21 10:09:42,045 autoreload File /usr/local/lib/python3.8/site-packages/django/db/models/functions/math.py first seen with mtime 1724206123.628957
DEBUG 2024-08-21 10:09:42,045 autoreload File /usr/local/lib/python3.8/quopri.py first seen with mtime 1723514906.0
DEBUG 2024-08-21 10:09:42,045 autoreload File /usr/local/lib/python3.8/site-packages/django/db/migrations/operations/__init__.py first seen with mtime 1724206123.608957
DEBUG 2024-08-21 10:09:42,046 autoreload File /usr/local/lib/python3.8/types.py first seen with mtime 1723514906.0
DEBUG 2024-08-21 10:09:42,047 autoreload File /usr/local/lib/python3.8/site-packages/django/core/cache/__init__.py first seen with mtime 1724206123.5589576
DEBUG 2024-08-21 10:09:42,048 autoreload File /usr/local/lib/python3.8/threading.py first seen with mtime 1723514906.0
DEBUG 2024-08-21 10:09:42,048 autoreload File /usr/local/lib/python3.8/site-packages/django/core/checks/security/sessions.py first seen with mtime 1724206123.5689573
DEBUG 2024-08-21 10:09:42,049 autoreload File /usr/local/lib/python3.8/json/decoder.py first seen with mtime 1723514908.0
DEBUG 2024-08-21 10:09:42,049 autoreload File /usr/local/lib/python3.8/site-packages/django/core/management/color.py first seen with mtime 1724206123.5789573
DEBUG 2024-08-21 10:09:42,050 autoreload File /usr/local/lib/python3.8/contextlib.py first seen with mtime 1723514906.0
DEBUG 2024-08-21 10:09:42,050 autoreload File /usr/local/lib/python3.8/lib-dynload/_decimal.cpython-38-x86_64-linux-gnu.so first seen with mtime 1723514905.0
DEBUG 2024-08-21 10:09:42,050 autoreload File /usr/local/lib/python3.8/site-packages/django/db/models/functions/window.py first seen with mtime 1724206123.628957
DEBUG 2024-08-21 10:09:42,051 autoreload File /usr/local/lib/python3.8/site-packages/django/core/checks/__init__.py first seen with mtime 1724206123.5589576
DEBUG 2024-08-21 10:09:42,051 autoreload File /usr/local/lib/python3.8/site-packages/django/template/response.py first seen with mtime 1724206123.6489568
DEBUG 2024-08-21 10:09:42,051 autoreload File /usr/local/lib/python3.8/site-packages/django/core/management/commands/runserver.py first seen with mtime 1724206123.5889573
DEBUG 2024-08-21 10:09:42,051 autoreload File /usr/local/lib/python3.8/site-packages/django/urls/conf.py first seen with mtime 1724206123.6589568
DEBUG 2024-08-21 10:09:42,051 autoreload File /usr/local/lib/python3.8/bisect.py first seen with mtime 1723514906.0
DEBUG 2024-08-21 10:09:42,051 autoreload File /usr/local/lib/python3.8/lib-dynload/_sha512.cpython-38-x86_64-linux-gnu.so first seen with mtime 1723514895.0
DEBUG 2024-08-21 10:09:42,052 autoreload File /usr/local/lib/python3.8/site-packages/django/db/models/functions/text.py first seen with mtime 1724206123.628957
DEBUG 2024-08-21 10:09:42,052 autoreload File /usr/local/lib/python3.8/site-packages/django/core/handlers/exception.py first seen with mtime 1724206123.5689573
DEBUG 2024-08-21 10:09:42,052 autoreload File /usr/local/lib/python3.8/site-packages/django/core/files/images.py first seen with mtime 1724206123.5689573
DEBUG 2024-08-21 10:09:42,052 autoreload File /usr/local/lib/python3.8/site-packages/django/shortcuts.py first seen with mtime 1724206122.1489694
DEBUG 2024-08-21 10:09:42,052 autoreload File /usr/local/lib/python3.8/site-packages/django/urls/base.py first seen with mtime 1724206123.6589568
DEBUG 2024-08-21 10:09:42,053 autoreload File /usr/local/lib/python3.8/site-packages/django/db/models/fields/proxy.py first seen with mtime 1724206123.618957
DEBUG 2024-08-21 10:09:42,053 autoreload File /usr/local/lib/python3.8/site-packages/django/core/checks/messages.py first seen with mtime 1724206123.5589576
DEBUG 2024-08-21 10:09:42,053 autoreload File /usr/local/lib/python3.8/site-packages/django/conf/locale/__init__.py first seen with mtime 1724206122.1489694
DEBUG 2024-08-21 10:09:42,053 autoreload File /usr/local/lib/python3.8/argparse.py first seen with mtime 1723514906.0
DEBUG 2024-08-21 10:09:42,053 autoreload File /usr/local/lib/python3.8/site-packages/django/core/checks/caches.py first seen with mtime 1724206123.5589576
DEBUG 2024-08-21 10:09:42,053 autoreload File /usr/local/lib/python3.8/email/feedparser.py first seen with mtime 1723514908.0
DEBUG 2024-08-21 10:09:42,054 autoreload File /usr/local/lib/python3.8/site-packages/django/db/models/fields/related.py first seen with mtime 1724206123.618957
DEBUG 2024-08-21 10:09:42,054 autoreload File /usr/local/lib/python3.8/site-packages/pymysql/__init__.py first seen with mtime 1724206067.4660294
DEBUG 2024-08-21 10:09:42,054 autoreload File /usr/local/lib/python3.8/site-packages/django/template/backends/__init__.py first seen with mtime 1724206123.6489568
DEBUG 2024-08-21 10:09:42,054 autoreload File /usr/local/lib/python3.8/site-packages/django/template/loader_tags.py first seen with mtime 1724206123.6489568
DEBUG 2024-08-21 10:09:42,054 autoreload File /usr/local/lib/python3.8/encodings/utf_8.py first seen with mtime 1723514908.0
DEBUG 2024-08-21 10:09:42,054 autoreload File /usr/local/lib/python3.8/site-packages/django/contrib/staticfiles/checks.py first seen with mtime 1724206123.5489576
DEBUG 2024-08-21 10:09:42,055 autoreload File /usr/local/lib/python3.8/site-packages/django/db/migrations/migration.py first seen with mtime 1724206123.608957
DEBUG 2024-08-21 10:09:42,055 autoreload File /usr/local/lib/python3.8/site-packages/django/utils/text.py first seen with mtime 1724206123.6789565
DEBUG 2024-08-21 10:09:42,055 autoreload File /usr/local/lib/python3.8/hmac.py first seen with mtime 1723514906.0
DEBUG 2024-08-21 10:09:42,055 autoreload File /usr/local/lib/python3.8/site-packages/pymysql/cursors.py first seen with mtime 1724206067.4660294
DEBUG 2024-08-21 10:09:42,055 autoreload File /usr/local/lib/python3.8/site-packages/django/core/checks/security/csrf.py first seen with mtime 1724206123.5689573
DEBUG 2024-08-21 10:09:42,055 autoreload File /usr/local/lib/python3.8/site-packages/django/contrib/admin/exceptions.py first seen with mtime 1724206122.2689683
DEBUG 2024-08-21 10:09:42,056 autoreload File /usr/local/lib/python3.8/asyncio/sslproto.py first seen with mtime 1723514908.0
DEBUG 2024-08-21 10:09:42,056 autoreload File /usr/local/lib/python3.8/email/mime/__init__.py first seen with mtime 1723514908.0
DEBUG 2024-08-21 10:09:42,056 autoreload File /usr/local/lib/python3.8/site-packages/django/core/files/temp.py first seen with mtime 1724206123.5689573
DEBUG 2024-08-21 10:09:42,056 autoreload File /usr/local/lib/python3.8/site-packages/django/utils/safestring.py first seen with mtime 1724206123.6789565
DEBUG 2024-08-21 10:09:42,056 autoreload File /usr/local/lib/python3.8/gettext.py first seen with mtime 1723514906.0
DEBUG 2024-08-21 10:09:42,056 autoreload File /usr/local/lib/python3.8/site-packages/django/views/generic/dates.py first seen with mtime 1724206123.6889565
DEBUG 2024-08-21 10:09:42,057 autoreload File /usr/local/lib/python3.8/site-packages/django/urls/resolvers.py first seen with mtime 1724206123.6689565
DEBUG 2024-08-21 10:09:42,057 autoreload File /usr/local/lib/python3.8/site-packages/django/core/servers/__init__.py first seen with mtime 1724206123.5889573
DEBUG 2024-08-21 10:09:42,057 autoreload File /usr/local/lib/python3.8/site-packages/django/forms/__init__.py first seen with mtime 1724206123.628957
DEBUG 2024-08-21 10:09:42,057 autoreload File /usr/local/lib/python3.8/site-packages/jinja2/bccache.py first seen with mtime 1724206109.7970424
DEBUG 2024-08-21 10:09:42,057 autoreload File /usr/local/lib/python3.8/site-packages/django/template/backends/jinja2.py first seen with mtime 1724206123.6489568
DEBUG 2024-08-21 10:09:42,057 autoreload File /usr/local/lib/python3.8/email/policy.py first seen with mtime 1723514908.0
DEBUG 2024-08-21 10:09:42,057 autoreload File /usr/local/lib/python3.8/site-packages/django/template/base.py first seen with mtime 1724206123.6489568
DEBUG 2024-08-21 10:09:42,058 autoreload File /usr/local/lib/python3.8/site-packages/django/core/signals.py first seen with mtime 1724206123.5589576
DEBUG 2024-08-21 10:09:42,058 autoreload File /usr/local/lib/python3.8/site-packages/django/utils/baseconv.py first seen with mtime 1724206123.6689565
DEBUG 2024-08-21 10:09:42,058 autoreload File /usr/local/lib/python3.8/wsgiref/headers.py first seen with mtime 1723514908.0
DEBUG 2024-08-21 10:09:42,058 autoreload File /usr/local/lib/python3.8/site-packages/django/utils/regex_helper.py first seen with mtime 1724206123.6789565
DEBUG 2024-08-21 10:09:42,058 autoreload File /usr/local/lib/python3.8/sre_constants.py first seen with mtime 1723514906.0
DEBUG 2024-08-21 10:09:42,058 autoreload File /usr/local/lib/python3.8/site-packages/django/core/files/base.py first seen with mtime 1724206123.5689573
DEBUG 2024-08-21 10:09:42,058 autoreload File /usr/local/lib/python3.8/lib-dynload/zlib.cpython-38-x86_64-linux-gnu.so first seen with mtime 1723514897.0
DEBUG 2024-08-21 10:09:42,059 autoreload File /usr/local/lib/python3.8/site-packages/django/db/models/query_utils.py first seen with mtime 1724206123.618957
DEBUG 2024-08-21 10:09:42,059 autoreload File /usr/local/lib/python3.8/site-packages/django/core/handlers/base.py first seen with mtime 1724206123.5689573
DEBUG 2024-08-21 10:09:42,059 autoreload File /usr/local/lib/python3.8/site-packages/django/db/models/functions/comparison.py first seen with mtime 1724206123.618957
DEBUG 2024-08-21 10:09:42,059 autoreload File /usr/local/lib/python3.8/logging/__init__.py first seen with mtime 1723514908.0
DEBUG 2024-08-21 10:09:42,059 autoreload File /usr/local/lib/python3.8/wsgiref/__init__.py first seen with mtime 1723514908.0
DEBUG 2024-08-21 10:09:42,059 autoreload File /usr/local/lib/python3.8/site-packages/django/db/migrations/operations/utils.py first seen with mtime 1724206123.618957
DEBUG 2024-08-21 10:09:42,059 autoreload File /usr/local/lib/python3.8/copy.py first seen with mtime 1723514906.0
DEBUG 2024-08-21 10:09:42,059 autoreload File /usr/local/lib/python3.8/logging/handlers.py first seen with mtime 1723514908.0
DEBUG 2024-08-21 10:09:42,060 autoreload File /usr/local/lib/python3.8/wsgiref/handlers.py first seen with mtime 1723514908.0
DEBUG 2024-08-21 10:09:42,060 autoreload File /usr/local/lib/python3.8/site-packages/django/core/files/__init__.py first seen with mtime 1724206123.5689573
DEBUG 2024-08-21 10:09:42,061 autoreload File /code/app01/apps.py first seen with mtime 1724144504.7557144
DEBUG 2024-08-21 10:09:42,061 autoreload File /usr/local/lib/python3.8/lib-dynload/_datetime.cpython-38-x86_64-linux-gnu.so first seen with mtime 1723514888.0
DEBUG 2024-08-21 10:09:42,061 autoreload File /usr/local/lib/python3.8/site-packages/django/db/utils.py first seen with mtime 1724206123.5889573
DEBUG 2024-08-21 10:09:42,061 autoreload File /usr/local/lib/python3.8/cgi.py first seen with mtime 1723514906.0
DEBUG 2024-08-21 10:09:42,061 autoreload File /usr/local/lib/python3.8/asyncio/futures.py first seen with mtime 1723514907.0
DEBUG 2024-08-21 10:09:42,062 autoreload File /usr/local/lib/python3.8/site-packages/django/contrib/auth/checks.py first seen with mtime 1724206122.5789657
DEBUG 2024-08-21 10:09:42,062 autoreload File /usr/local/lib/python3.8/site-packages/django/core/checks/templates.py first seen with mtime 1724206123.5589576
DEBUG 2024-08-21 10:09:42,062 autoreload File /usr/local/lib/python3.8/_bootlocale.py first seen with mtime 1723514906.0
DEBUG 2024-08-21 10:09:42,062 autoreload File /usr/local/lib/python3.8/site-packages/django/db/models/indexes.py first seen with mtime 1724206123.618957
DEBUG 2024-08-21 10:09:42,062 autoreload File /usr/local/lib/python3.8/site-packages/pytz/tzinfo.py first seen with mtime 1724206060.1057923
DEBUG 2024-08-21 10:09:42,062 autoreload File /usr/local/lib/python3.8/site-packages/jinja2/async_utils.py first seen with mtime 1724206109.7970424
DEBUG 2024-08-21 10:09:42,062 autoreload File /usr/local/lib/python3.8/email/_parseaddr.py first seen with mtime 1723514908.0
DEBUG 2024-08-21 10:09:42,063 autoreload File /usr/local/lib/python3.8/site-packages/django/db/models/base.py first seen with mtime 1724206123.618957
DEBUG 2024-08-21 10:09:42,063 autoreload File /usr/local/lib/python3.8/site-packages/asgiref/__init__.py first seen with mtime 1724206110.2470393
DEBUG 2024-08-21 10:09:42,063 autoreload File /usr/local/lib/python3.8/site-packages/django/core/checks/security/base.py first seen with mtime 1724206123.5689573
DEBUG 2024-08-21 10:09:42,063 autoreload File /usr/local/lib/python3.8/email/generator.py first seen with mtime 1723514908.0
DEBUG 2024-08-21 10:09:42,063 autoreload File /usr/local/lib/python3.8/struct.py first seen with mtime 1723514906.0
DEBUG 2024-08-21 10:09:42,063 autoreload File /usr/local/lib/python3.8/site-packages/django/contrib/__init__.py first seen with mtime 1724206122.2689683
DEBUG 2024-08-21 10:09:42,063 autoreload File /usr/local/lib/python3.8/asyncio/protocols.py first seen with mtime 1723514907.0
DEBUG 2024-08-21 10:09:42,063 autoreload File /usr/local/lib/python3.8/posixpath.py first seen with mtime 1723514906.0
DEBUG 2024-08-21 10:09:42,064 autoreload File /usr/local/lib/python3.8/asyncio/streams.py first seen with mtime 1723514908.0
DEBUG 2024-08-21 10:09:42,064 autoreload File /usr/local/lib/python3.8/site-packages/django/utils/http.py first seen with mtime 1724206123.6789565
DEBUG 2024-08-21 10:09:42,064 autoreload File /usr/local/lib/python3.8/keyword.py first seen with mtime 1723514906.0
DEBUG 2024-08-21 10:09:42,064 autoreload File /usr/local/lib/python3.8/email/mime/message.py first seen with mtime 1723514908.0
DEBUG 2024-08-21 10:09:42,064 autoreload File /usr/local/lib/python3.8/importlib/machinery.py first seen with mtime 1723514907.0
DEBUG 2024-08-21 10:09:42,064 autoreload File /usr/local/lib/python3.8/signal.py first seen with mtime 1723514906.0
DEBUG 2024-08-21 10:09:42,064 autoreload File /usr/local/lib/python3.8/site-packages/django/urls/utils.py first seen with mtime 1724206123.6689565
DEBUG 2024-08-21 10:09:42,065 autoreload File /usr/local/lib/python3.8/email/charset.py first seen with mtime 1723514908.0
DEBUG 2024-08-21 10:09:42,065 autoreload File /usr/local/lib/python3.8/json/encoder.py first seen with mtime 1723514908.0
DEBUG 2024-08-21 10:09:42,065 autoreload File /usr/local/lib/python3.8/site-packages/django/contrib/admin/templatetags/__init__.py first seen with mtime 1724206122.4689667
DEBUG 2024-08-21 10:09:42,065 autoreload File /usr/local/lib/python3.8/site-packages/django/views/generic/detail.py first seen with mtime 1724206123.6889565
DEBUG 2024-08-21 10:09:42,065 autoreload File /usr/local/lib/python3.8/site-packages/django/templatetags/i18n.py first seen with mtime 1724206123.6589568
DEBUG 2024-08-21 10:09:42,065 autoreload File /usr/local/lib/python3.8/email/headerregistry.py first seen with mtime 1723514908.0
DEBUG 2024-08-21 10:09:42,065 autoreload File /usr/local/lib/python3.8/site-packages/django/contrib/admin/helpers.py first seen with mtime 1724206122.2689683
DEBUG 2024-08-21 10:09:42,065 autoreload File /usr/local/lib/python3.8/lib-dynload/fcntl.cpython-38-x86_64-linux-gnu.so first seen with mtime 1723514889.0
DEBUG 2024-08-21 10:09:42,066 autoreload File /usr/local/lib/python3.8/site-packages/django/dispatch/__init__.py first seen with mtime 1724206123.628957
DEBUG 2024-08-21 10:09:42,066 autoreload File /code/backend/__init__.py first seen with mtime 1724136432.7848425
DEBUG 2024-08-21 10:09:42,067 autoreload File /usr/local/lib/python3.8/site-packages/django/core/signing.py first seen with mtime 1724206123.5589576
DEBUG 2024-08-21 10:09:42,067 autoreload File /usr/local/lib/python3.8/site-packages/django/core/servers/basehttp.py first seen with mtime 1724206123.5889573
DEBUG 2024-08-21 10:09:42,067 autoreload File /usr/local/lib/python3.8/site-packages/jinja2/runtime.py first seen with mtime 1724206109.8070424
DEBUG 2024-08-21 10:09:42,067 autoreload File /usr/local/lib/python3.8/site-packages/pymysql/optionfile.py first seen with mtime 1724206067.4660294
DEBUG 2024-08-21 10:09:42,067 autoreload File /usr/local/lib/python3.8/site-packages/django/forms/utils.py first seen with mtime 1724206123.628957
DEBUG 2024-08-21 10:09:42,067 autoreload File /usr/local/lib/python3.8/site-packages/django/contrib/admin/actions.py first seen with mtime 1724206122.2689683
DEBUG 2024-08-21 10:09:42,067 autoreload File /usr/local/lib/python3.8/asyncio/exceptions.py first seen with mtime 1723514907.0
DEBUG 2024-08-21 10:09:42,068 autoreload File /usr/local/lib/python3.8/site-packages/django/core/wsgi.py first seen with mtime 1724206123.5589576
DEBUG 2024-08-21 10:09:42,068 autoreload File /usr/local/lib/python3.8/site-packages/django/templatetags/__init__.py first seen with mtime 1724206123.6589568
DEBUG 2024-08-21 10:09:42,068 autoreload File /usr/local/lib/python3.8/_weakrefset.py first seen with mtime 1723514906.0
DEBUG 2024-08-21 10:09:42,068 autoreload File /usr/local/lib/python3.8/collections/__init__.py first seen with mtime 1723514908.0
DEBUG 2024-08-21 10:09:42,068 autoreload File /usr/local/lib/python3.8/site-packages/django/contrib/contenttypes/apps.py first seen with mtime 1724206122.6789649
DEBUG 2024-08-21 10:09:42,068 autoreload File /usr/local/lib/python3.8/lib-dynload/_pickle.cpython-38-x86_64-linux-gnu.so first seen with mtime 1723514890.0
DEBUG 2024-08-21 10:09:42,068 autoreload File /usr/local/lib/python3.8/site-packages/django/utils/translation/__init__.py first seen with mtime 1724206123.6789565
DEBUG 2024-08-21 10:09:42,068 autoreload File /usr/local/lib/python3.8/site-packages/django/template/utils.py first seen with mtime 1724206123.6489568
DEBUG 2024-08-21 10:09:42,069 autoreload File /usr/local/lib/python3.8/site-packages/django/core/paginator.py first seen with mtime 1724206123.5589576
DEBUG 2024-08-21 10:09:42,069 autoreload File /usr/local/lib/python3.8/site-packages/django/forms/boundfield.py first seen with mtime 1724206123.628957
DEBUG 2024-08-21 10:09:42,069 autoreload File /usr/local/lib/python3.8/fnmatch.py first seen with mtime 1723514906.0
DEBUG 2024-08-21 10:09:42,069 autoreload File /usr/local/lib/python3.8/site-packages/django/utils/numberformat.py first seen with mtime 1724206123.6789565
DEBUG 2024-08-21 10:09:42,069 autoreload File /usr/local/lib/python3.8/asyncio/tasks.py first seen with mtime 1723514908.0
DEBUG 2024-08-21 10:09:42,069 autoreload File /usr/local/lib/python3.8/site-packages/django/core/handlers/wsgi.py first seen with mtime 1724206123.5689573
DEBUG 2024-08-21 10:09:42,069 autoreload File /usr/local/lib/python3.8/site-packages/django/core/serializers/json.py first seen with mtime 1724206123.5889573
DEBUG 2024-08-21 10:09:42,069 autoreload File /usr/local/lib/python3.8/email/encoders.py first seen with mtime 1723514908.0
DEBUG 2024-08-21 10:09:42,070 autoreload File /usr/local/lib/python3.8/site-packages/django/template/loader.py first seen with mtime 1724206123.6489568
DEBUG 2024-08-21 10:09:42,070 autoreload File /usr/local/lib/python3.8/site-packages/django/core/files/utils.py first seen with mtime 1724206123.5689573
DEBUG 2024-08-21 10:09:42,070 autoreload File /usr/local/lib/python3.8/site-packages/django/db/models/sql/__init__.py first seen with mtime 1724206123.628957
DEBUG 2024-08-21 10:09:42,070 autoreload File /usr/local/lib/python3.8/lib-dynload/termios.cpython-38-x86_64-linux-gnu.so first seen with mtime 1723514895.0
DEBUG 2024-08-21 10:09:42,070 autoreload File /usr/local/lib/python3.8/ntpath.py first seen with mtime 1723514906.0
DEBUG 2024-08-21 10:09:42,070 autoreload File /usr/local/lib/python3.8/decimal.py first seen with mtime 1723514906.0
DEBUG 2024-08-21 10:09:42,070 autoreload File /usr/local/lib/python3.8/html/__init__.py first seen with mtime 1723514908.0
DEBUG 2024-08-21 10:09:42,071 autoreload File /usr/local/lib/python3.8/site-packages/django/contrib/admin/options.py first seen with mtime 1724206122.2689683
DEBUG 2024-08-21 10:09:42,071 autoreload File /usr/local/lib/python3.8/site-packages/django/core/exceptions.py first seen with mtime 1724206123.5589576
DEBUG 2024-08-21 10:09:42,071 autoreload File /usr/local/lib/python3.8/site-packages/django/db/models/aggregates.py first seen with mtime 1724206123.618957
DEBUG 2024-08-21 10:09:42,071 autoreload File /usr/local/lib/python3.8/site-packages/django/utils/termcolors.py first seen with mtime 1724206123.6789565
DEBUG 2024-08-21 10:09:42,071 autoreload File /usr/local/lib/python3.8/asyncio/unix_events.py first seen with mtime 1723514908.0
DEBUG 2024-08-21 10:09:42,071 autoreload File /usr/local/lib/python3.8/urllib/parse.py first seen with mtime 1723514908.0
DEBUG 2024-08-21 10:09:42,071 autoreload File /usr/local/lib/python3.8/lib-dynload/_opcode.cpython-38-x86_64-linux-gnu.so first seen with mtime 1723514889.0
DEBUG 2024-08-21 10:09:42,071 autoreload File /usr/local/lib/python3.8/site-packages/jinja2/idtracking.py first seen with mtime 1724206109.8070424
DEBUG 2024-08-21 10:09:42,072 autoreload File /usr/local/lib/python3.8/lib-dynload/_sha3.cpython-38-x86_64-linux-gnu.so first seen with mtime 1723514898.0
DEBUG 2024-08-21 10:09:42,072 autoreload File /usr/local/lib/python3.8/site-packages/django/utils/itercompat.py first seen with mtime 1724206123.6789565
DEBUG 2024-08-21 10:09:42,072 autoreload File /usr/local/lib/python3.8/site-packages/django/views/generic/__init__.py first seen with mtime 1724206123.6889565
DEBUG 2024-08-21 10:09:42,072 autoreload File /usr/local/lib/python3.8/asyncio/locks.py first seen with mtime 1723514907.0
DEBUG 2024-08-21 10:09:42,072 autoreload File /usr/local/lib/python3.8/io.py first seen with mtime 1723514906.0
DEBUG 2024-08-21 10:09:42,072 autoreload File /usr/local/lib/python3.8/site-packages/django/contrib/admin/apps.py first seen with mtime 1724206122.2689683
DEBUG 2024-08-21 10:09:42,072 autoreload File /usr/local/lib/python3.8/site-packages/django/db/models/sql/query.py first seen with mtime 1724206123.628957
DEBUG 2024-08-21 10:09:42,072 autoreload File /usr/local/lib/python3.8/site-packages/django/db/models/sql/datastructures.py first seen with mtime 1724206123.628957
DEBUG 2024-08-21 10:09:42,073 autoreload File /usr/local/lib/python3.8/site-packages/jinja2/loaders.py first seen with mtime 1724206109.8070424
DEBUG 2024-08-21 10:09:42,073 autoreload File /usr/local/lib/python3.8/locale.py first seen with mtime 1723514906.0
DEBUG 2024-08-21 10:09:42,073 autoreload File /usr/local/lib/python3.8/site-packages/django/db/models/utils.py first seen with mtime 1724206123.618957
DEBUG 2024-08-21 10:09:42,073 autoreload File /usr/local/lib/python3.8/site-packages/django/core/files/move.py first seen with mtime 1724206123.5689573
DEBUG 2024-08-21 10:09:42,073 autoreload File /usr/local/lib/python3.8/site-packages/pytz/tzfile.py first seen with mtime 1724206060.1057923
DEBUG 2024-08-21 10:09:42,073 autoreload File /usr/local/lib/python3.8/asyncio/transports.py first seen with mtime 1723514908.0
DEBUG 2024-08-21 10:09:42,073 autoreload File /usr/local/lib/python3.8/site-packages/django/contrib/messages/__init__.py first seen with mtime 1724206123.1889606
DEBUG 2024-08-21 10:09:42,073 autoreload File /usr/local/lib/python3.8/linecache.py first seen with mtime 1723514906.0
DEBUG 2024-08-21 10:09:42,074 autoreload File /usr/local/lib/python3.8/site-packages/django/core/serializers/python.py first seen with mtime 1724206123.5889573
DEBUG 2024-08-21 10:09:42,074 autoreload File /usr/local/lib/python3.8/email/mime/multipart.py first seen with mtime 1723514908.0
DEBUG 2024-08-21 10:09:42,074 autoreload File /usr/local/lib/python3.8/site.py first seen with mtime 1723514906.0
DEBUG 2024-08-21 10:09:42,074 autoreload File /usr/local/lib/python3.8/asyncio/staggered.py first seen with mtime 1723514908.0
DEBUG 2024-08-21 10:09:42,074 autoreload File /usr/local/lib/python3.8/site-packages/django/core/management/__init__.py first seen with mtime 1724206123.5789573
DEBUG 2024-08-21 10:09:42,074 autoreload File /usr/local/lib/python3.8/site-packages/django/db/models/sql/constants.py first seen with mtime 1724206123.628957
DEBUG 2024-08-21 10:09:42,074 autoreload File /usr/local/lib/python3.8/html/parser.py first seen with mtime 1723514908.0
DEBUG 2024-08-21 10:09:42,075 autoreload File /usr/local/lib/python3.8/asyncio/coroutines.py first seen with mtime 1723514907.0
DEBUG 2024-08-21 10:09:42,075 autoreload File /usr/local/lib/python3.8/asyncio/queues.py first seen with mtime 1723514908.0
DEBUG 2024-08-21 10:09:42,075 autoreload File /usr/local/lib/python3.8/selectors.py first seen with mtime 1723514906.0
DEBUG 2024-08-21 10:09:42,075 autoreload File /usr/local/lib/python3.8/site-packages/jinja2/optimizer.py first seen with mtime 1724206109.8070424
DEBUG 2024-08-21 10:09:42,075 autoreload File /usr/local/lib/python3.8/site-packages/pymysql/constants/COMMAND.py first seen with mtime 1724206067.4660294
DEBUG 2024-08-21 10:09:42,075 autoreload File /usr/local/lib/python3.8/site-packages/django/db/models/fields/reverse_related.py first seen with mtime 1724206123.618957
DEBUG 2024-08-21 10:09:42,075 autoreload File /usr/local/lib/python3.8/site-packages/django/db/models/sql/subqueries.py first seen with mtime 1724206123.628957
DEBUG 2024-08-21 10:09:42,075 autoreload File /usr/local/lib/python3.8/site-packages/django/views/generic/list.py first seen with mtime 1724206123.6889565
DEBUG 2024-08-21 10:09:42,076 autoreload File /usr/local/lib/python3.8/_markupbase.py first seen with mtime 1723514906.0
DEBUG 2024-08-21 10:09:42,076 autoreload File /usr/local/lib/python3.8/site-packages/django/middleware/cache.py first seen with mtime 1724206123.6489568
DEBUG 2024-08-21 10:09:42,076 autoreload File /usr/local/lib/python3.8/lib-dynload/_uuid.cpython-38-x86_64-linux-gnu.so first seen with mtime 1723514900.0
DEBUG 2024-08-21 10:09:42,076 autoreload File /usr/local/lib/python3.8/site-packages/django/forms/forms.py first seen with mtime 1724206123.628957
DEBUG 2024-08-21 10:09:42,076 autoreload File /usr/local/lib/python3.8/site-packages/django/db/models/functions/mixins.py first seen with mtime 1724206123.628957
DEBUG 2024-08-21 10:09:42,076 autoreload File /usr/local/lib/python3.8/site-packages/django/utils/duration.py first seen with mtime 1724206123.6689565
DEBUG 2024-08-21 10:09:42,076 autoreload File /usr/local/lib/python3.8/site-packages/django/utils/autoreload.py first seen with mtime 1724206123.6689565
DEBUG 2024-08-21 10:09:42,077 autoreload File /usr/local/lib/python3.8/_sitebuiltins.py first seen with mtime 1723514906.0
DEBUG 2024-08-21 10:09:42,077 autoreload File /usr/local/lib/python3.8/asyncio/selector_events.py first seen with mtime 1723514908.0
DEBUG 2024-08-21 10:09:42,077 autoreload File /usr/local/lib/python3.8/weakref.py first seen with mtime 1723514906.0
DEBUG 2024-08-21 10:09:42,077 autoreload File /usr/local/lib/python3.8/site-packages/django/utils/ipv6.py first seen with mtime 1724206123.6789565
DEBUG 2024-08-21 10:09:42,078 autoreload File /usr/local/lib/python3.8/site-packages/pymysql/constants/FIELD_TYPE.py first seen with mtime 1724206067.4660294
DEBUG 2024-08-21 10:09:42,078 autoreload File /usr/local/lib/python3.8/site-packages/django/contrib/staticfiles/finders.py first seen with mtime 1724206123.5489576
DEBUG 2024-08-21 10:09:42,078 autoreload File /usr/local/lib/python3.8/shutil.py first seen with mtime 1723514906.0
DEBUG 2024-08-21 10:09:42,079 autoreload File /usr/local/lib/python3.8/site-packages/django/contrib/messages/constants.py first seen with mtime 1724206123.1889606
DEBUG 2024-08-21 10:09:42,079 autoreload File /usr/local/lib/python3.8/asyncio/base_tasks.py first seen with mtime 1723514907.0
DEBUG 2024-08-21 10:09:42,080 autoreload File /usr/local/lib/python3.8/asyncio/events.py first seen with mtime 1723514907.0
DEBUG 2024-08-21 10:09:42,080 autoreload File /usr/local/lib/python3.8/site-packages/pymysql/constants/SERVER_STATUS.py first seen with mtime 1724206067.4660294
DEBUG 2024-08-21 10:09:42,080 autoreload File /usr/local/lib/python3.8/site-packages/django/views/generic/edit.py first seen with mtime 1724206123.6889565
DEBUG 2024-08-21 10:09:42,081 autoreload File /usr/local/lib/python3.8/mimetypes.py first seen with mtime 1723514906.0
DEBUG 2024-08-21 10:09:42,081 autoreload File /usr/local/lib/python3.8/site-packages/django/db/models/fields/files.py first seen with mtime 1724206123.618957
DEBUG 2024-08-21 10:09:42,081 autoreload File /usr/local/lib/python3.8/ssl.py first seen with mtime 1723514906.0
DEBUG 2024-08-21 10:09:42,082 autoreload File /usr/local/lib/python3.8/site-packages/django/db/__init__.py first seen with mtime 1724206123.5889573
DEBUG 2024-08-21 10:09:42,082 autoreload File /usr/local/lib/python3.8/site-packages/django/utils/cache.py first seen with mtime 1724206123.6689565
DEBUG 2024-08-21 10:09:42,082 autoreload File /usr/local/lib/python3.8/site-packages/pytz/__init__.py first seen with mtime 1724206060.1057923
DEBUG 2024-08-21 10:09:42,082 autoreload File /usr/local/lib/python3.8/site-packages/jinja2/_identifier.py first seen with mtime 1724206109.7970424
DEBUG 2024-08-21 10:09:42,082 autoreload File /usr/local/lib/python3.8/site-packages/jinja2/visitor.py first seen with mtime 1724206109.817042
DEBUG 2024-08-21 10:09:42,083 autoreload File /usr/local/lib/python3.8/site-packages/django/utils/encoding.py first seen with mtime 1724206123.6689565
DEBUG 2024-08-21 10:09:42,083 autoreload File /usr/local/lib/python3.8/site-packages/django/utils/translation/trans_real.py first seen with mtime 1724206123.6789565
DEBUG 2024-08-21 10:09:42,083 autoreload File /usr/local/lib/python3.8/re.py first seen with mtime 1723514906.0
DEBUG 2024-08-21 10:09:42,083 autoreload File /usr/local/lib/python3.8/copyreg.py first seen with mtime 1723514906.0
DEBUG 2024-08-21 10:09:42,083 autoreload File /usr/local/lib/python3.8/site-packages/django/contrib/admin/utils.py first seen with mtime 1724206122.2689683
DEBUG 2024-08-21 10:09:42,083 autoreload File /usr/local/lib/python3.8/site-packages/django/contrib/sessions/__init__.py first seen with mtime 1724206123.3389595
DEBUG 2024-08-21 10:09:42,084 autoreload File /usr/local/lib/python3.8/site-packages/django/db/migrations/operations/fields.py first seen with mtime 1724206123.608957
DEBUG 2024-08-21 10:09:42,084 autoreload File /usr/local/lib/python3.8/site-packages/django/utils/version.py first seen with mtime 1724206123.6789565
DEBUG 2024-08-21 10:09:42,084 autoreload File /usr/local/lib/python3.8/site-packages/markupsafe/__init__.py first seen with mtime 1724206081.215314
DEBUG 2024-08-21 10:09:42,084 autoreload File /usr/local/lib/python3.8/site-packages/django/contrib/auth/management/__init__.py first seen with mtime 1724206122.668965
DEBUG 2024-08-21 10:09:42,084 autoreload File /usr/local/lib/python3.8/site-packages/django/http/request.py first seen with mtime 1724206123.6389568
DEBUG 2024-08-21 10:09:42,084 autoreload File /usr/local/lib/python3.8/site-packages/pymysql/protocol.py first seen with mtime 1724206067.4660294
DEBUG 2024-08-21 10:09:42,084 autoreload File /usr/local/lib/python3.8/lib-dynload/_blake2.cpython-38-x86_64-linux-gnu.so first seen with mtime 1723514896.0
DEBUG 2024-08-21 10:09:42,085 autoreload File /usr/local/lib/python3.8/site-packages/jinja2/compiler.py first seen with mtime 1724206109.7970424
DEBUG 2024-08-21 10:09:42,085 autoreload File /usr/local/lib/python3.8/site-packages/django/contrib/sessions/apps.py first seen with mtime 1724206123.3389595
DEBUG 2024-08-21 10:09:42,085 autoreload File /usr/local/lib/python3.8/site-packages/django/utils/decorators.py first seen with mtime 1724206123.6689565
DEBUG 2024-08-21 10:09:42,085 autoreload File /usr/local/lib/python3.8/lib-dynload/_ssl.cpython-38-x86_64-linux-gnu.so first seen with mtime 1723514894.0
DEBUG 2024-08-21 10:09:42,085 autoreload File /usr/local/lib/python3.8/site-packages/django/db/transaction.py first seen with mtime 1724206123.5889573
DEBUG 2024-08-21 10:09:42,085 autoreload File /usr/local/lib/python3.8/concurrent/futures/__init__.py first seen with mtime 1723514908.0
DEBUG 2024-08-21 10:09:42,085 autoreload File /usr/local/lib/python3.8/site-packages/django/urls/__init__.py first seen with mtime 1724206123.6589568
DEBUG 2024-08-21 10:09:42,086 autoreload File /usr/local/lib/python3.8/_compat_pickle.py first seen with mtime 1723514906.0
DEBUG 2024-08-21 10:09:42,086 autoreload File /usr/local/lib/python3.8/configparser.py first seen with mtime 1723514906.0
DEBUG 2024-08-21 10:09:42,086 autoreload File /usr/local/lib/python3.8/sre_compile.py first seen with mtime 1723514906.0
DEBUG 2024-08-21 10:09:42,086 autoreload File /usr/local/lib/python3.8/site-packages/django/conf/__init__.py first seen with mtime 1724206122.1489694
DEBUG 2024-08-21 10:09:42,086 autoreload File /usr/local/lib/python3.8/site-packages/markupsafe/_speedups.cpython-38-x86_64-linux-gnu.so first seen with mtime 1724206081.215314
DEBUG 2024-08-21 10:09:42,087 autoreload File /code/backend/settings.py first seen with mtime 1724153768.5507045
DEBUG 2024-08-21 10:09:42,087 autoreload File /usr/local/lib/python3.8/site-packages/django/db/models/deletion.py first seen with mtime 1724206123.618957
DEBUG 2024-08-21 10:09:42,087 autoreload File /usr/local/lib/python3.8/email/utils.py first seen with mtime 1723514908.0
DEBUG 2024-08-21 10:09:42,088 autoreload File /usr/local/lib/python3.8/lib-dynload/_asyncio.cpython-38-x86_64-linux-gnu.so first seen with mtime 1723514890.0
DEBUG 2024-08-21 10:09:42,088 autoreload File /usr/local/lib/python3.8/subprocess.py first seen with mtime 1723514906.0
DEBUG 2024-08-21 10:09:42,088 autoreload File /usr/local/lib/python3.8/typing.py first seen with mtime 1723514906.0
DEBUG 2024-08-21 10:09:42,088 autoreload File /usr/local/lib/python3.8/importlib/util.py first seen with mtime 1723514907.0
DEBUG 2024-08-21 10:09:42,088 autoreload File /usr/local/lib/python3.8/site-packages/django/views/decorators/cache.py first seen with mtime 1724206123.6789565
DEBUG 2024-08-21 10:09:42,088 autoreload File /usr/local/lib/python3.8/ipaddress.py first seen with mtime 1723514906.0
DEBUG 2024-08-21 10:09:42,088 autoreload File /usr/local/lib/python3.8/site-packages/django/utils/functional.py first seen with mtime 1724206123.6689565
DEBUG 2024-08-21 10:09:42,089 autoreload File /usr/local/lib/python3.8/opcode.py first seen with mtime 1723514906.0
DEBUG 2024-08-21 10:09:42,089 autoreload File /usr/local/lib/python3.8/ast.py first seen with mtime 1723514906.0
DEBUG 2024-08-21 10:09:42,089 autoreload File /usr/local/lib/python3.8/site-packages/pymysql/constants/CR.py first seen with mtime 1724206067.4660294
DEBUG 2024-08-21 10:09:42,089 autoreload File /usr/local/lib/python3.8/site-packages/pymysql/constants/__init__.py first seen with mtime 1724206067.4760296
DEBUG 2024-08-21 10:09:42,089 autoreload File /usr/local/lib/python3.8/site-packages/django/views/decorators/csrf.py first seen with mtime 1724206123.6789565
DEBUG 2024-08-21 10:09:42,089 autoreload File /usr/local/lib/python3.8/logging/config.py first seen with mtime 1723514908.0
DEBUG 2024-08-21 10:09:42,089 autoreload File /usr/local/lib/python3.8/site-packages/django/utils/timezone.py first seen with mtime 1724206123.6789565
DEBUG 2024-08-21 10:09:42,089 autoreload File /usr/local/lib/python3.8/platform.py first seen with mtime 1723514906.0
DEBUG 2024-08-21 10:09:42,090 autoreload File /usr/local/lib/python3.8/site-packages/django/middleware/__init__.py first seen with mtime 1724206123.6489568
DEBUG 2024-08-21 10:09:42,090 autoreload File /usr/local/lib/python3.8/site-packages/django/template/backends/django.py first seen with mtime 1724206123.6489568
DEBUG 2024-08-21 10:09:42,090 autoreload File /usr/local/lib/python3.8/site-packages/django/utils/topological_sort.py first seen with mtime 1724206123.6789565
DEBUG 2024-08-21 10:09:42,090 autoreload File /usr/local/lib/python3.8/site-packages/django/db/models/functions/__init__.py first seen with mtime 1724206123.618957
DEBUG 2024-08-21 10:09:42,090 autoreload File /usr/local/lib/python3.8/lzma.py first seen with mtime 1723514906.0
DEBUG 2024-08-21 10:09:42,090 autoreload File /usr/local/lib/python3.8/site-packages/django/db/backends/__init__.py first seen with mtime 1724206123.5889573
DEBUG 2024-08-21 10:09:42,091 autoreload File /usr/local/lib/python3.8/site-packages/django/core/__init__.py first seen with mtime 1724206123.5589576
DEBUG 2024-08-21 10:09:42,091 autoreload File /usr/local/lib/python3.8/site-packages/django/template/__init__.py first seen with mtime 1724206123.6489568
DEBUG 2024-08-21 10:09:42,091 autoreload File /usr/local/lib/python3.8/distutils/version.py first seen with mtime 1723514909.0
DEBUG 2024-08-21 10:09:42,091 autoreload File /usr/local/lib/python3.8/site-packages/django/contrib/admin/checks.py first seen with mtime 1724206122.2689683
DEBUG 2024-08-21 10:09:42,092 autoreload File /code/app01/__init__.py first seen with mtime 1716868760.1943376
DEBUG 2024-08-21 10:09:42,092 autoreload File /usr/local/lib/python3.8/site-packages/django/utils/__init__.py first seen with mtime 1724206123.6689565
DEBUG 2024-08-21 10:09:42,093 autoreload File /usr/local/lib/python3.8/site-packages/django/core/handlers/__init__.py first seen with mtime 1724206123.5689573
DEBUG 2024-08-21 10:09:42,093 autoreload File /usr/local/lib/python3.8/site-packages/django/forms/fields.py first seen with mtime 1724206123.628957
DEBUG 2024-08-21 10:09:42,093 autoreload File /usr/local/lib/python3.8/site-packages/django/contrib/admin/widgets.py first seen with mtime 1724206122.2689683
DEBUG 2024-08-21 10:09:42,093 autoreload File /usr/local/lib/python3.8/site-packages/jinja2/utils.py first seen with mtime 1724206109.8070424
DEBUG 2024-08-21 10:09:42,093 autoreload File /usr/local/lib/python3.8/warnings.py first seen with mtime 1723514906.0
DEBUG 2024-08-21 10:09:42,094 autoreload File /usr/local/lib/python3.8/_compression.py first seen with mtime 1723514906.0
DEBUG 2024-08-21 10:09:42,094 autoreload File /usr/local/lib/python3.8/site-packages/django/db/migrations/exceptions.py first seen with mtime 1724206123.608957
DEBUG 2024-08-21 10:09:42,094 autoreload File /usr/local/lib/python3.8/_collections_abc.py first seen with mtime 1723514906.0
DEBUG 2024-08-21 10:09:42,095 autoreload File /usr/local/lib/python3.8/site-packages/jinja2/tests.py first seen with mtime 1724206109.8070424
DEBUG 2024-08-21 10:09:42,095 autoreload File /usr/local/lib/python3.8/random.py first seen with mtime 1723514906.0
DEBUG 2024-08-21 10:09:42,095 autoreload File /usr/local/lib/python3.8/site-packages/django/db/migrations/state.py first seen with mtime 1724206123.608957
DEBUG 2024-08-21 10:09:42,096 autoreload File /usr/local/lib/python3.8/lib-dynload/unicodedata.cpython-38-x86_64-linux-gnu.so first seen with mtime 1723514890.0
DEBUG 2024-08-21 10:09:42,096 autoreload File /usr/local/lib/python3.8/site-packages/django/contrib/admin/views/autocomplete.py first seen with mtime 1724206122.4689667
DEBUG 2024-08-21 10:09:42,096 autoreload File /usr/local/lib/python3.8/site-packages/django/utils/datastructures.py first seen with mtime 1724206123.6689565
DEBUG 2024-08-21 10:09:42,097 autoreload File /usr/local/lib/python3.8/site-packages/jinja2/exceptions.py first seen with mtime 1724206109.8070424
DEBUG 2024-08-21 10:09:42,097 autoreload File /usr/local/lib/python3.8/site-packages/django/__init__.py first seen with mtime 1724206122.1489694
DEBUG 2024-08-21 10:09:42,097 autoreload File /usr/local/lib/python3.8/site-packages/django/db/models/__init__.py first seen with mtime 1724206123.618957
DEBUG 2024-08-21 10:09:42,098 autoreload File /usr/local/lib/python3.8/site-packages/django/core/checks/security/__init__.py first seen with mtime 1724206123.5689573
DEBUG 2024-08-21 10:09:42,098 autoreload File /usr/local/lib/python3.8/site-packages/django/db/models/functions/datetime.py first seen with mtime 1724206123.628957
DEBUG 2024-08-21 10:09:42,098 autoreload File /usr/local/lib/python3.8/site-packages/django/db/models/manager.py first seen with mtime 1724206123.618957
DEBUG 2024-08-21 10:09:42,098 autoreload File /usr/local/lib/python3.8/site-packages/django/forms/renderers.py first seen with mtime 1724206123.628957
DEBUG 2024-08-21 10:09:42,098 autoreload File /usr/local/lib/python3.8/codecs.py first seen with mtime 1723514906.0
DEBUG 2024-08-21 10:09:42,099 autoreload File /usr/local/lib/python3.8/lib-dynload/math.cpython-38-x86_64-linux-gnu.so first seen with mtime 1723514886.0
DEBUG 2024-08-21 10:09:42,099 autoreload File /usr/local/lib/python3.8/site-packages/django/contrib/messages/storage/__init__.py first seen with mtime 1724206123.1889606
DEBUG 2024-08-21 10:09:42,099 autoreload File /usr/local/lib/python3.8/tempfile.py first seen with mtime 1723514906.0
DEBUG 2024-08-21 10:09:42,099 autoreload File /usr/local/lib/python3.8/site-packages/django/contrib/auth/signals.py first seen with mtime 1724206122.5889657
DEBUG 2024-08-21 10:09:42,099 autoreload File /usr/local/lib/python3.8/site-packages/django/utils/module_loading.py first seen with mtime 1724206123.6789565
DEBUG 2024-08-21 10:09:42,099 autoreload File /usr/local/lib/python3.8/site-packages/pymysql/charset.py first seen with mtime 1724206067.4660294
DEBUG 2024-08-21 10:09:42,099 autoreload File /usr/local/lib/python3.8/site-packages/django/contrib/admin/decorators.py first seen with mtime 1724206122.2689683
DEBUG 2024-08-21 10:09:42,099 autoreload File /usr/local/lib/python3.8/site-packages/django/apps/config.py first seen with mtime 1724206122.1489694
DEBUG 2024-08-21 10:09:42,100 autoreload File /usr/local/lib/python3.8/site-packages/django/views/decorators/__init__.py first seen with mtime 1724206123.6789565
DEBUG 2024-08-21 10:09:42,100 autoreload File /usr/local/lib/python3.8/site-packages/django/forms/formsets.py first seen with mtime 1724206123.628957
DEBUG 2024-08-21 10:09:42,100 autoreload File /usr/local/lib/python3.8/email/contentmanager.py first seen with mtime 1723514908.0
DEBUG 2024-08-21 10:09:42,100 autoreload File /usr/local/lib/python3.8/site-packages/django/core/files/uploadedfile.py first seen with mtime 1724206123.5689573
DEBUG 2024-08-21 10:09:42,100 autoreload File /usr/local/lib/python3.8/site-packages/django/db/models/query.py first seen with mtime 1724206123.618957
DEBUG 2024-08-21 10:09:42,100 autoreload File /usr/local/lib/python3.8/calendar.py first seen with mtime 1723514906.0
DEBUG 2024-08-21 10:09:42,100 autoreload File /usr/local/lib/python3.8/email/_policybase.py first seen with mtime 1723514908.0
DEBUG 2024-08-21 10:09:42,101 autoreload File /usr/local/lib/python3.8/site-packages/django/template/defaultfilters.py first seen with mtime 1724206123.6489568
DEBUG 2024-08-21 10:09:42,101 autoreload File /usr/local/lib/python3.8/json/scanner.py first seen with mtime 1723514908.0
DEBUG 2024-08-21 10:09:42,101 autoreload File /usr/local/lib/python3.8/site-packages/django/utils/tree.py first seen with mtime 1724206123.6789565
DEBUG 2024-08-21 10:09:42,101 autoreload File /usr/local/lib/python3.8/getpass.py first seen with mtime 1723514906.0
DEBUG 2024-08-21 10:09:42,101 autoreload File /usr/local/lib/python3.8/site-packages/django/http/response.py first seen with mtime 1724206123.6389568
DEBUG 2024-08-21 10:09:42,101 autoreload File /usr/local/lib/python3.8/site-packages/django/core/serializers/base.py first seen with mtime 1724206123.5889573
DEBUG 2024-08-21 10:09:42,101 autoreload File /usr/local/lib/python3.8/lib-dynload/grp.cpython-38-x86_64-linux-gnu.so first seen with mtime 1723514890.0
DEBUG 2024-08-21 10:09:42,101 autoreload File /usr/local/lib/python3.8/lib-dynload/_random.cpython-38-x86_64-linux-gnu.so first seen with mtime 1723514887.0
DEBUG 2024-08-21 10:09:42,102 autoreload File /usr/local/lib/python3.8/site-packages/asgiref/local.py first seen with mtime 1724206110.2470393
DEBUG 2024-08-21 10:09:42,102 autoreload File /usr/local/lib/python3.8/asyncio/format_helpers.py first seen with mtime 1723514907.0
DEBUG 2024-08-21 10:09:42,102 autoreload File /usr/local/lib/python3.8/site-packages/django/db/migrations/operations/models.py first seen with mtime 1724206123.618957
DEBUG 2024-08-21 10:09:42,102 autoreload File /usr/local/lib/python3.8/site-packages/django/contrib/contenttypes/__init__.py first seen with mtime 1724206122.6789649
DEBUG 2024-08-21 10:09:42,102 autoreload File /usr/local/lib/python3.8/site-packages/django/core/files/locks.py first seen with mtime 1724206123.5689573
DEBUG 2024-08-21 10:09:42,102 autoreload File /usr/local/lib/python3.8/site-packages/django/db/models/constants.py first seen with mtime 1724206123.618957
DEBUG 2024-08-21 10:09:42,103 autoreload File /usr/local/lib/python3.8/site-packages/django/db/backends/utils.py first seen with mtime 1724206123.5889573
DEBUG 2024-08-21 10:09:42,103 autoreload File /usr/local/lib/python3.8/abc.py first seen with mtime 1723514906.0
DEBUG 2024-08-21 10:09:42,103 autoreload File /usr/local/lib/python3.8/socketserver.py first seen with mtime 1723514906.0
DEBUG 2024-08-21 10:09:42,103 autoreload File /usr/local/lib/python3.8/site-packages/django/core/files/uploadhandler.py first seen with mtime 1724206123.5689573
DEBUG 2024-08-21 10:09:42,103 autoreload File /usr/local/lib/python3.8/datetime.py first seen with mtime 1723514906.0
DEBUG 2024-08-21 10:09:42,103 autoreload File /usr/local/lib/python3.8/site-packages/django/core/serializers/__init__.py first seen with mtime 1724206123.5889573
DEBUG 2024-08-21 10:09:42,103 autoreload File /usr/local/lib/python3.8/site-packages/pymysql/constants/CLIENT.py first seen with mtime 1724206067.4660294
DEBUG 2024-08-21 10:09:42,103 autoreload File /usr/local/lib/python3.8/site-packages/django/db/models/fields/related_lookups.py first seen with mtime 1724206123.618957
DEBUG 2024-08-21 10:09:42,104 autoreload File /usr/local/lib/python3.8/site-packages/django/utils/dateparse.py first seen with mtime 1724206123.6689565
DEBUG 2024-08-21 10:09:42,104 autoreload File /usr/local/lib/python3.8/site-packages/django/core/files/storage.py first seen with mtime 1724206123.5689573
DEBUG 2024-08-21 10:09:42,104 autoreload File /usr/local/lib/python3.8/email/mime/text.py first seen with mtime 1723514908.0
DEBUG 2024-08-21 10:09:42,104 autoreload File /usr/local/lib/python3.8/lib-dynload/_contextvars.cpython-38-x86_64-linux-gnu.so first seen with mtime 1723514886.0
DEBUG 2024-08-21 10:09:42,104 autoreload File /usr/local/lib/python3.8/site-packages/django/core/checks/database.py first seen with mtime 1724206123.5589576
DEBUG 2024-08-21 10:09:42,104 autoreload File /usr/local/lib/python3.8/email/_encoded_words.py first seen with mtime 1723514908.0
DEBUG 2024-08-21 10:09:42,105 autoreload File /usr/local/lib/python3.8/asyncio/log.py first seen with mtime 1723514907.0
DEBUG 2024-08-21 10:09:42,105 autoreload File /usr/local/lib/python3.8/functools.py first seen with mtime 1723514906.0
DEBUG 2024-08-21 10:09:42,105 autoreload File /usr/local/lib/python3.8/socket.py first seen with mtime 1723514906.0
DEBUG 2024-08-21 10:09:42,105 autoreload File /usr/local/lib/python3.8/lib-dynload/_socket.cpython-38-x86_64-linux-gnu.so first seen with mtime 1723514894.0
DEBUG 2024-08-21 10:09:42,105 autoreload File /usr/local/lib/python3.8/encodings/aliases.py first seen with mtime 1723514908.0
DEBUG 2024-08-21 10:09:42,105 autoreload File /usr/local/lib/python3.8/site-packages/django/http/multipartparser.py first seen with mtime 1724206123.6389568
DEBUG 2024-08-21 10:09:42,106 autoreload File /usr/local/lib/python3.8/site-packages/django/contrib/admin/__init__.py first seen with mtime 1724206122.2689683
DEBUG 2024-08-21 10:09:42,106 autoreload File /usr/local/lib/python3.8/hashlib.py first seen with mtime 1723514906.0
DEBUG 2024-08-21 10:09:42,106 autoreload File /usr/local/lib/python3.8/site-packages/pymysql/constants/ER.py first seen with mtime 1724206067.4660294
DEBUG 2024-08-21 10:09:42,106 autoreload File /usr/local/lib/python3.8/site-packages/django/apps/registry.py first seen with mtime 1724206122.1489694
DEBUG 2024-08-21 10:09:42,106 autoreload File /usr/local/lib/python3.8/uu.py first seen with mtime 1723514906.0
DEBUG 2024-08-21 10:09:42,106 autoreload File /usr/local/lib/python3.8/site-packages/django/template/backends/base.py first seen with mtime 1724206123.6489568
DEBUG 2024-08-21 10:09:42,107 autoreload File /usr/local/lib/python3.8/operator.py first seen with mtime 1723514906.0
DEBUG 2024-08-21 10:09:42,108 autoreload File /code/manage.py first seen with mtime 1724144515.065532
DEBUG 2024-08-21 10:09:42,108 autoreload File /usr/local/lib/python3.8/collections/abc.py first seen with mtime 1723514908.0
DEBUG 2024-08-21 10:09:42,108 autoreload File /usr/local/lib/python3.8/email/_header_value_parser.py first seen with mtime 1723514908.0
DEBUG 2024-08-21 10:09:42,108 autoreload File /usr/local/lib/python3.8/site-packages/django/utils/dates.py first seen with mtime 1724206123.6689565
DEBUG 2024-08-21 10:09:42,109 autoreload File /usr/local/lib/python3.8/site-packages/django/template/defaulttags.py first seen with mtime 1724206123.6489568
DEBUG 2024-08-21 10:09:42,109 autoreload File /usr/local/lib/python3.8/site-packages/django/db/migrations/operations/special.py first seen with mtime 1724206123.618957
DEBUG 2024-08-21 10:09:42,109 autoreload File /usr/local/lib/python3.8/email/__init__.py first seen with mtime 1723514908.0
DEBUG 2024-08-21 10:09:42,109 autoreload File /usr/local/lib/python3.8/site-packages/django/core/checks/model_checks.py first seen with mtime 1724206123.5589576
DEBUG 2024-08-21 10:09:42,109 autoreload File /usr/local/lib/python3.8/site-packages/django/dispatch/dispatcher.py first seen with mtime 1724206123.628957
DEBUG 2024-08-21 10:09:42,110 autoreload File /usr/local/lib/python3.8/email/mime/base.py first seen with mtime 1723514908.0
DEBUG 2024-08-21 10:09:42,110 autoreload File /usr/local/lib/python3.8/http/server.py first seen with mtime 1723514908.0
DEBUG 2024-08-21 10:09:42,110 autoreload File /usr/local/lib/python3.8/numbers.py first seen with mtime 1723514906.0
DEBUG 2024-08-21 10:09:42,110 autoreload File /usr/local/lib/python3.8/site-packages/django/db/models/fields/mixins.py first seen with mtime 1724206123.618957
DEBUG 2024-08-21 10:09:42,110 autoreload File /usr/local/lib/python3.8/site-packages/django/utils/log.py first seen with mtime 1724206123.6789565
DEBUG 2024-08-21 10:09:42,111 autoreload File /usr/local/lib/python3.8/site-packages/django/templatetags/static.py first seen with mtime 1724206123.6589568
DEBUG 2024-08-21 10:09:42,111 autoreload File /usr/local/lib/python3.8/site-packages/django/forms/models.py first seen with mtime 1724206123.628957
DEBUG 2024-08-21 10:09:42,111 autoreload File /usr/local/lib/python3.8/site-packages/django/http/__init__.py first seen with mtime 1724206123.6389568
DEBUG 2024-08-21 10:09:42,111 autoreload File /usr/local/lib/python3.8/stat.py first seen with mtime 1723514906.0
DEBUG 2024-08-21 10:09:42,111 autoreload File /usr/local/lib/python3.8/site-packages/django/utils/deconstruct.py first seen with mtime 1724206123.6689565
DEBUG 2024-08-21 10:09:42,112 autoreload File /usr/local/lib/python3.8/site-packages/django/db/models/lookups.py first seen with mtime 1724206123.618957
DEBUG 2024-08-21 10:09:42,112 autoreload File /usr/local/lib/python3.8/email/header.py first seen with mtime 1723514908.0
DEBUG 2024-08-21 10:09:42,112 autoreload File /usr/local/lib/python3.8/asyncio/subprocess.py first seen with mtime 1723514908.0
DEBUG 2024-08-21 10:09:42,112 autoreload File /usr/local/lib/python3.8/site-packages/django/db/models/fields/related_descriptors.py first seen with mtime 1724206123.618957
DEBUG 2024-08-21 10:09:42,112 autoreload File /usr/local/lib/python3.8/site-packages/django/contrib/admin/filters.py first seen with mtime 1724206122.2689683
DEBUG 2024-08-21 10:09:42,113 autoreload File /usr/local/lib/python3.8/site-packages/django/utils/timesince.py first seen with mtime 1724206123.6789565
DEBUG 2024-08-21 10:09:42,113 autoreload File /usr/local/lib/python3.8/sre_parse.py first seen with mtime 1723514906.0
DEBUG 2024-08-21 10:09:42,113 autoreload File /usr/local/lib/python3.8/site-packages/pymysql/converters.py first seen with mtime 1724206067.4660294
DEBUG 2024-08-21 10:09:42,113 autoreload File /usr/local/lib/python3.8/site-packages/django/urls/converters.py first seen with mtime 1724206123.6589568
DEBUG 2024-08-21 10:09:42,113 autoreload File /usr/local/lib/python3.8/lib-dynload/_queue.cpython-38-x86_64-linux-gnu.so first seen with mtime 1723514889.0
DEBUG 2024-08-21 10:09:42,113 autoreload File /usr/local/lib/python3.8/gzip.py first seen with mtime 1723514906.0
DEBUG 2024-08-21 10:09:42,114 autoreload File /usr/local/lib/python3.8/pkgutil.py first seen with mtime 1723514906.0
DEBUG 2024-08-21 10:09:42,114 autoreload File /usr/local/lib/python3.8/wsgiref/util.py first seen with mtime 1723514908.0
DEBUG 2024-08-21 10:09:42,114 autoreload File /usr/local/lib/python3.8/site-packages/django/db/migrations/__init__.py first seen with mtime 1724206123.608957
DEBUG 2024-08-21 10:09:42,114 autoreload File /usr/local/lib/python3.8/site-packages/django/template/smartif.py first seen with mtime 1724206123.6489568
DEBUG 2024-08-21 10:09:42,114 autoreload File /usr/local/lib/python3.8/site-packages/django/utils/html.py first seen with mtime 1724206123.6789565
DEBUG 2024-08-21 10:09:42,114 autoreload File /usr/local/lib/python3.8/site-packages/jinja2/nodes.py first seen with mtime 1724206109.8070424
DEBUG 2024-08-21 10:09:42,114 autoreload File /usr/local/lib/python3.8/site-packages/django/core/checks/translation.py first seen with mtime 1724206123.5589576
DEBUG 2024-08-21 10:09:42,115 autoreload File /usr/local/lib/python3.8/email/parser.py first seen with mtime 1723514908.0
DEBUG 2024-08-21 10:09:42,115 autoreload File /usr/local/lib/python3.8/site-packages/django/core/mail/__init__.py first seen with mtime 1724206123.5689573
DEBUG 2024-08-21 10:09:42,115 autoreload File /usr/local/lib/python3.8/site-packages/jinja2/__init__.py first seen with mtime 1724206109.7970424
DEBUG 2024-08-21 10:09:42,115 autoreload File /usr/local/lib/python3.8/lib-dynload/_struct.cpython-38-x86_64-linux-gnu.so first seen with mtime 1723514886.0
DEBUG 2024-08-21 10:09:42,115 autoreload File /usr/local/lib/python3.8/site-packages/jinja2/environment.py first seen with mtime 1724206109.7970424
DEBUG 2024-08-21 10:09:42,115 autoreload File /usr/local/lib/python3.8/asyncio/base_subprocess.py first seen with mtime 1723514907.0
DEBUG 2024-08-21 10:09:42,115 autoreload File /usr/local/lib/python3.8/wsgiref/simple_server.py first seen with mtime 1723514908.0
DEBUG 2024-08-21 10:09:42,115 autoreload File /usr/local/lib/python3.8/traceback.py first seen with mtime 1723514906.0
DEBUG 2024-08-21 10:09:42,116 autoreload File /usr/local/lib/python3.8/asyncio/base_events.py first seen with mtime 1723514907.0
DEBUG 2024-08-21 10:09:42,116 autoreload File /usr/local/lib/python3.8/token.py first seen with mtime 1723514906.0
DEBUG 2024-08-21 10:09:42,116 autoreload File /usr/local/lib/python3.8/site-packages/jinja2/lexer.py first seen with mtime 1724206109.8070424
DEBUG 2024-08-21 10:09:42,116 autoreload File /usr/local/lib/python3.8/site-packages/django/contrib/contenttypes/management/__init__.py first seen with mtime 1724206122.7289646
DEBUG 2024-08-21 10:09:42,116 autoreload File /usr/local/lib/python3.8/tokenize.py first seen with mtime 1723514906.0
DEBUG 2024-08-21 10:09:42,116 autoreload File /usr/local/lib/python3.8/lib-dynload/_posixsubprocess.cpython-38-x86_64-linux-gnu.so first seen with mtime 1723514891.0
DEBUG 2024-08-21 10:09:42,117 autoreload File /usr/local/lib/python3.8/asyncio/trsock.py first seen with mtime 1723514908.0
DEBUG 2024-08-21 10:09:42,117 autoreload File /usr/local/lib/python3.8/site-packages/django/template/library.py first seen with mtime 1724206123.6489568
DEBUG 2024-08-21 10:09:42,117 autoreload File /usr/local/lib/python3.8/queue.py first seen with mtime 1723514906.0
DEBUG 2024-08-21 10:09:42,117 autoreload File /usr/local/lib/python3.8/lib-dynload/_bisect.cpython-38-x86_64-linux-gnu.so first seen with mtime 1723514887.0
DEBUG 2024-08-21 10:09:42,117 autoreload File /usr/local/lib/python3.8/site-packages/django/utils/deprecation.py first seen with mtime 1724206123.6689565
DEBUG 2024-08-21 10:09:42,117 autoreload File /usr/local/lib/python3.8/email/message.py first seen with mtime 1723514908.0
DEBUG 2024-08-21 10:09:42,117 autoreload File /usr/local/lib/python3.8/lib-dynload/_bz2.cpython-38-x86_64-linux-gnu.so first seen with mtime 1723514897.0
DEBUG 2024-08-21 10:09:42,118 autoreload File /usr/local/lib/python3.8/json/__init__.py first seen with mtime 1723514908.0
DEBUG 2024-08-21 10:09:42,118 autoreload File /usr/local/lib/python3.8/site-packages/django/db/models/options.py first seen with mtime 1724206123.618957
DEBUG 2024-08-21 10:09:42,118 autoreload File /usr/local/lib/python3.8/site-packages/django/db/models/signals.py first seen with mtime 1724206123.618957
DEBUG 2024-08-21 10:09:42,118 autoreload File /usr/local/lib/python3.8/heapq.py first seen with mtime 1723514906.0
DEBUG 2024-08-21 10:09:42,118 autoreload File /usr/local/lib/python3.8/string.py first seen with mtime 1723514906.0
DEBUG 2024-08-21 10:09:42,118 autoreload File /usr/local/lib/python3.8/dis.py first seen with mtime 1723514906.0
DEBUG 2024-08-21 10:09:42,119 autoreload File /usr/local/lib/python3.8/site-packages/django/db/models/sql/where.py first seen with mtime 1724206123.628957
DEBUG 2024-08-21 10:09:42,119 autoreload File /usr/local/lib/python3.8/contextvars.py first seen with mtime 1723514906.0
DEBUG 2024-08-21 10:09:42,119 autoreload File /usr/local/lib/python3.8/site-packages/django/core/checks/registry.py first seen with mtime 1724206123.5589576
DEBUG 2024-08-21 10:09:42,119 autoreload File /usr/local/lib/python3.8/site-packages/jinja2/parser.py first seen with mtime 1724206109.8070424
DEBUG 2024-08-21 10:09:42,119 autoreload File /usr/local/lib/python3.8/site-packages/pytz/exceptions.py first seen with mtime 1724206060.1057923
DEBUG 2024-08-21 10:09:42,119 autoreload File /usr/local/lib/python3.8/encodings/latin_1.py first seen with mtime 1723514908.0
DEBUG 2024-08-21 10:09:42,119 autoreload File /usr/local/lib/python3.8/asyncio/__init__.py first seen with mtime 1723514907.0
DEBUG 2024-08-21 10:09:42,120 autoreload File /usr/local/lib/python3.8/site-packages/jinja2/filters.py first seen with mtime 1724206109.8070424
DEBUG 2024-08-21 10:09:42,120 autoreload File /usr/local/lib/python3.8/site-packages/django/db/models/fields/__init__.py first seen with mtime 1724206123.618957
DEBUG 2024-08-21 10:09:42,120 autoreload File /usr/local/lib/python3.8/site-packages/django/contrib/contenttypes/checks.py first seen with mtime 1724206122.6789649
DEBUG 2024-08-21 10:09:42,120 autoreload File /usr/local/lib/python3.8/lib-dynload/_heapq.cpython-38-x86_64-linux-gnu.so first seen with mtime 1723514887.0
DEBUG 2024-08-21 10:09:42,120 autoreload File /usr/local/lib/python3.8/site-packages/django/db/models/constraints.py first seen with mtime 1724206123.618957
DEBUG 2024-08-21 10:09:42,120 autoreload File /usr/local/lib/python3.8/http/__init__.py first seen with mtime 1723514908.0
DEBUG 2024-08-21 10:09:42,120 autoreload File /usr/local/lib/python3.8/email/mime/nonmultipart.py first seen with mtime 1723514908.0
DEBUG 2024-08-21 10:09:42,121 autoreload File /usr/local/lib/python3.8/site-packages/django/contrib/staticfiles/__init__.py first seen with mtime 1724206123.5489576
DEBUG 2024-08-21 10:09:42,121 autoreload File /usr/local/lib/python3.8/site-packages/django/utils/lorem_ipsum.py first seen with mtime 1724206123.6789565
DEBUG 2024-08-21 10:09:42,121 autoreload File /usr/local/lib/python3.8/html/entities.py first seen with mtime 1723514908.0
DEBUG 2024-08-21 10:09:42,121 autoreload File /usr/local/lib/python3.8/site-packages/django/contrib/staticfiles/apps.py first seen with mtime 1724206123.5489576
DEBUG 2024-08-21 10:09:42,121 autoreload File /usr/local/lib/python3.8/site-packages/django/core/validators.py first seen with mtime 1724206123.5589576
DEBUG 2024-08-21 10:09:42,122 autoreload File /usr/local/lib/python3.8/site-packages/django/urls/exceptions.py first seen with mtime 1724206123.6589568
DEBUG 2024-08-21 10:09:42,122 autoreload File /usr/local/lib/python3.8/site-packages/django/utils/crypto.py first seen with mtime 1724206123.6689565
DEBUG 2024-08-21 10:09:42,122 autoreload File /usr/local/lib/python3.8/pickle.py first seen with mtime 1723514906.0
DEBUG 2024-08-21 10:09:42,122 autoreload File /usr/local/lib/python3.8/site-packages/django/contrib/admin/sites.py first seen with mtime 1724206122.2689683
DEBUG 2024-08-21 10:09:42,122 autoreload File /usr/local/lib/python3.8/difflib.py first seen with mtime 1723514906.0
DEBUG 2024-08-21 10:09:42,123 autoreload File /usr/local/lib/python3.8/enum.py first seen with mtime 1723514906.0
DEBUG 2024-08-21 10:09:42,123 autoreload File /usr/local/lib/python3.8/importlib/__init__.py first seen with mtime 1723514907.0
DEBUG 2024-08-21 10:09:42,123 autoreload File /usr/local/lib/python3.8/site-packages/django/template/engine.py first seen with mtime 1724206123.6489568
DEBUG 2024-08-21 10:09:42,123 autoreload File /usr/local/lib/python3.8/email/errors.py first seen with mtime 1723514908.0
DEBUG 2024-08-21 10:09:42,123 autoreload File /usr/local/lib/python3.8/site-packages/django/contrib/messages/api.py first seen with mtime 1724206123.1889606
DEBUG 2024-08-21 10:09:42,124 autoreload File /usr/local/lib/python3.8/site-packages/django/core/mail/message.py first seen with mtime 1724206123.5689573
DEBUG 2024-08-21 10:09:42,124 autoreload File /usr/local/lib/python3.8/email/iterators.py first seen with mtime 1723514908.0
DEBUG 2024-08-21 10:09:42,124 autoreload File /usr/local/lib/python3.8/site-packages/django/conf/global_settings.py first seen with mtime 1724206122.1489694
DEBUG 2024-08-21 10:09:42,124 autoreload File /usr/local/lib/python3.8/site-packages/django/db/models/enums.py first seen with mtime 1724206123.618957
DEBUG 2024-08-21 10:09:42,124 autoreload File /usr/local/lib/python3.8/lib-dynload/binascii.cpython-38-x86_64-linux-gnu.so first seen with mtime 1723514897.0
DEBUG 2024-08-21 10:09:42,124 autoreload File /usr/local/lib/python3.8/bz2.py first seen with mtime 1723514906.0
DEBUG 2024-08-21 10:09:42,125 autoreload File /usr/local/lib/python3.8/http/cookies.py first seen with mtime 1723514908.0
DEBUG 2024-08-21 10:09:42,125 autoreload File /usr/local/lib/python3.8/site-packages/django/db/models/expressions.py first seen with mtime 1724206123.618957
DEBUG 2024-08-21 10:09:42,125 autoreload File /usr/local/lib/python3.8/email/base64mime.py first seen with mtime 1723514908.0
DEBUG 2024-08-21 10:09:42,125 autoreload File /usr/local/lib/python3.8/site-packages/django/apps/__init__.py first seen with mtime 1724206122.1489694
DEBUG 2024-08-21 10:09:42,125 autoreload File /usr/local/lib/python3.8/asyncio/constants.py first seen with mtime 1723514907.0
DEBUG 2024-08-21 10:09:42,125 autoreload File /usr/local/lib/python3.8/site-packages/django/core/mail/utils.py first seen with mtime 1724206123.5689573
DEBUG 2024-08-21 10:09:42,126 autoreload File /usr/local/lib/python3.8/site-packages/django/utils/_os.py first seen with mtime 1724206123.6689565
DEBUG 2024-08-21 10:09:42,126 autoreload File /usr/local/lib/python3.8/site-packages/django/contrib/admin/templatetags/admin_urls.py first seen with mtime 1724206122.4689667
DEBUG 2024-08-21 10:09:42,126 autoreload File /usr/local/lib/python3.8/os.py first seen with mtime 1723514906.0
DEBUG 2024-08-21 10:09:42,126 autoreload File /usr/local/lib/python3.8/concurrent/__init__.py first seen with mtime 1723514908.0
DEBUG 2024-08-21 10:09:42,126 autoreload File /usr/local/lib/python3.8/asyncio/base_futures.py first seen with mtime 1723514907.0
DEBUG 2024-08-21 10:09:42,127 autoreload File /usr/local/lib/python3.8/genericpath.py first seen with mtime 1723514906.0
DEBUG 2024-08-21 10:09:42,127 autoreload File /usr/local/lib/python3.8/site-packages/jinja2/defaults.py first seen with mtime 1724206109.7970424
DEBUG 2024-08-21 10:09:42,127 autoreload File /usr/local/lib/python3.8/reprlib.py first seen with mtime 1723514906.0
DEBUG 2024-08-21 10:09:42,127 autoreload File /usr/local/lib/python3.8/pathlib.py first seen with mtime 1723514906.0
DEBUG 2024-08-21 10:09:42,127 autoreload File /usr/local/lib/python3.8/site-packages/django/core/checks/urls.py first seen with mtime 1724206123.5589576
DEBUG 2024-08-21 10:09:42,127 autoreload File /usr/local/lib/python3.8/base64.py first seen with mtime 1723514906.0
DEBUG 2024-08-21 10:09:42,127 autoreload File /usr/local/lib/python3.8/site-packages/django/views/generic/base.py first seen with mtime 1724206123.6889565
DEBUG 2024-08-21 10:09:42,128 autoreload File /usr/local/lib/python3.8/lib-dynload/_json.cpython-38-x86_64-linux-gnu.so first seen with mtime 1723514888.0
DEBUG 2024-08-21 10:09:42,128 autoreload File /usr/local/lib/python3.8/site-packages/django/contrib/admin/views/__init__.py first seen with mtime 1724206122.4689667
DEBUG 2024-08-21 10:09:42,128 autoreload File /usr/local/lib/python3.8/site-packages/django/utils/formats.py first seen with mtime 1724206123.6689565
DEBUG 2024-08-21 10:09:42,128 autoreload File /usr/local/lib/python3.8/site-packages/django/template/exceptions.py first seen with mtime 1724206123.6489568
DEBUG 2024-08-21 10:09:42,128 autoreload File /usr/local/lib/python3.8/site-packages/django/views/i18n.py first seen with mtime 1724206123.6789565
DEBUG 2024-08-21 10:09:42,128 autoreload File /usr/local/lib/python3.8/importlib/abc.py first seen with mtime 1723514907.0
DEBUG 2024-08-21 10:09:42,128 autoreload File /usr/local/lib/python3.8/site-packages/django/utils/inspect.py first seen with mtime 1724206123.6789565
DEBUG 2024-08-21 10:09:42,129 autoreload File /usr/local/lib/python3.8/site-packages/django/utils/hashable.py first seen with mtime 1724206123.6689565
DEBUG 2024-08-21 10:09:42,129 autoreload File /usr/local/lib/python3.8/asyncio/runners.py first seen with mtime 1723514908.0
DEBUG 2024-08-21 10:09:42,129 autoreload File /usr/local/lib/python3.8/site-packages/django/views/debug.py first seen with mtime 1724206123.6789565
DEBUG 2024-08-21 10:09:42,129 autoreload File /usr/local/lib/python3.8/uuid.py first seen with mtime 1723514906.0
DEBUG 2024-08-21 10:09:42,129 autoreload File /usr/local/lib/python3.8/concurrent/futures/_base.py first seen with mtime 1723514908.0
DEBUG 2024-08-21 10:09:42,129 autoreload File /usr/local/lib/python3.8/site-packages/django/contrib/auth/__init__.py first seen with mtime 1724206122.5789657
DEBUG 2024-08-21 10:09:42,129 autoreload File /usr/local/lib/python3.8/site-packages/pymysql/times.py first seen with mtime 1724206067.4660294
DEBUG 2024-08-21 10:09:42,129 autoreload File /usr/local/lib/python3.8/site-packages/django/core/management/base.py first seen with mtime 1724206123.5789573
DEBUG 2024-08-21 10:09:42,130 autoreload File /usr/local/lib/python3.8/site-packages/django/contrib/auth/apps.py first seen with mtime 1724206122.5789657
DEBUG 2024-08-21 10:09:42,130 autoreload File /usr/local/lib/python3.8/site-packages/django/utils/datetime_safe.py first seen with mtime 1724206123.6689565
DEBUG 2024-08-21 10:09:42,130 autoreload File /usr/local/lib/python3.8/http/client.py first seen with mtime 1723514908.0
DEBUG 2024-08-21 10:09:42,130 autoreload File /usr/local/lib/python3.8/site-packages/django/core/cache/backends/base.py first seen with mtime 1724206123.5589576
DEBUG 2024-08-21 10:09:42,130 autoreload File /usr/local/lib/python3.8/site-packages/django/views/__init__.py first seen with mtime 1724206123.6789565
DEBUG 2024-08-21 10:09:42,130 autoreload File /usr/local/lib/python3.8/lib-dynload/select.cpython-38-x86_64-linux-gnu.so first seen with mtime 1723514890.0
DEBUG 2024-08-21 10:09:42,130 autoreload File /usr/local/lib/python3.8/site-packages/django/contrib/messages/apps.py first seen with mtime 1724206123.1889606
DEBUG 2024-08-21 10:09:42,131 autoreload File /usr/local/lib/python3.8/inspect.py first seen with mtime 1723514906.0
DEBUG 2024-08-21 10:09:42,131 autoreload File /usr/local/lib/python3.8/site-packages/django/forms/widgets.py first seen with mtime 1724206123.628957
DEBUG 2024-08-21 10:09:42,131 autoreload File /usr/local/lib/python3.8/secrets.py first seen with mtime 1723514906.0
DEBUG 2024-08-21 10:09:42,131 autoreload File /usr/local/lib/python3.8/site-packages/pytz/lazy.py first seen with mtime 1724206060.1057923
