DEBUG 2024-08-20 15:55:11,647 schema CREATE TABLE `django_migrations` (`id` bigint AUTO_INCREMENT NOT NULL PRIMARY KEY, `app` varchar(255) NOT NULL, `name` varchar(255) NOT NULL, `applied` datetime(6) NOT NULL); (params None)
DEBUG 2024-08-20 15:55:11,672 schema CREATE TABLE `django_content_type` (`id` integer AUTO_INCREMENT NOT NULL PRIMARY KEY, `name` varchar(100) NOT NULL, `app_label` varchar(100) NOT NULL, `model` varchar(100) NOT NULL); (params None)
DEBUG 2024-08-20 15:55:11,698 schema ALTER TABLE `django_content_type` ADD CONSTRAINT `django_content_type_app_label_model_76bd3d3b_uniq` UNIQUE (`app_label`, `model`); (params ())
DEBUG 2024-08-20 15:55:11,774 schema CREATE TABLE `auth_permission` (`id` integer AUTO_INCREMENT NOT NULL PRIMARY KEY, `name` varchar(50) NOT NULL, `content_type_id` integer NOT NULL, `codename` varchar(100) NOT NULL); (params None)
DEBUG 2024-08-20 15:55:11,820 schema CREATE TABLE `auth_group` (`id` integer AUTO_INCREMENT NOT NULL PRIMARY KEY, `name` varchar(80) NOT NULL UNIQUE); (params None)
DEBUG 2024-08-20 15:55:11,844 schema CREATE TABLE `auth_group_permissions` (`id` bigint AUTO_INCREMENT NOT NULL PRIMARY KEY, `group_id` integer NOT NULL, `permission_id` integer NOT NULL); (params None)
DEBUG 2024-08-20 15:55:11,917 schema CREATE TABLE `auth_user` (`id` integer AUTO_INCREMENT NOT NULL PRIMARY KEY, `password` varchar(128) NOT NULL, `last_login` datetime(6) NOT NULL, `is_superuser` bool NOT NULL, `username` varchar(30) NOT NULL UNIQUE, `first_name` varchar(30) NOT NULL, `last_name` varchar(30) NOT NULL, `email` varchar(75) NOT NULL, `is_staff` bool NOT NULL, `is_active` bool NOT NULL, `date_joined` datetime(6) NOT NULL); (params None)
DEBUG 2024-08-20 15:55:11,942 schema CREATE TABLE `auth_user_groups` (`id` bigint AUTO_INCREMENT NOT NULL PRIMARY KEY, `user_id` integer NOT NULL, `group_id` integer NOT NULL); (params None)
DEBUG 2024-08-20 15:55:12,123 schema CREATE TABLE `auth_user_user_permissions` (`id` bigint AUTO_INCREMENT NOT NULL PRIMARY KEY, `user_id` integer NOT NULL, `permission_id` integer NOT NULL); (params None)
DEBUG 2024-08-20 15:55:12,198 schema ALTER TABLE `auth_permission` ADD CONSTRAINT `auth_permission_content_type_id_codename_01ab375a_uniq` UNIQUE (`content_type_id`, `codename`); (params ())
DEBUG 2024-08-20 15:55:12,221 schema ALTER TABLE `auth_permission` ADD CONSTRAINT `auth_permission_content_type_id_2f476e4b_fk_django_co` FOREIGN KEY (`content_type_id`) REFERENCES `django_content_type` (`id`); (params ())
DEBUG 2024-08-20 15:55:12,256 schema ALTER TABLE `auth_group_permissions` ADD CONSTRAINT `auth_group_permissions_group_id_permission_id_0cd325b0_uniq` UNIQUE (`group_id`, `permission_id`); (params ())
DEBUG 2024-08-20 15:55:12,282 schema ALTER TABLE `auth_group_permissions` ADD CONSTRAINT `auth_group_permissions_group_id_b120cbf9_fk_auth_group_id` FOREIGN KEY (`group_id`) REFERENCES `auth_group` (`id`); (params ())
DEBUG 2024-08-20 15:55:12,310 schema ALTER TABLE `auth_group_permissions` ADD CONSTRAINT `auth_group_permissio_permission_id_84c5c92e_fk_auth_perm` FOREIGN KEY (`permission_id`) REFERENCES `auth_permission` (`id`); (params ())
DEBUG 2024-08-20 15:55:12,339 schema ALTER TABLE `auth_user_groups` ADD CONSTRAINT `auth_user_groups_user_id_group_id_94350c0c_uniq` UNIQUE (`user_id`, `group_id`); (params ())
DEBUG 2024-08-20 15:55:12,361 schema ALTER TABLE `auth_user_groups` ADD CONSTRAINT `auth_user_groups_user_id_6a12ed8b_fk_auth_user_id` FOREIGN KEY (`user_id`) REFERENCES `auth_user` (`id`); (params ())
DEBUG 2024-08-20 15:55:12,388 schema ALTER TABLE `auth_user_groups` ADD CONSTRAINT `auth_user_groups_group_id_97559544_fk_auth_group_id` FOREIGN KEY (`group_id`) REFERENCES `auth_group` (`id`); (params ())
DEBUG 2024-08-20 15:55:12,432 schema ALTER TABLE `auth_user_user_permissions` ADD CONSTRAINT `auth_user_user_permissions_user_id_permission_id_14a6b632_uniq` UNIQUE (`user_id`, `permission_id`); (params ())
DEBUG 2024-08-20 15:55:12,455 schema ALTER TABLE `auth_user_user_permissions` ADD CONSTRAINT `auth_user_user_permissions_user_id_a95ead1b_fk_auth_user_id` FOREIGN KEY (`user_id`) REFERENCES `auth_user` (`id`); (params ())
DEBUG 2024-08-20 15:55:12,487 schema ALTER TABLE `auth_user_user_permissions` ADD CONSTRAINT `auth_user_user_permi_permission_id_1fbb5f2c_fk_auth_perm` FOREIGN KEY (`permission_id`) REFERENCES `auth_permission` (`id`); (params ())
DEBUG 2024-08-20 15:55:12,537 schema CREATE TABLE `django_admin_log` (`id` integer AUTO_INCREMENT NOT NULL PRIMARY KEY, `action_time` datetime(6) NOT NULL, `object_id` longtext NULL, `object_repr` varchar(200) NOT NULL, `action_flag` smallint UNSIGNED NOT NULL CHECK (`action_flag` >= 0), `change_message` longtext NOT NULL, `content_type_id` integer NULL, `user_id` integer NOT NULL); (params None)
DEBUG 2024-08-20 15:55:12,641 schema ALTER TABLE `django_admin_log` ADD CONSTRAINT `django_admin_log_content_type_id_c4bce8eb_fk_django_co` FOREIGN KEY (`content_type_id`) REFERENCES `django_content_type` (`id`); (params ())
DEBUG 2024-08-20 15:55:12,676 schema ALTER TABLE `django_admin_log` ADD CONSTRAINT `django_admin_log_user_id_c564eba6_fk_auth_user_id` FOREIGN KEY (`user_id`) REFERENCES `auth_user` (`id`); (params ())
DEBUG 2024-08-20 15:55:12,781 schema CREATE TABLE `administrator_doctors` (`id` bigint AUTO_INCREMENT NOT NULL PRIMARY KEY, `identity_num` varchar(64) NOT NULL, `name` varchar(20) NOT NULL, `title` varchar(50) NOT NULL, `department` varchar(20) NOT NULL, `research` varchar(150) NULL, `cost` numeric(5, 2) NOT NULL, `avatar` varchar(100) NULL, `avatar_name` varchar(128) NOT NULL); (params None)
DEBUG 2024-08-20 15:55:12,804 schema CREATE TABLE `administrator_medicine` (`id` bigint AUTO_INCREMENT NOT NULL PRIMARY KEY, `name` varchar(50) NOT NULL, `medicine_type` smallint NOT NULL, `symptom` varchar(200) NOT NULL, `price` numeric(5, 2) NOT NULL, `quantity` integer NOT NULL, `photo_name` varchar(128) NOT NULL); (params None)
DEBUG 2024-08-20 15:55:12,855 schema ALTER TABLE `django_content_type` MODIFY `name` varchar(100) NULL; (params [])
DEBUG 2024-08-20 15:55:12,989 schema ALTER TABLE `django_content_type` DROP COLUMN `name`; (params ())
DEBUG 2024-08-20 15:55:13,048 schema ALTER TABLE `auth_permission` MODIFY `name` varchar(255) NOT NULL; (params [])
DEBUG 2024-08-20 15:55:13,101 schema ALTER TABLE `auth_user` MODIFY `email` varchar(254) NOT NULL; (params [])
DEBUG 2024-08-20 15:55:13,190 schema ALTER TABLE `auth_user` MODIFY `last_login` datetime(6) NULL; (params [])
DEBUG 2024-08-20 15:55:13,289 schema ALTER TABLE `auth_user` MODIFY `username` varchar(150) NOT NULL; (params [])
DEBUG 2024-08-20 15:55:13,370 schema ALTER TABLE `auth_user` MODIFY `last_name` varchar(150) NOT NULL; (params [])
DEBUG 2024-08-20 15:55:13,445 schema ALTER TABLE `auth_group` MODIFY `name` varchar(150) NOT NULL; (params [])
DEBUG 2024-08-20 15:55:13,618 schema ALTER TABLE `auth_user` MODIFY `first_name` varchar(150) NOT NULL; (params [])
DEBUG 2024-08-20 15:55:13,667 schema CREATE TABLE `django_session` (`session_key` varchar(40) NOT NULL PRIMARY KEY, `session_data` longtext NOT NULL, `expire_date` datetime(6) NOT NULL); (params None)
DEBUG 2024-08-20 15:55:13,722 schema CREATE INDEX `django_session_expire_date_a5c62663` ON `django_session` (`expire_date`); (params ())
