DEBUG 2024-08-20 17:37:26,370 schema CREATE TABLE `django_migrations` (`id` bigint AUTO_INCREMENT NOT NULL PRIMARY KEY, `app` varchar(255) NOT NULL, `name` varchar(255) NOT NULL, `applied` datetime(6) NOT NULL); (params None)
DEBUG 2024-08-20 17:37:26,388 schema CREATE TABLE `django_content_type` (`id` integer AUTO_INCREMENT NOT NULL PRIMARY KEY, `name` varchar(100) NOT NULL, `app_label` varchar(100) NOT NULL, `model` varchar(100) NOT NULL); (params None)
DEBUG 2024-08-20 17:37:26,404 schema ALTER TABLE `django_content_type` ADD CONSTRAINT `django_content_type_app_label_model_76bd3d3b_uniq` UNIQUE (`app_label`, `model`); (params ())
DEBUG 2024-08-20 17:37:26,449 schema CREATE TABLE `auth_permission` (`id` integer AUTO_INCREMENT NOT NULL PRIMARY KEY, `name` varchar(50) NOT NULL, `content_type_id` integer NOT NULL, `codename` varchar(100) NOT NULL); (params None)
DEBUG 2024-08-20 17:37:26,480 schema CREATE TABLE `auth_group` (`id` integer AUTO_INCREMENT NOT NULL PRIMARY KEY, `name` varchar(80) NOT NULL UNIQUE); (params None)
DEBUG 2024-08-20 17:37:26,492 schema CREATE TABLE `auth_group_permissions` (`id` bigint AUTO_INCREMENT NOT NULL PRIMARY KEY, `group_id` integer NOT NULL, `permission_id` integer NOT NULL); (params None)
DEBUG 2024-08-20 17:37:26,542 schema CREATE TABLE `auth_user` (`id` integer AUTO_INCREMENT NOT NULL PRIMARY KEY, `password` varchar(128) NOT NULL, `last_login` datetime(6) NOT NULL, `is_superuser` bool NOT NULL, `username` varchar(30) NOT NULL UNIQUE, `first_name` varchar(30) NOT NULL, `last_name` varchar(30) NOT NULL, `email` varchar(75) NOT NULL, `is_staff` bool NOT NULL, `is_active` bool NOT NULL, `date_joined` datetime(6) NOT NULL); (params None)
DEBUG 2024-08-20 17:37:26,563 schema CREATE TABLE `auth_user_groups` (`id` bigint AUTO_INCREMENT NOT NULL PRIMARY KEY, `user_id` integer NOT NULL, `group_id` integer NOT NULL); (params None)
DEBUG 2024-08-20 17:37:26,600 schema CREATE TABLE `auth_user_user_permissions` (`id` bigint AUTO_INCREMENT NOT NULL PRIMARY KEY, `user_id` integer NOT NULL, `permission_id` integer NOT NULL); (params None)
DEBUG 2024-08-20 17:37:26,641 schema ALTER TABLE `auth_permission` ADD CONSTRAINT `auth_permission_content_type_id_codename_01ab375a_uniq` UNIQUE (`content_type_id`, `codename`); (params ())
DEBUG 2024-08-20 17:37:26,658 schema ALTER TABLE `auth_permission` ADD CONSTRAINT `auth_permission_content_type_id_2f476e4b_fk_django_co` FOREIGN KEY (`content_type_id`) REFERENCES `django_content_type` (`id`); (params ())
DEBUG 2024-08-20 17:37:26,682 schema ALTER TABLE `auth_group_permissions` ADD CONSTRAINT `auth_group_permissions_group_id_permission_id_0cd325b0_uniq` UNIQUE (`group_id`, `permission_id`); (params ())
DEBUG 2024-08-20 17:37:26,701 schema ALTER TABLE `auth_group_permissions` ADD CONSTRAINT `auth_group_permissions_group_id_b120cbf9_fk_auth_group_id` FOREIGN KEY (`group_id`) REFERENCES `auth_group` (`id`); (params ())
DEBUG 2024-08-20 17:37:26,727 schema ALTER TABLE `auth_group_permissions` ADD CONSTRAINT `auth_group_permissio_permission_id_84c5c92e_fk_auth_perm` FOREIGN KEY (`permission_id`) REFERENCES `auth_permission` (`id`); (params ())
DEBUG 2024-08-20 17:37:26,755 schema ALTER TABLE `auth_user_groups` ADD CONSTRAINT `auth_user_groups_user_id_group_id_94350c0c_uniq` UNIQUE (`user_id`, `group_id`); (params ())
DEBUG 2024-08-20 17:37:26,774 schema ALTER TABLE `auth_user_groups` ADD CONSTRAINT `auth_user_groups_user_id_6a12ed8b_fk_auth_user_id` FOREIGN KEY (`user_id`) REFERENCES `auth_user` (`id`); (params ())
DEBUG 2024-08-20 17:37:26,797 schema ALTER TABLE `auth_user_groups` ADD CONSTRAINT `auth_user_groups_group_id_97559544_fk_auth_group_id` FOREIGN KEY (`group_id`) REFERENCES `auth_group` (`id`); (params ())
DEBUG 2024-08-20 17:37:26,822 schema ALTER TABLE `auth_user_user_permissions` ADD CONSTRAINT `auth_user_user_permissions_user_id_permission_id_14a6b632_uniq` UNIQUE (`user_id`, `permission_id`); (params ())
DEBUG 2024-08-20 17:37:26,838 schema ALTER TABLE `auth_user_user_permissions` ADD CONSTRAINT `auth_user_user_permissions_user_id_a95ead1b_fk_auth_user_id` FOREIGN KEY (`user_id`) REFERENCES `auth_user` (`id`); (params ())
DEBUG 2024-08-20 17:37:26,860 schema ALTER TABLE `auth_user_user_permissions` ADD CONSTRAINT `auth_user_user_permi_permission_id_1fbb5f2c_fk_auth_perm` FOREIGN KEY (`permission_id`) REFERENCES `auth_permission` (`id`); (params ())
DEBUG 2024-08-20 17:37:26,901 schema CREATE TABLE `django_admin_log` (`id` integer AUTO_INCREMENT NOT NULL PRIMARY KEY, `action_time` datetime(6) NOT NULL, `object_id` longtext NULL, `object_repr` varchar(200) NOT NULL, `action_flag` smallint UNSIGNED NOT NULL CHECK (`action_flag` >= 0), `change_message` longtext NOT NULL, `content_type_id` integer NULL, `user_id` integer NOT NULL); (params None)
DEBUG 2024-08-20 17:37:26,944 schema ALTER TABLE `django_admin_log` ADD CONSTRAINT `django_admin_log_content_type_id_c4bce8eb_fk_django_co` FOREIGN KEY (`content_type_id`) REFERENCES `django_content_type` (`id`); (params ())
DEBUG 2024-08-20 17:37:26,969 schema ALTER TABLE `django_admin_log` ADD CONSTRAINT `django_admin_log_user_id_c564eba6_fk_auth_user_id` FOREIGN KEY (`user_id`) REFERENCES `auth_user` (`id`); (params ())
DEBUG 2024-08-20 17:37:27,049 schema ALTER TABLE `django_content_type` MODIFY `name` varchar(100) NULL; (params [])
DEBUG 2024-08-20 17:37:27,114 schema ALTER TABLE `django_content_type` DROP COLUMN `name`; (params ())
DEBUG 2024-08-20 17:37:27,153 schema ALTER TABLE `auth_permission` MODIFY `name` varchar(255) NOT NULL; (params [])
DEBUG 2024-08-20 17:37:27,194 schema ALTER TABLE `auth_user` MODIFY `email` varchar(254) NOT NULL; (params [])
DEBUG 2024-08-20 17:37:27,254 schema ALTER TABLE `auth_user` MODIFY `last_login` datetime(6) NULL; (params [])
DEBUG 2024-08-20 17:37:27,322 schema ALTER TABLE `auth_user` MODIFY `username` varchar(150) NOT NULL; (params [])
DEBUG 2024-08-20 17:37:27,366 schema ALTER TABLE `auth_user` MODIFY `last_name` varchar(150) NOT NULL; (params [])
DEBUG 2024-08-20 17:37:27,410 schema ALTER TABLE `auth_group` MODIFY `name` varchar(150) NOT NULL; (params [])
DEBUG 2024-08-20 17:37:27,501 schema ALTER TABLE `auth_user` MODIFY `first_name` varchar(150) NOT NULL; (params [])
DEBUG 2024-08-20 17:37:27,564 schema CREATE TABLE `django_session` (`session_key` varchar(40) NOT NULL PRIMARY KEY, `session_data` longtext NOT NULL, `expire_date` datetime(6) NOT NULL); (params None)
DEBUG 2024-08-20 17:37:27,590 schema CREATE INDEX `django_session_expire_date_a5c62663` ON `django_session` (`expire_date`); (params ())
DEBUG 2024-08-20 17:37:27,620 schema CREATE TABLE `user_user` (`type` smallint NOT NULL, `identity_num` varchar(64) NOT NULL PRIMARY KEY, `password` varchar(64) NOT NULL); (params None)
